#
# A fatal error has been detected by the Java Runtime Environment:
#
#  SIGSEGV (0xb) at pc=0x000000010cb3b651, pid=5529, tid=0x0000000000000103
#
# JRE version: Java(TM) SE Runtime Environment (8.0_202-b08) (build 1.8.0_202-b08)
# Java VM: Java HotSpot(TM) 64-Bit Server VM (25.202-b08 mixed mode bsd-amd64 compressed oops)
# Problematic frame:
# C  [StataIC+0xc9651]
#
# Failed to write core dump. Core dumps have been disabled. To enable core dumping, try "ulimit -c unlimited" before starting Java again
#
# If you would like to submit a bug report, please visit:
#   http://bugreport.java.com/bugreport/crash.jsp
#

---------------  T H R E A D  ---------------

Current thread is native thread

siginfo: si_signo: 11 (SIGSEGV), si_code: 1 (SEGV_MAPERR), si_addr: 0x00007fef4a7fd000

Registers:
RAX=0x0000000000000063, RBX=0x00007fef510b1972, RCX=0x00007fef4a76e000, RDX=0x0000000000023c00
RSP=0x00007ffee3188440, RBP=0x00007ffee3188450, RSI=0x0000000000002f44, RDI=0x00007fef510af600
R8 =0x00007fef510af600, R9 =0x0000000000000000, R10=0x0000600001d85b00, R11=0x000000010e9c6da0
R12=0x0000000000000000, R13=0x0000600002f0fec0, R14=0x00007fef510af600, R15=0x00007fff7bb06b01
RIP=0x000000010cb3b651, EFLAGS=0x0000000000010206, ERR=0x0000000000000006
  TRAPNO=0x000000000000000e

Top of Stack: (sp=0x00007ffee3188440)
0x00007ffee3188440:   00007fef510af600 00007fef47305440
0x00007ffee3188450:   00007ffee3188470 000000010ca8f787
0x00007ffee3188460:   00006000001fe110 00007fff7bada9e1
0x00007ffee3188470:   00007ffee31884a0 00007fff230402f6
0x00007ffee3188480:   00007fff202da800 00006000001fe100
0x00007ffee3188490:   0000600003a63980 00007fff7bb06b01
0x00007ffee31884a0:   00007ffee31885e0 00007fff22f5d8ef
0x00007ffee31884b0:   0000000000000000 0000000000000000
0x00007ffee31884c0:   0000000000000000 0000000000000001
0x00007ffee31884d0:   00007fff7baab39f 00007fff7ba2b0a4
0x00007ffee31884e0:   00007fff7ba6fac8 00007fff7ba2b77e
0x00007ffee31884f0:   00007fff7ba2a930 00007fff7ba2b0dc
0x00007ffee3188500:   00007fff7ba2b14e 0000000000000000
0x00007ffee3188510:   00007fff7baf3841 00007fff7bb06af4
0x00007ffee3188520:   0000600003a63988 00007fff7ba2b4f3
0x00007ffee3188530:   00007fff7bb069fd 00007fff7ba2b0a4
0x00007ffee3188540:   00007fff7ba2b77e 00007fff7bab5ae3
0x00007ffee3188550:   00007fff7bb06b01 0000600001ad0a80
0x00007ffee3188560:   0000600002f15d40 0000600003a63980
0x00007ffee3188570:   0000000000000d15 0000000000000000
0x00007ffee3188580:   28665868fe5900a2 0000600002e5fcc0
0x00007ffee3188590:   00006000001fe100 00000001e3188708
0x00007ffee31885a0:   00006000021493e0 0000000000000000
0x00007ffee31885b0:   0000600002f0fec0 00007ffee3188708
0x00007ffee31885c0:   0000000000000001 00007ffee3188708
0x00007ffee31885d0:   0000000000000000 00007fff8074a000
0x00007ffee31885e0:   00007ffee3188660 00007fff22f66d72
0x00007ffee31885f0:   00007ffee3188610 00007fff202de4be
0x00007ffee3188600:   00007fff22f5f794 00006000001fe110
0x00007ffee3188610:   00007ffee3188660 00007fff22f5f7a4
0x00007ffee3188620:   00007fef4602b058 00007ffee31886a8
0x00007ffee3188630:   00007ffee3188660 00007ffee3188708 

Instructions: (pc=0x000000010cb3b651)
0x000000010cb3b631:   c3 66 66 66 66 66 2e 0f 1f 84 00 00 00 00 00 0f
0x000000010cb3b641:   be c0 48 8b 0d ae f6 48 01 48 63 15 b3 f6 48 01
0x000000010cb3b651:   89 04 91 8d 42 01 99 f7 3d aa f6 48 01 3b 15 9c
0x000000010cb3b661:   f6 48 01 75 0a e8 55 bf 50 00 eb 09 0f 1f 00 89 

Register to memory mapping:

RAX=0x0000000000000063 is an unknown value
RBX=0x00007fef510b1972 is an unknown value
RCX=0x00007fef4a76e000 is an unknown value
RDX=0x0000000000023c00 is an unknown value
RSP=0x00007ffee3188440 is an unknown value
RBP=0x00007ffee3188450 is an unknown value
RSI=0x0000000000002f44 is an unknown value
RDI=0x00007fef510af600 is an unknown value
R8 =0x00007fef510af600 is an unknown value
R9 =0x0000000000000000 is an unknown value
R10=0x0000600001d85b00 is an unknown value
R11=0x000000010e9c6da0: -[ScintillaView getGeneralProperty:parameter:extra:]+0 in /Applications/Stata/StataIC.app/Contents/Frameworks/Scintilla.framework/Versions/A/Scintilla at 0x000000010e9b4000
R12=0x0000000000000000 is an unknown value
R13=0x0000600002f0fec0 is an unknown value
R14=0x00007fef510af600 is an unknown value
R15=0x00007fff7bb06b01: GCC_except_table772+0x5b7fd1f1 in /usr/lib/libobjc.A.dylib at 0x00007fff202d4000


Stack: [0x00007ffee298e000,0x00007ffee318e000],  sp=0x00007ffee3188440,  free space=8169k
Native frames: (J=compiled Java code, j=interpreted, Vv=VM code, C=native code)
C  [StataIC+0xc9651]
C  [StataIC+0x1d787]
C  [AppKit+0x34a2f6]  -[NSTextInputContext(NSInputContext_WithCompletion) doCommandBySelector:completionHandler:]+0xec
C  [AppKit+0x2678ef]  -[NSKeyBindingManager(NSKeyBindingManager_MultiClients) interpretEventAsCommand:forClient:]+0x851
C  [AppKit+0x270d72]  __84-[NSTextInputContext _handleEvent:options:allowingSyntheticEvent:completionHandler:]_block_invoke_5+0x215
C  [AppKit+0xa18eb8]  __84-[NSTextInputContext _handleEvent:options:allowingSyntheticEvent:completionHandler:]_block_invoke_3.816+0x4a
C  [AppKit+0x270b3d]  -[NSTextInputContext tryHandleEvent_HasMarkedText_withDispatchCondition:dispatchWork:continuation:]+0x57
C  [AppKit+0xa18e3e]  __84-[NSTextInputContext _handleEvent:options:allowingSyntheticEvent:completionHandler:]_block_invoke.813+0xed
C  [HIToolbox+0x69371]  __TSMProcessRawKeyEventWithOptionsAndCompletionHandler_block_invoke_5+0x46
C  [HIToolbox+0x7b6ab]  ___ZL23DispatchEventToHandlersP14EventTargetRecP14OpaqueEventRefP14HandlerCallRec_block_invoke+0x6e
C  [AppKit+0xa14552]  __55-[NSTextInputContext handleTSMEvent:completionHandler:]_block_invoke.290+0x375
C  [AppKit+0x269738]  __55-[NSTextInputContext handleTSMEvent:completionHandler:]_block_invoke_2+0x4a
C  [AppKit+0x2696c0]  -[NSTextInputContext tryHandleTSMEvent_HasMarkedText_withDispatchCondition:dispatchWork:continuation:]+0x57
C  [AppKit+0x268c18]  -[NSTextInputContext handleTSMEvent:completionHandler:]+0x761
C  [AppKit+0x268442]  _NSTSMEventHandler+0x12b
C  [HIToolbox+0x9661]  _ZL23DispatchEventToHandlersP14EventTargetRecP14OpaqueEventRefP14HandlerCallRec+0x552
C  [HIToolbox+0x8a83]  _ZL30SendEventToEventTargetInternalP14OpaqueEventRefP20OpaqueEventTargetRefP14HandlerCallRec+0x14b
C  [HIToolbox+0x892c]  SendEventToEventTargetWithOptions+0x2d
C  [HIToolbox+0x657e6]  SendTSMEvent_WithCompletionHandler+0x17d
C  [HIToolbox+0x65c91]  __SendUnicodeTextAEToUnicodeDoc_WithCompletionHandler_block_invoke+0x183
C  [HIToolbox+0x65ae9]  __SendFilterTextEvent_WithCompletionHandler_block_invoke+0xb6
C  [HIToolbox+0x65834]  SendTSMEvent_WithCompletionHandler+0x1cb
C  [HIToolbox+0x6563c]  SendFilterTextEvent_WithCompletionHandler+0xe1
C  [HIToolbox+0x65319]  SendUnicodeTextAEToUnicodeDoc_WithCompletionHandler+0x115
C  [HIToolbox+0x650c6]  __utDeliverTSMEvent_WithCompletionHandler_block_invoke_2+0x119
C  [HIToolbox+0x64f26]  __utDeliverTSMEvent_WithCompletionHandler_block_invoke+0x162
C  [HIToolbox+0x64d7a]  TSMKeyEvent_WithCompletionHandler+0x24f
C  [HIToolbox+0x64b10]  __TSMProcessRawKeyEventWithOptionsAndCompletionHandler_block_invoke_4+0xfa
C  [HIToolbox+0x6498f]  __TSMProcessRawKeyEventWithOptionsAndCompletionHandler_block_invoke_3+0x101
C  [HIToolbox+0x6475b]  __TSMProcessRawKeyEventWithOptionsAndCompletionHandler_block_invoke_2+0x11a
C  [HIToolbox+0x6450e]  __TSMProcessRawKeyEventWithOptionsAndCompletionHandler_block_invoke+0x112
C  [HIToolbox+0x53303]  TSMProcessRawKeyEventWithOptionsAndCompletionHandler+0xd79
C  [AppKit+0xa18d3c]  __84-[NSTextInputContext _handleEvent:options:allowingSyntheticEvent:completionHandler:]_block_invoke_3.811+0x6e
C  [AppKit+0xa18a93]  __204-[NSTextInputContext tryTSMProcessRawKeyEvent_orSubstitution:dispatchCondition:setupForDispatch:furtherCondition:doubleSpaceSubstitutionCondition:doubleSpaceSubstitutionWork:dispatchTSMWork:continuation:]_block_invoke.768+0x78
C  [AppKit+0x266f3f]  -[NSTextInputContext tryTSMProcessRawKeyEvent_orSubstitution:dispatchCondition:setupForDispatch:furtherCondition:doubleSpaceSubstitutionCondition:doubleSpaceSubstitutionWork:dispatchTSMWork:continuation:]+0xf5
C  [AppKit+0x26694b]  -[NSTextInputContext _handleEvent:options:allowingSyntheticEvent:completionHandler:]+0x590
C  [AppKit+0x26637e]  -[NSTextInputContext _handleEvent:allowingSyntheticEvent:]+0x69
C  [AppKit+0x266273]  -[NSView interpretKeyEvents:]+0xd1
C  [Scintilla+0x10552]  -[SCIContentView keyDown:]+0x89
C  [StataIC+0x6beab1]
C  [AppKit+0x1c99c8]  -[NSWindow(NSEventRouting) _reallySendEvent:isDelayedEvent:]+0x1952
C  [AppKit+0x1c7e56]  -[NSWindow(NSEventRouting) sendEvent:]+0x15b
C  [AppKit+0x1c6cd1]  -[NSApplication(NSEvent) sendEvent:]+0xbcd
C  [StataIC+0x1aadd]
C  [StataIC+0x1ac0a]
C  [StataIC+0x1afb6]
C  [StataIC+0x6790c2]
C  [StataIC+0xc8fb5]
C  [StataIC+0x5d5954]
C  [StataIC+0x5d5631]
C  [StataIC+0x4081bf]
C  [StataIC+0x6126d6]
C  [libdyld.dylib+0x15f5d]  start+0x1


---------------  P R O C E S S  ---------------

VM state:not at safepoint (normal execution)

VM Mutex/Monitor currently owned by a thread: None

heap address: 0x00000007a8000000, size: 384 MB, Compressed Oops mode: Zero based, Oop shift amount: 3
Narrow klass base: 0x0000000000000000, Narrow klass shift: 3
Compressed class space size: 1073741824 Address: 0x00000007c0000000

Heap:
 par new generation   total 39296K, used 22534K [0x00000007a8000000, 0x00000007aaaa0000, 0x00000007b0000000)
  eden space 34944K,  64% used [0x00000007a8000000, 0x00000007a9601888, 0x00000007aa220000)
  from space 4352K,   0% used [0x00000007aa220000, 0x00000007aa220000, 0x00000007aa660000)
  to   space 4352K,   0% used [0x00000007aa660000, 0x00000007aa660000, 0x00000007aaaa0000)
 concurrent mark-sweep generation total 87424K, used 0K [0x00000007b0000000, 0x00000007b5560000, 0x00000007c0000000)
 Metaspace       used 10254K, capacity 10556K, committed 10752K, reserved 1058816K
  class space    used 1128K, capacity 1229K, committed 1280K, reserved 1048576K

Card table byte_map: [0x0000000116864000,0x0000000116925000] byte_map_base: 0x0000000112b24000

Marking Bits: (CMSBitMap*) 0x00007fef45868d48
 Bits: [0x00000001169a6000, 0x0000000116da6000)

Mod Union Table: (CMSBitMap*) 0x00007fef45868e08
 Bits: [0x0000000116da7000, 0x0000000116db7000)

Polling page: 0x000000011641f000

CodeCache: size=245760Kb used=3531Kb max_used=3542Kb free=242228Kb
 bounds [0x0000000124961000, 0x0000000124ce1000, 0x0000000133961000]
 total_blobs=1365 nmethods=996 adapters=283
 compilation: enabled

Compilation events (10 events):
Event: 1.442 Thread 0x00007fef46c27800  991       3       jdk.internal.org.objectweb.asm.Frame::pop (45 bytes)
Event: 1.442 Thread 0x00007fef46c27800 nmethod 991 0x0000000124cd5510 code [0x0000000124cd5680, 0x0000000124cd5850]
Event: 1.442 Thread 0x00007fef46c27800  992       3       java.lang.Class::getEnclosingMethodInfo (21 bytes)
Event: 1.442 Thread 0x00007fef46c27800 nmethod 992 0x0000000124cd5910 code [0x0000000124cd5aa0, 0x0000000124cd5cf8]
Event: 1.443 Thread 0x00007fef46c12000  994       4       java.util.regex.Pattern$BmpCharProperty::match (50 bytes)
Event: 1.443 Thread 0x00007fef46c27000  995       4       java.util.AbstractList::<init> (10 bytes)
Event: 1.444 Thread 0x00007fef46c27000 nmethod 995 0x0000000124ccdbd0 code [0x0000000124ccdd20, 0x0000000124ccdd78]
Event: 1.444 Thread 0x00007fef46c27800  996       3       java.io.BufferedReader::readLine (6 bytes)
Event: 1.444 Thread 0x00007fef46c27800 nmethod 996 0x0000000124cd8650 code [0x0000000124cd87c0, 0x0000000124cd8968]
Event: 1.445 Thread 0x00007fef46c12000 nmethod 994 0x0000000124cd6b50 code [0x0000000124cd6cc0, 0x0000000124cd6eb8]

GC Heap History (0 events):
No events

Deoptimization events (10 events):
Event: 0.417 Thread 0x00007fef45af4800 Uncommon trap: reason=unstable_if action=reinterpret pc=0x0000000124b5ea64 method=java.util.regex.Pattern$BmpCharProperty.match(Ljava/util/regex/Matcher;ILjava/lang/CharSequence;)Z @ 5
Event: 0.537 Thread 0x00007fef45af4800 Uncommon trap: reason=unstable_if action=reinterpret pc=0x0000000124b458e8 method=java.lang.CharacterDataLatin1.digit(II)I @ 82
Event: 0.843 Thread 0x00007fef45af4800 Uncommon trap: reason=unstable_if action=reinterpret pc=0x0000000124b47c1c method=java.lang.CharacterDataLatin1.digit(II)I @ 82
Event: 1.087 Thread 0x00007fef45af4800 Uncommon trap: reason=unstable_if action=reinterpret pc=0x0000000124c081ec method=java.util.Arrays.equals([B[B)Z @ 41
Event: 1.099 Thread 0x00007fef45af4800 Uncommon trap: reason=unstable_if action=reinterpret pc=0x0000000124c27e28 method=java.math.BigInteger.addOne([IIII)I @ 55
Event: 1.443 Thread 0x00007fef45af4800 Uncommon trap: reason=bimorphic action=maybe_recompile pc=0x0000000124c7e8c4 method=java.util.regex.Pattern$BmpCharProperty.match(Ljava/util/regex/Matcher;ILjava/lang/CharSequence;)Z @ 16
Event: 1.443 Thread 0x00007fef45af4800 Uncommon trap: reason=bimorphic action=maybe_recompile pc=0x0000000124c7e8c4 method=java.util.regex.Pattern$BmpCharProperty.match(Ljava/util/regex/Matcher;ILjava/lang/CharSequence;)Z @ 16
Event: 1.443 Thread 0x00007fef45af4800 Uncommon trap: reason=bimorphic action=maybe_recompile pc=0x0000000124c7e8c4 method=java.util.regex.Pattern$BmpCharProperty.match(Ljava/util/regex/Matcher;ILjava/lang/CharSequence;)Z @ 16
Event: 1.443 Thread 0x00007fef45af4800 Uncommon trap: reason=bimorphic action=maybe_recompile pc=0x0000000124c7e8c4 method=java.util.regex.Pattern$BmpCharProperty.match(Ljava/util/regex/Matcher;ILjava/lang/CharSequence;)Z @ 16
Event: 1.444 Thread 0x00007fef45af4800 Uncommon trap: reason=unstable_if action=reinterpret pc=0x0000000124c7f070 method=java.util.HashMap$HashIterator.<init>(Ljava/util/HashMap;)V @ 45

Classes redefined (0 events):
No events

Internal exceptions (8 events):
Event: 0.059 Thread 0x00007fef45a57000 Exception <a 'java/lang/NoSuchMethodError': Method sun.misc.Unsafe.defineClass(Ljava/lang/String;[BII)Ljava/lang/Class; name or signature does not match> (0x00000007a8007cb0) thrown at [/Users/java_re/workspace/8-2-build-macosx-x86_64/jdk8u202/12323/hotsp
Event: 0.059 Thread 0x00007fef45a57000 Exception <a 'java/lang/NoSuchMethodError': Method sun.misc.Unsafe.prefetchRead(Ljava/lang/Object;J)V name or signature does not match> (0x00000007a8007f98) thrown at [/Users/java_re/workspace/8-2-build-macosx-x86_64/jdk8u202/12323/hotspot/src/share/vm/pr
Event: 0.207 Thread 0x00007fef45a57000 Exception <a 'java/lang/NoSuchFieldError': method resolution failed> (0x00000007a8257018) thrown at [/Users/java_re/workspace/8-2-build-macosx-x86_64/jdk8u202/12323/hotspot/src/share/vm/prims/methodHandles.cpp, line 1167]
Event: 0.209 Thread 0x00007fef45a57000 Exception <a 'java/lang/NoSuchFieldError': method resolution failed> (0x00000007a8264418) thrown at [/Users/java_re/workspace/8-2-build-macosx-x86_64/jdk8u202/12323/hotspot/src/share/vm/prims/methodHandles.cpp, line 1167]
Event: 0.262 Thread 0x00007fef45af4800 Exception <a 'java/security/PrivilegedActionException'> (0x00000007a83ed3e8) thrown at [/Users/java_re/workspace/8-2-build-macosx-x86_64/jdk8u202/12323/hotspot/src/share/vm/prims/jvm.cpp, line 1502]
Event: 0.262 Thread 0x00007fef45af4800 Exception <a 'java/security/PrivilegedActionException'> (0x00000007a83ed5f8) thrown at [/Users/java_re/workspace/8-2-build-macosx-x86_64/jdk8u202/12323/hotspot/src/share/vm/prims/jvm.cpp, line 1502]
Event: 0.262 Thread 0x00007fef45af4800 Exception <a 'java/security/PrivilegedActionException'> (0x00000007a83f0e30) thrown at [/Users/java_re/workspace/8-2-build-macosx-x86_64/jdk8u202/12323/hotspot/src/share/vm/prims/jvm.cpp, line 1502]
Event: 0.262 Thread 0x00007fef45af4800 Exception <a 'java/security/PrivilegedActionException'> (0x00000007a83f1040) thrown at [/Users/java_re/workspace/8-2-build-macosx-x86_64/jdk8u202/12323/hotspot/src/share/vm/prims/jvm.cpp, line 1502]

Events (10 events):
Event: 1.443 Thread 0x00007fef45af4800 Uncommon trap: trap_request=0xffffffc6 fr.pc=0x0000000124c7e8c4
Event: 1.443 Thread 0x00007fef45af4800 DEOPT PACKING pc=0x0000000124c7e8c4 sp=0x000070000abdd320
Event: 1.443 Thread 0x00007fef45af4800 DEOPT UNPACKING pc=0x00000001249a673a sp=0x000070000abdd2f0 mode 2
Event: 1.444 Thread 0x00007fef45af4800 Uncommon trap: trap_request=0xffffff65 fr.pc=0x0000000124c7f070
Event: 1.444 Thread 0x00007fef45af4800 DEOPT PACKING pc=0x0000000124c7f070 sp=0x000070000abdd2c0
Event: 1.444 Thread 0x00007fef45af4800 DEOPT UNPACKING pc=0x00000001249a673a sp=0x000070000abdd280 mode 2
Event: 1.444 Thread 0x00007fef45af4800 Thread exited: 0x00007fef45af4800
Event: 4.144 Executing VM operation: EnableBiasedLocking
Event: 4.145 Executing VM operation: EnableBiasedLocking done
Event: 6.433 Thread 0x00007fef4900b000 Thread exited: 0x00007fef4900b000


Dynamic libraries:
0x00007fff33160000 	/System/Library/Frameworks/ApplicationServices.framework/Versions/A/ApplicationServices
0x00007fff34f53000 	/System/Library/Frameworks/Cocoa.framework/Versions/A/Cocoa
0x00007fff26c97000 	/System/Library/Frameworks/QuartzCore.framework/Versions/A/QuartzCore
0x00007fff20f75000 	/System/Library/Frameworks/SystemConfiguration.framework/Versions/A/SystemConfiguration
0x000000010e9b4000 	/Applications/Stata/StataIC.app/Contents/Frameworks/Scintilla.framework/Versions/A/Scintilla
0x00007fff2039a000 	/usr/lib/libc++.1.dylib
0x00007fff21261000 	/System/Library/Frameworks/Foundation.framework/Versions/C/Foundation
0x00007fff202d4000 	/usr/lib/libobjc.A.dylib
0x00007fff2a60d000 	/usr/lib/libSystem.B.dylib
0x00007fff22cf6000 	/System/Library/Frameworks/AppKit.framework/Versions/C/AppKit
0x00007fff204b4000 	/System/Library/Frameworks/CoreFoundation.framework/Versions/A/CoreFoundation
0x00007fff25032000 	/System/Library/Frameworks/CoreGraphics.framework/Versions/A/CoreGraphics
0x00007fff2ffa1000 	/System/Library/Frameworks/CoreServices.framework/Versions/A/CoreServices
0x00007fff21a51000 	/System/Library/Frameworks/CoreText.framework/Versions/A/CoreText
0x00007fff28a7f000 	/System/Library/Frameworks/ImageIO.framework/Versions/A/ImageIO
0x00007fff256bc000 	/System/Library/Frameworks/ColorSync.framework/Versions/A/ColorSync
0x00007fff2ce3b000 	/System/Library/Frameworks/ApplicationServices.framework/Versions/A/Frameworks/ATS.framework/Versions/A/ATS
0x00007fff2d14e000 	/System/Library/Frameworks/ApplicationServices.framework/Versions/A/Frameworks/ColorSyncLegacy.framework/Versions/A/ColorSyncLegacy
0x00007fff257b3000 	/System/Library/Frameworks/ApplicationServices.framework/Versions/A/Frameworks/HIServices.framework/Versions/A/HIServices
0x00007fff2d133000 	/System/Library/Frameworks/ApplicationServices.framework/Versions/A/Frameworks/LangAnalysis.framework/Versions/A/LangAnalysis
0x00007fff2bde8000 	/System/Library/Frameworks/ApplicationServices.framework/Versions/A/Frameworks/PrintCore.framework/Versions/A/PrintCore
0x00007fff2d156000 	/System/Library/Frameworks/ApplicationServices.framework/Versions/A/Frameworks/QD.framework/Versions/A/QD
0x00007fff2ce2b000 	/System/Library/Frameworks/ApplicationServices.framework/Versions/A/Frameworks/SpeechSynthesis.framework/Versions/A/SpeechSynthesis
0x00007fff24ccd000 	/System/Library/PrivateFrameworks/SkyLight.framework/Versions/A/SkyLight
0x00007fff285e0000 	/System/Library/PrivateFrameworks/FontServices.framework/libFontParser.dylib
0x00007fff3015d000 	/System/Library/Frameworks/Accelerate.framework/Versions/A/Accelerate
0x00007fff28398000 	/System/Library/Frameworks/IOSurface.framework/Versions/A/IOSurface
0x00007fff2729c000 	/usr/lib/libxml2.2.dylib
0x00007fff24792000 	/System/Library/Frameworks/CFNetwork.framework/Versions/A/CFNetwork
0x00007fff2a545000 	/usr/lib/libz.1.dylib
0x00007fff262b4000 	/System/Library/PrivateFrameworks/RunningBoardServices.framework/Versions/A/RunningBoardServices
0x00007fff24c41000 	/usr/lib/libMobileGestalt.dylib
0x00007fff2bb00000 	/System/Library/PrivateFrameworks/WatchdogClient.framework/Versions/A/WatchdogClient
0x00007fff2a884000 	/usr/lib/libcompression.dylib
0x00007fff2653d000 	/usr/lib/libDiagnosticMessagesClient.dylib
0x00007fff216a9000 	/System/Library/Frameworks/CoreDisplay.framework/Versions/A/CoreDisplay
0x00007fff284f5000 	/System/Library/Frameworks/CoreMedia.framework/Versions/A/CoreMedia
0x00007fff283aa000 	/System/Library/PrivateFrameworks/IOAccelerator.framework/Versions/A/IOAccelerator
0x00007fff22bed000 	/System/Library/Frameworks/IOKit.framework/Versions/A/IOKit
0x00007fff283b4000 	/System/Library/Frameworks/Metal.framework/Versions/A/Metal
0x00007fff2737f000 	/System/Library/Frameworks/CoreVideo.framework/Versions/A/CoreVideo
0x00007fff2a87d000 	/System/Library/Frameworks/MetalPerformanceShaders.framework/Versions/A/MetalPerformanceShaders
0x00007fff2bb04000 	/System/Library/PrivateFrameworks/MultitouchSupport.framework/Versions/A/MultitouchSupport
0x00007fff222c8000 	/System/Library/Frameworks/Security.framework/Versions/A/Security
0x00007fff29dc0000 	/usr/lib/libbsm.0.dylib
0x00007fff2a613000 	/System/Library/PrivateFrameworks/SoftLinking.framework/Versions/A/SoftLinking
0x00007fff2650d000 	/System/Library/PrivateFrameworks/CoreAnalytics.framework/Versions/A/CoreAnalytics
0x00007fff2bb3b000 	/System/Library/Frameworks/VideoToolbox.framework/Versions/A/VideoToolbox
0x00007fff26234000 	/System/Library/PrivateFrameworks/BaseBoard.framework/Versions/A/BaseBoard
0x00007fff2721f000 	/System/Library/Frameworks/CoreServices.framework/Versions/A/Frameworks/FSEvents.framework/Versions/A/FSEvents
0x00007fff22887000 	/System/Library/Frameworks/CoreServices.framework/Versions/A/Frameworks/CarbonCore.framework/Versions/A/CarbonCore
0x00007fff2658d000 	/System/Library/Frameworks/CoreServices.framework/Versions/A/Frameworks/Metadata.framework/Versions/A/Metadata
0x00007fff2a349000 	/System/Library/Frameworks/CoreServices.framework/Versions/A/Frameworks/OSServices.framework/Versions/A/OSServices
0x00007fff2a7c1000 	/System/Library/Frameworks/CoreServices.framework/Versions/A/Frameworks/SearchKit.framework/Versions/A/SearchKit
0x00007fff262fd000 	/System/Library/Frameworks/CoreServices.framework/Versions/A/Frameworks/AE.framework/Versions/A/AE
0x00007fff20952000 	/System/Library/Frameworks/CoreServices.framework/Versions/A/Frameworks/LaunchServices.framework/Versions/A/LaunchServices
0x00007fff2ac48000 	/System/Library/Frameworks/CoreServices.framework/Versions/A/Frameworks/DictionaryServices.framework/Versions/A/DictionaryServices
0x00007fff2722c000 	/System/Library/Frameworks/CoreServices.framework/Versions/A/Frameworks/SharedFileList.framework/Versions/A/SharedFileList
0x00007fff2a84e000 	/usr/lib/libapple_nghttp2.dylib
0x00007fff2261d000 	/usr/lib/libicucore.A.dylib
0x00007fff2410b000 	/usr/lib/libnetwork.dylib
0x00007fff25feb000 	/usr/lib/libsqlite3.dylib
0x00007fff2a5da000 	/usr/lib/liboah.dylib
0x00007fff2a60f000 	/usr/lib/libfakelink.dylib
0x00007fff203f0000 	/usr/lib/libc++abi.dylib
0x00007fff2a607000 	/usr/lib/system/libcache.dylib
0x00007fff2a5c3000 	/usr/lib/system/libcommonCrypto.dylib
0x00007fff2a5ed000 	/usr/lib/system/libcompiler_rt.dylib
0x00007fff2a5e2000 	/usr/lib/system/libcopyfile.dylib
0x00007fff201c4000 	/usr/lib/system/libcorecrypto.dylib
0x00007fff2028f000 	/usr/lib/system/libdispatch.dylib
0x00007fff20442000 	/usr/lib/system/libdyld.dylib
0x00007fff2a5fe000 	/usr/lib/system/libkeymgr.dylib
0x00007fff2da14000 	/usr/lib/system/liblaunch.dylib
0x00007fff2a5a1000 	/usr/lib/system/libmacho.dylib
0x00007fff29d99000 	/usr/lib/system/libquarantine.dylib
0x00007fff2a5fb000 	/usr/lib/system/libremovefile.dylib
0x00007fff24c9e000 	/usr/lib/system/libsystem_asl.dylib
0x00007fff20174000 	/usr/lib/system/libsystem_blocks.dylib
0x00007fff20311000 	/usr/lib/system/libsystem_c.dylib
0x00007fff2a5f5000 	/usr/lib/system/libsystem_collections.dylib
0x00007fff2909f000 	/usr/lib/system/libsystem_configuration.dylib
0x00007fff28387000 	/usr/lib/system/libsystem_containermanager.dylib
0x00007fff2a344000 	/usr/lib/system/libsystem_coreservices.dylib
0x00007fff2287d000 	/usr/lib/system/libsystem_darwin.dylib
0x00007fff2a5ff000 	/usr/lib/system/libsystem_dnssd.dylib
0x00007fff2030e000 	/usr/lib/system/libsystem_featureflags.dylib
0x00007fff20488000 	/usr/lib/system/libsystem_info.dylib
0x00007fff2a558000 	/usr/lib/system/libsystem_m.dylib
0x00007fff20262000 	/usr/lib/system/libsystem_malloc.dylib
0x00007fff24c31000 	/usr/lib/system/libsystem_networkextension.dylib
0x00007fff22c9c000 	/usr/lib/system/libsystem_notify.dylib
0x00007fff2fea3000 	/usr/lib/system/libsystem_product_info_filter.dylib
0x00007fff290a3000 	/usr/lib/system/libsystem_sandbox.dylib
0x00007fff2a5f8000 	/usr/lib/system/libsystem_secinit.dylib
0x00007fff20406000 	/usr/lib/system/libsystem_kernel.dylib
0x00007fff2047e000 	/usr/lib/system/libsystem_platform.dylib
0x00007fff20436000 	/usr/lib/system/libsystem_pthread.dylib
0x00007fff26379000 	/usr/lib/system/libsystem_symptoms.dylib
0x00007fff201ac000 	/usr/lib/system/libsystem_trace.dylib
0x00007fff2a5cf000 	/usr/lib/system/libunwind.dylib
0x00007fff20176000 	/usr/lib/system/libxpc.dylib
0x00007fff24c40000 	/usr/lib/libenergytrace.dylib
0x00007fff2a5a7000 	/usr/lib/system/libkxld.dylib
0x00007fff2a327000 	/System/Library/PrivateFrameworks/AppleFSCompression.framework/Versions/A/AppleFSCompression
0x00007fff29da8000 	/usr/lib/libcoretls.dylib
0x00007fff2acb1000 	/usr/lib/libcoretls_cfhelpers.dylib
0x00007fff2a87f000 	/usr/lib/libpam.2.dylib
0x00007fff2adaf000 	/usr/lib/libxar.1.dylib
0x00007fff27254000 	/System/Library/PrivateFrameworks/CoreAutoLayout.framework/Versions/A/CoreAutoLayout
0x00007fff26628000 	/System/Library/Frameworks/DiskArbitration.framework/Versions/A/DiskArbitration
0x00007fff2a74f000 	/usr/lib/libarchive.2.dylib
0x00007fff290ae000 	/usr/lib/liblangid.dylib
0x00007fff20ff3000 	/usr/lib/libCRFSuite.dylib
0x00007fff2a614000 	/usr/lib/libpcap.A.dylib
0x00007fff26372000 	/usr/lib/libdns_services.dylib
0x00007fff2ac98000 	/usr/lib/liblzma.5.dylib
0x00007fff2a337000 	/usr/lib/libbz2.1.0.dylib
0x00007fff2a64c000 	/usr/lib/libiconv.2.dylib
0x00007fff2a5a0000 	/usr/lib/libcharset.1.dylib
0x00007fff290aa000 	/System/Library/PrivateFrameworks/AppleSystemInfo.framework/Versions/A/AppleSystemInfo
0x00007fff299ea000 	/System/Library/PrivateFrameworks/IOMobileFramebuffer.framework/Versions/A/IOMobileFramebuffer
0x00007fff29d9c000 	/usr/lib/libCheckFix.dylib
0x00007fff24cb5000 	/System/Library/PrivateFrameworks/TCC.framework/Versions/A/TCC
0x00007fff290b0000 	/System/Library/PrivateFrameworks/CoreNLP.framework/Versions/A/CoreNLP
0x00007fff26540000 	/System/Library/PrivateFrameworks/MetadataUtilities.framework/Versions/A/MetadataUtilities
0x00007fff21028000 	/usr/lib/libmecabra.dylib
0x00007fff2a0a6000 	/System/Library/Frameworks/MLCompute.framework/Versions/A/MLCompute
0x00007fff29dd1000 	/usr/lib/libmecab.dylib
0x00007fff29e1b000 	/usr/lib/libgermantok.dylib
0x00007fff2a829000 	/usr/lib/libThaiTokenizer.dylib
0x00007fff2adea000 	/usr/lib/libChineseTokenizer.dylib
0x00007fff2662f000 	/System/Library/Frameworks/Accelerate.framework/Versions/A/Frameworks/vImage.framework/Versions/A/vImage
0x00007fff2ff7b000 	/System/Library/Frameworks/Accelerate.framework/Versions/A/Frameworks/vecLib.framework/Versions/A/vecLib
0x00007fff2adf5000 	/System/Library/Frameworks/Accelerate.framework/Versions/A/Frameworks/vecLib.framework/Versions/A/libvMisc.dylib
0x00007fff29805000 	/System/Library/Frameworks/Accelerate.framework/Versions/A/Frameworks/vecLib.framework/Versions/A/libvDSP.dylib
0x00007fff20c5b000 	/System/Library/Frameworks/Accelerate.framework/Versions/A/Frameworks/vecLib.framework/Versions/A/libBLAS.dylib
0x00007fff2a8aa000 	/System/Library/Frameworks/Accelerate.framework/Versions/A/Frameworks/vecLib.framework/Versions/A/libLAPACK.dylib
0x00007fff29e21000 	/System/Library/Frameworks/Accelerate.framework/Versions/A/Frameworks/vecLib.framework/Versions/A/libLinearAlgebra.dylib
0x00007fff2a866000 	/System/Library/Frameworks/Accelerate.framework/Versions/A/Frameworks/vecLib.framework/Versions/A/libSparseBLAS.dylib
0x00007fff2a8a4000 	/System/Library/Frameworks/Accelerate.framework/Versions/A/Frameworks/vecLib.framework/Versions/A/libQuadrature.dylib
0x00007fff2915c000 	/System/Library/Frameworks/Accelerate.framework/Versions/A/Frameworks/vecLib.framework/Versions/A/libBNNS.dylib
0x00007fff20f06000 	/System/Library/Frameworks/Accelerate.framework/Versions/A/Frameworks/vecLib.framework/Versions/A/libSparse.dylib
0x00007fff29038000 	/System/Library/Frameworks/MetalPerformanceShaders.framework/Versions/A/Frameworks/MPSCore.framework/Versions/A/MPSCore
0x00007fff2a296000 	/System/Library/Frameworks/MetalPerformanceShaders.framework/Versions/A/Frameworks/MPSImage.framework/Versions/A/MPSImage
0x00007fff29e37000 	/System/Library/Frameworks/MetalPerformanceShaders.framework/Versions/A/Frameworks/MPSNeuralNetwork.framework/Versions/A/MPSNeuralNetwork
0x00007fff2a208000 	/System/Library/Frameworks/MetalPerformanceShaders.framework/Versions/A/Frameworks/MPSMatrix.framework/Versions/A/MPSMatrix
0x00007fff2a056000 	/System/Library/Frameworks/MetalPerformanceShaders.framework/Versions/A/Frameworks/MPSRayIntersector.framework/Versions/A/MPSRayIntersector
0x00007fff2a23f000 	/System/Library/Frameworks/MetalPerformanceShaders.framework/Versions/A/Frameworks/MPSNDArray.framework/Versions/A/MPSNDArray
0x00007fff20b87000 	/System/Library/PrivateFrameworks/MetalTools.framework/Versions/A/MetalTools
0x00007fff290a8000 	/System/Library/PrivateFrameworks/AggregateDictionary.framework/Versions/A/AggregateDictionary
0x00007fff2a82b000 	/System/Library/PrivateFrameworks/AppleSauce.framework/Versions/A/AppleSauce
0x00007fff6ba49000 	/System/Library/Frameworks/OpenGL.framework/Versions/A/Libraries/libCoreFSCache.dylib
0x00007fff215c0000 	/System/Library/PrivateFrameworks/LanguageModeling.framework/Versions/A/LanguageModeling
0x00007fff299d8000 	/System/Library/PrivateFrameworks/CoreEmoji.framework/Versions/A/CoreEmoji
0x00007fff29155000 	/System/Library/PrivateFrameworks/LinguisticData.framework/Versions/A/LinguisticData
0x00007fff20eb8000 	/System/Library/PrivateFrameworks/Lexicon.framework/Versions/A/Lexicon
0x00007fff2a73d000 	/usr/lib/libcmph.dylib
0x00007fff271ff000 	/System/Library/Frameworks/OpenDirectory.framework/Versions/A/Frameworks/CFOpenDirectory.framework/Versions/A/CFOpenDirectory
0x00007fff271ef000 	/System/Library/Frameworks/OpenDirectory.framework/Versions/A/OpenDirectory
0x00007fff2acb3000 	/System/Library/PrivateFrameworks/APFS.framework/Versions/A/APFS
0x00007fff29cfe000 	/System/Library/Frameworks/SecurityFoundation.framework/Versions/A/SecurityFoundation
0x00007fff2adbd000 	/usr/lib/libutil.dylib
0x00007fff27251000 	/usr/lib/libapp_launch_measurement.dylib
0x00007fff22bb2000 	/System/Library/PrivateFrameworks/CoreServicesStore.framework/Versions/A/CoreServicesStore
0x00007fff29d94000 	/System/Library/Frameworks/ServiceManagement.framework/Versions/A/ServiceManagement
0x00007fff2adc1000 	/usr/lib/libxslt.1.dylib
0x00007fff29d8a000 	/System/Library/PrivateFrameworks/BackgroundTaskManagement.framework/Versions/A/BackgroundTaskManagement
0x00007fff2b280000 	/System/Library/PrivateFrameworks/PersistentConnection.framework/Versions/A/PersistentConnection
0x00007fff25fd5000 	/System/Library/PrivateFrameworks/ProtocolBuffer.framework/Versions/A/ProtocolBuffer
0x00007fff2621c000 	/System/Library/PrivateFrameworks/CommonUtilities.framework/Versions/A/CommonUtilities
0x00007fff2b999000 	/System/Library/PrivateFrameworks/Bom.framework/Versions/A/Bom
0x00007fff2aeb3000 	/usr/lib/libate.dylib
0x00007fff2bd7a000 	/System/Library/Frameworks/ImageIO.framework/Versions/A/Resources/libRadiance.dylib
0x00007fff2bd84000 	/System/Library/Frameworks/ImageIO.framework/Versions/A/Resources/libJPEG.dylib
0x00007fff2bcce000 	/System/Library/Frameworks/ImageIO.framework/Versions/A/Resources/libPng.dylib
0x00007fff2bcf5000 	/System/Library/Frameworks/ImageIO.framework/Versions/A/Resources/libTIFF.dylib
0x00007fff2bdd9000 	/System/Library/Frameworks/ImageIO.framework/Versions/A/Resources/libGIF.dylib
0x00007fff2ba20000 	/System/Library/Frameworks/ImageIO.framework/Versions/A/Resources/libJP2.dylib
0x00007fff2b13c000 	/usr/lib/libexpat.1.dylib
0x00007fff2b9d6000 	/System/Library/PrivateFrameworks/AppleJPEG.framework/Versions/A/AppleJPEG
0x00007fff2bd72000 	/System/Library/PrivateFrameworks/GPUWrangler.framework/Versions/A/GPUWrangler
0x00007fff2bd55000 	/System/Library/PrivateFrameworks/IOPresentment.framework/Versions/A/IOPresentment
0x00007fff2bd7e000 	/System/Library/PrivateFrameworks/DSExternalDisplay.framework/Versions/A/DSExternalDisplay
0x00007fff2bdde000 	/System/Library/PrivateFrameworks/CMCaptureCore.framework/Versions/A/CMCaptureCore
0x00007fff2b736000 	/usr/lib/libspindump.dylib
0x00007fff21c37000 	/System/Library/Frameworks/CoreAudio.framework/Versions/A/CoreAudio
0x00007fff2b71c000 	/System/Library/PrivateFrameworks/AppServerSupport.framework/Versions/A/AppServerSupport
0x00007fff2d7b7000 	/System/Library/PrivateFrameworks/perfdata.framework/Versions/A/perfdata
0x00007fff29ced000 	/System/Library/PrivateFrameworks/AssertionServices.framework/Versions/A/AssertionServices
0x00007fff217e0000 	/System/Library/PrivateFrameworks/AudioToolboxCore.framework/Versions/A/AudioToolboxCore
0x00007fff284d8000 	/System/Library/PrivateFrameworks/caulk.framework/Versions/A/caulk
0x00007fff3cbef000 	/System/Library/PrivateFrameworks/SystemPolicy.framework/Versions/A/SystemPolicy
0x00007fff2af4b000 	/usr/lib/libIOReport.dylib
0x00007fff2cff3000 	/usr/lib/libSMC.dylib
0x00007fff2bc9a000 	/usr/lib/libAudioToolboxUtility.dylib
0x00007fff3d549000 	/usr/lib/libmis.dylib
0x00007fff6ba55000 	/System/Library/Frameworks/OpenGL.framework/Versions/A/OpenGL
0x00007fff6baa5000 	/System/Library/Frameworks/OpenGL.framework/Versions/A/Libraries/libGLU.dylib
0x00007fff6ba68000 	/System/Library/Frameworks/OpenGL.framework/Versions/A/Libraries/libGFXShared.dylib
0x00007fff6bc76000 	/System/Library/Frameworks/OpenGL.framework/Versions/A/Libraries/libGL.dylib
0x00007fff6ba71000 	/System/Library/Frameworks/OpenGL.framework/Versions/A/Libraries/libGLImage.dylib
0x00007fff6ba65000 	/System/Library/Frameworks/OpenGL.framework/Versions/A/Libraries/libCVMSPluginSupport.dylib
0x00007fff6ba50000 	/System/Library/Frameworks/OpenGL.framework/Versions/A/Libraries/libCoreVMClient.dylib
0x00007fff28cbc000 	/System/Library/Frameworks/CoreImage.framework/Versions/A/CoreImage
0x00007fff6d0c0000 	/System/Library/Frameworks/OpenCL.framework/Versions/A/OpenCL
0x00007fff2b2a9000 	/System/Library/PrivateFrameworks/GraphVisualizer.framework/Versions/A/GraphVisualizer
0x00007fff2b2b8000 	/System/Library/PrivateFrameworks/FaceCore.framework/Versions/A/FaceCore
0x00007fff2b6d4000 	/System/Library/PrivateFrameworks/OTSVG.framework/Versions/A/OTSVG
0x00007fff26f74000 	/System/Library/Frameworks/ApplicationServices.framework/Versions/A/Frameworks/ATS.framework/Versions/A/Resources/libFontRegistry.dylib
0x00007fff2b723000 	/System/Library/PrivateFrameworks/FontServices.framework/libhvf.dylib
0x00007fff2b0e8000 	/System/Library/PrivateFrameworks/AppleVA.framework/Versions/A/AppleVA
0x00007fff2bda9000 	/System/Library/Frameworks/ApplicationServices.framework/Versions/A/Frameworks/ATSUI.framework/Versions/A/ATSUI
0x00007fff2d0d3000 	/usr/lib/libcups.2.dylib
0x00007fff2d143000 	/System/Library/PrivateFrameworks/NetAuth.framework/Versions/A/NetAuth
0x00007fff2d7d2000 	/System/Library/Frameworks/Kerberos.framework/Versions/A/Kerberos
0x00007fff2d7e2000 	/System/Library/Frameworks/GSS.framework/Versions/A/GSS
0x00007fff2cea8000 	/usr/lib/libresolv.9.dylib
0x00007fff2b739000 	/System/Library/PrivateFrameworks/Heimdal.framework/Versions/A/Heimdal
0x00007fff33475000 	/System/Library/Frameworks/Kerberos.framework/Versions/A/Libraries/libHeimdalProxy.dylib
0x00007fff26381000 	/System/Library/Frameworks/Network.framework/Versions/A/Network
0x00007fff2b155000 	/usr/lib/libheimdal-asn1.dylib
0x00007fff2d833000 	/System/Library/PrivateFrameworks/CommonAuth.framework/Versions/A/CommonAuth
0x00007fff273cd000 	/System/Library/PrivateFrameworks/login.framework/Versions/A/Frameworks/loginsupport.framework/Versions/A/loginsupport
0x00007fff2cc7d000 	/System/Library/Frameworks/AudioToolbox.framework/Versions/A/AudioToolbox
0x00007fff2cdb2000 	/System/Library/PrivateFrameworks/AudioSession.framework/Versions/A/AudioSession
0x00007fff2ce18000 	/usr/lib/libAudioStatistics.dylib
0x00007fff2b1e1000 	/System/Library/PrivateFrameworks/MediaExperience.framework/Versions/A/MediaExperience
0x00007fff2cc4b000 	/System/Library/PrivateFrameworks/AudioSession.framework/libSessionUtility.dylib
0x00007fff2d7c3000 	/usr/lib/libperfcheck.dylib
0x00007fff2d162000 	/System/Library/PrivateFrameworks/AudioResourceArbitration.framework/Versions/A/AudioResourceArbitration
0x00007fff25bb5000 	/System/Library/Frameworks/CoreData.framework/Versions/A/CoreData
0x00007fff23a3f000 	/System/Library/PrivateFrameworks/UIFoundation.framework/Versions/A/UIFoundation
0x00007fff2fc36000 	/System/Library/PrivateFrameworks/RemoteViewServices.framework/Versions/A/RemoteViewServices
0x00007fff28a51000 	/System/Library/PrivateFrameworks/XCTTargetBootstrap.framework/Versions/A/XCTTargetBootstrap
0x00007fff23c8e000 	/System/Library/Frameworks/UniformTypeIdentifiers.framework/Versions/A/UniformTypeIdentifiers
0x00007fff28a55000 	/System/Library/PrivateFrameworks/CoreSVG.framework/Versions/A/CoreSVG
0x00007fff2b174000 	/System/Library/PrivateFrameworks/IconServices.framework/Versions/A/IconServices
0x00007fff28a3d000 	/System/Library/PrivateFrameworks/DFRFoundation.framework/Versions/A/DFRFoundation
0x00007fff2bf07000 	/System/Library/PrivateFrameworks/DataDetectorsCore.framework/Versions/A/DataDetectorsCore
0x00007fff28741000 	/System/Library/Frameworks/Carbon.framework/Versions/A/Frameworks/HIToolbox.framework/Versions/A/HIToolbox
0x00007fff2fc6e000 	/System/Library/Frameworks/Carbon.framework/Versions/A/Frameworks/SpeechRecognition.framework/Versions/A/SpeechRecognition
0x00007fff26fb6000 	/System/Library/PrivateFrameworks/CoreUI.framework/Versions/A/CoreUI
0x00007fff2befe000 	/System/Library/PrivateFrameworks/InternationalSupport.framework/Versions/A/InternationalSupport
0x00007fff271e3000 	/System/Library/PrivateFrameworks/PerformanceAnalysis.framework/Versions/A/PerformanceAnalysis
0x00007fff2bf82000 	/System/Library/PrivateFrameworks/UserActivity.framework/Versions/A/UserActivity
0x00007fff2be30000 	/System/Library/PrivateFrameworks/TextureIO.framework/Versions/A/TextureIO
0x00007fff2b15f000 	/System/Library/PrivateFrameworks/IconFoundation.framework/Versions/A/IconFoundation
0x00007fff2fc5e000 	/System/Library/PrivateFrameworks/SpeechRecognitionCore.framework/Versions/A/SpeechRecognitionCore
0x00007fff22b73000 	/System/Library/PrivateFrameworks/CoreServicesInternal.framework/Versions/A/CoreServicesInternal
0x00007fff30fe5000 	/System/Library/Frameworks/FileProvider.framework/Versions/A/FileProvider
0x00007fff2619f000 	/System/Library/Frameworks/Accounts.framework/Versions/A/Accounts
0x00007fff31135000 	/System/Library/PrivateFrameworks/GenerationalStorage.framework/Versions/A/GenerationalStorage
0x00007fff31acf000 	/System/Library/PrivateFrameworks/CoreSymbolication.framework/Versions/A/CoreSymbolication
0x00007fff30a05000 	/System/Library/PrivateFrameworks/SymptomDiagnosticReporter.framework/Versions/A/SymptomDiagnosticReporter
0x00007fff23ca1000 	/System/Library/PrivateFrameworks/DesktopServicesPriv.framework/Versions/A/DesktopServicesPriv
0x00007fff22ca8000 	/usr/lib/libsandbox.1.dylib
0x00007fff273f8000 	/System/Library/PrivateFrameworks/UserManagement.framework/Versions/A/UserManagement
0x00007fff29cca000 	/System/Library/PrivateFrameworks/MobileKeyBag.framework/Versions/A/MobileKeyBag
0x00007fff344f7000 	/System/Library/PrivateFrameworks/ChunkingLibrary.framework/Versions/A/ChunkingLibrary
0x00007fff31a93000 	/System/Library/PrivateFrameworks/DebugSymbols.framework/Versions/A/DebugSymbols
0x00007fff2e1f6000 	/System/Library/PrivateFrameworks/Sharing.framework/Versions/A/Sharing
0x00007fff32a77000 	/System/Library/PrivateFrameworks/Apple80211.framework/Versions/A/Apple80211
0x00007fff2a377000 	/System/Library/PrivateFrameworks/AuthKit.framework/Versions/A/AuthKit
0x00007fff29ac8000 	/System/Library/PrivateFrameworks/CoreUtils.framework/Versions/A/CoreUtils
0x00007fff299f5000 	/System/Library/Frameworks/CoreWLAN.framework/Versions/A/CoreWLAN
0x00007fff2e342000 	/System/Library/Frameworks/IOBluetooth.framework/Versions/A/IOBluetooth
0x00007fff32adb000 	/System/Library/PrivateFrameworks/CoreWiFi.framework/Versions/A/CoreWiFi
0x00007fff2d8b9000 	/System/Library/PrivateFrameworks/CorePhoneNumbers.framework/Versions/A/CorePhoneNumbers
0x00007fff30b0c000 	/System/Library/PrivateFrameworks/DiskManagement.framework/Versions/A/DiskManagement
0x00007fff30a22000 	/System/Library/PrivateFrameworks/AppleIDAuthSupport.framework/Versions/A/AppleIDAuthSupport
0x00007fff2d899000 	/System/Library/PrivateFrameworks/KeychainCircle.framework/Versions/A/KeychainCircle
0x00007fff30ad8000 	/System/Library/PrivateFrameworks/MediaKit.framework/Versions/A/MediaKit
0x00007fff30a2f000 	/System/Library/Frameworks/DiscRecording.framework/Versions/A/DiscRecording
0x00007fff2b05c000 	/usr/lib/libCoreStorage.dylib
0x00007fff32f16000 	/usr/lib/libcsfde.dylib
0x00007fff2e47d000 	/System/Library/PrivateFrameworks/ProtectedCloudStorage.framework/Versions/A/ProtectedCloudStorage
0x00007fff32f0e000 	/System/Library/PrivateFrameworks/EFILogin.framework/Versions/A/EFILogin
0x00007fff33528000 	/System/Library/Frameworks/AudioUnit.framework/Versions/A/AudioUnit
0x00007fff3099f000 	/System/Library/Frameworks/CoreBluetooth.framework/Versions/A/CoreBluetooth
0x00007fff2b054000 	/usr/lib/libMatch.1.dylib
0x00007fff437b4000 	/System/Library/CoreServices/RawCamera.bundle/Contents/MacOS/RawCamera
0x00007fff2d844000 	/System/Library/PrivateFrameworks/MobileAsset.framework/Versions/A/MobileAsset
0x00007fff3354c000 	/System/Library/PrivateFrameworks/StreamingZip.framework/Versions/A/StreamingZip
0x00007fff2bfe0000 	/System/Library/Frameworks/MediaToolbox.framework/Versions/A/MediaToolbox
0x00007fff30fb7000 	/System/Library/PrivateFrameworks/CoreAVCHD.framework/Versions/A/CoreAVCHD
0x00007fff3019e000 	/System/Library/Frameworks/MediaAccessibility.framework/Versions/A/MediaAccessibility
0x00007fff30fb3000 	/System/Library/PrivateFrameworks/Mangrove.framework/Versions/A/Mangrove
0x00007fff301aa000 	/System/Library/PrivateFrameworks/AlgosScoreFramework.framework/Versions/A/AlgosScoreFramework
0x00007fff319a1000 	/System/Library/PrivateFrameworks/AppleVPA.framework/Versions/A/AppleVPA
0x00007fff30bf8000 	/System/Library/PrivateFrameworks/CoreAUC.framework/Versions/A/CoreAUC
0x0000000112145000 	/usr/lib/libobjc-trampolines.dylib
0x00007fff3cd5b000 	/System/Library/PrivateFrameworks/AccessibilitySharedSupport.framework/Versions/A/AccessibilitySharedSupport
0x00007fff39230000 	/usr/lib/libAccessibility.dylib
0x00007fff3fbcc000 	/System/Library/PrivateFrameworks/TextInput.framework/Versions/A/TextInput
0x00007fff39221000 	/System/Library/PrivateFrameworks/AXCoreUtilities.framework/Versions/A/AXCoreUtilities
0x00007fff273d0000 	/System/Library/PrivateFrameworks/ApplePushService.framework/Versions/A/ApplePushService
0x00007fff27414000 	/System/Library/Frameworks/CloudKit.framework/Versions/A/CloudKit
0x00007fff2df99000 	/System/Library/PrivateFrameworks/IDS.framework/Versions/A/IDS
0x00007fff34da1000 	/System/Library/PrivateFrameworks/ConstantClasses.framework/Versions/A/ConstantClasses
0x00007fff301cf000 	/System/Library/PrivateFrameworks/CoreDaemon.framework/Versions/B/CoreDaemon
0x00007fff301ca000 	/System/Library/PrivateFrameworks/AppleSRP.framework/Versions/A/AppleSRP
0x00007fff2af53000 	/System/Library/PrivateFrameworks/CrashReporterSupport.framework/Versions/A/CrashReporterSupport
0x00007fff335d6000 	/System/Library/PrivateFrameworks/C2.framework/Versions/A/C2
0x00007fff2830a000 	/System/Library/Frameworks/CoreLocation.framework/Versions/A/CoreLocation
0x00007fff335d0000 	/System/Library/Frameworks/PushKit.framework/Versions/A/PushKit
0x00007fff4792e000 	/System/Library/PrivateFrameworks/OSAnalytics.framework/Versions/A/OSAnalytics
0x00007fff778be000 	/usr/lib/libRosetta.dylib
0x00007fff32e9d000 	/System/Library/PrivateFrameworks/RemoteServiceDiscovery.framework/Versions/A/RemoteServiceDiscovery
0x00007fff515ce000 	/System/Library/PrivateFrameworks/Symbolication.framework/Versions/A/Symbolication
0x00007fff3d529000 	/System/Library/PrivateFrameworks/MallocStackLogging.framework/Versions/A/MallocStackLogging
0x00007fff31b85000 	/System/Library/PrivateFrameworks/CoreTime.framework/Versions/A/CoreTime
0x00007fff2e736000 	/System/Library/PrivateFrameworks/GeoServices.framework/Versions/A/GeoServices
0x00007fff2cc22000 	/System/Library/PrivateFrameworks/LocationSupport.framework/Versions/A/LocationSupport
0x00007fff2cbbb000 	/System/Library/PrivateFrameworks/IMFoundation.framework/Versions/A/IMFoundation
0x00007fff38b65000 	/System/Library/PrivateFrameworks/Marco.framework/Versions/A/Marco
0x00007fff2e09b000 	/System/Library/PrivateFrameworks/IDSFoundation.framework/Versions/A/IDSFoundation
0x00007fff363b0000 	/System/Library/PrivateFrameworks/Engram.framework/Versions/A/Engram
0x00007fff3635e000 	/usr/lib/libtidy.A.dylib
0x00007fff4120b000 	/System/Library/Frameworks/Accelerate.framework/Versions/A/Frameworks/vImage.framework/Versions/A/Libraries/libCGInterfaces.dylib
0x00007fff270f7000 	/System/Library/PrivateFrameworks/ViewBridge.framework/Versions/A/ViewBridge
0x00007fff2b7fa000 	/System/Library/PrivateFrameworks/login.framework/Versions/A/login
0x000000011539d000 	/Applications/Stata/utilities/java/macosx-x64/jre1.8.0_202.jre/Contents/Home/lib/jli/libjli.dylib
0x00000001153ac000 	/Applications/Stata/utilities/java/macosx-x64/jre1.8.0_202.jre/Contents/Home/lib/server/libjvm.dylib
0x00007fff77fd8000 	/usr/lib/libstdc++.6.dylib
0x0000000116394000 	/Applications/Stata/utilities/java/macosx-x64/jre1.8.0_202.jre/Contents/Home/lib/libverify.dylib
0x00000001163b0000 	/Applications/Stata/utilities/java/macosx-x64/jre1.8.0_202.jre/Contents/Home/lib/libjava.dylib
0x0000000116452000 	/Applications/Stata/utilities/java/macosx-x64/jre1.8.0_202.jre/Contents/Home/lib/libzip.dylib
0x00007fff3bac2000 	/usr/lib/libFosl_dynamic.dylib
0x00007fff40d4f000 	/usr/lib/libncurses.5.4.dylib
0x00007fff5dc48000 	/System/Library/Extensions/AppleIntelKBLGraphicsMTLDriver.bundle/Contents/MacOS/AppleIntelKBLGraphicsMTLDriver
0x00007fff3d55c000 	/System/Library/PrivateFrameworks/GPURawCounter.framework/Versions/A/GPURawCounter
0x00007fff695fe000 	/System/Library/PrivateFrameworks/GPUCompiler.framework/Versions/31001/Libraries/libmetal_timestamp.dylib
0x00000001374d9000 	/Applications/Stata/utilities/java/macosx-x64/jre1.8.0_202.jre/Contents/Home/lib/libnio.dylib
0x00000001374e9000 	/Applications/Stata/utilities/java/macosx-x64/jre1.8.0_202.jre/Contents/Home/lib/libnet.dylib
0x0000000137500000 	/Applications/Stata/utilities/java/macosx-x64/jre1.8.0_202.jre/Contents/Home/lib/libsunec.dylib
0x00007fff515b3000 	/System/Library/PrivateFrameworks/Shortcut.framework/Versions/A/Shortcut
0x00007fff51585000 	/System/Library/PrivateFrameworks/HelpData.framework/Versions/A/HelpData
0x00007fff2b8ed000 	/System/Library/PrivateFrameworks/Backup.framework/Versions/A/Backup
0x0000000139b2a000 	/System/Library/Frameworks/FileProvider.framework/OverrideBundles/CloudDocsFileProvider.bundle/Contents/MacOS/CloudDocsFileProvider
0x00007fff275a6000 	/System/Library/PrivateFrameworks/CloudDocs.framework/Versions/A/CloudDocs
0x00007fff3420c000 	/System/Library/PrivateFrameworks/SpotlightIndex.framework/Versions/A/SpotlightIndex
0x00007fff30a0f000 	/System/Library/PrivateFrameworks/PowerLog.framework/Versions/A/PowerLog
0x00007fff23e2c000 	/System/Library/PrivateFrameworks/SpotlightLinguistics.framework/Versions/A/SpotlightLinguistics
0x0000000139b43000 	/System/Library/Frameworks/FileProvider.framework/OverrideBundles/FileProviderOverride.bundle/Contents/MacOS/FileProviderOverride
0x0000000139b57000 	/System/Library/Frameworks/FileProvider.framework/OverrideBundles/FinderSyncCollaborationFileProviderOverride.bundle/Contents/MacOS/FinderSyncCollaborationFileProviderOverride
0x00007fff4b876000 	/System/Library/PrivateFrameworks/FinderSyncPriv.framework/Versions/A/FinderSyncPriv
0x00007fff40de3000 	/System/Library/Frameworks/Quartz.framework/Versions/A/Quartz
0x00007fff3e900000 	/System/Library/Frameworks/Quartz.framework/Versions/A/Frameworks/QuartzComposer.framework/Versions/A/QuartzComposer
0x00007fff3eda1000 	/System/Library/Frameworks/PDFKit.framework/Versions/A/PDFKit
0x00007fff3e0f2000 	/System/Library/Frameworks/Quartz.framework/Versions/A/Frameworks/QuartzFilters.framework/Versions/A/QuartzFilters
0x00007fff3d6e8000 	/System/Library/Frameworks/Quartz.framework/Versions/A/Frameworks/ImageKit.framework/Versions/A/ImageKit
0x00007fff38451000 	/System/Library/Frameworks/Quartz.framework/Versions/A/Frameworks/QuickLookUI.framework/Versions/A/QuickLookUI
0x00007fff363fc000 	/System/Library/Frameworks/JavaScriptCore.framework/Versions/A/JavaScriptCore
0x00007fff3c8b1000 	/System/Library/PrivateFrameworks/CorePDF.framework/Versions/A/CorePDF
0x00007fff39219000 	/System/Library/PrivateFrameworks/URLFormatting.framework/Versions/A/URLFormatting
0x00007fff2e4d7000 	/System/Library/Frameworks/QuickLook.framework/Versions/A/QuickLook
0x00007fff35b16000 	/System/Library/PrivateFrameworks/DisplayServices.framework/Versions/A/DisplayServices
0x00007fff3e08f000 	/System/Library/Frameworks/ImageCaptureCore.framework/Versions/A/ImageCaptureCore
0x00007fff3ca35000 	/System/Library/Frameworks/AVFoundation.framework/Versions/A/AVFoundation
0x00007fff2e537000 	/System/Library/Frameworks/MetalKit.framework/Versions/A/MetalKit
0x00007fff3bc6a000 	/System/Library/PrivateFrameworks/QuickLookSupport.framework/Versions/A/QuickLookSupport
0x00007fff3360a000 	/System/Library/Frameworks/QuickLookThumbnailing.framework/Versions/A/QuickLookThumbnailing
0x00007fff6e1ca000 	/System/Library/Frameworks/AVFAudio.framework/Versions/A/AVFAudio
0x00007fff315c0000 	/System/Library/PrivateFrameworks/AVFCore.framework/Versions/A/AVFCore
0x00007fff37654000 	/System/Library/PrivateFrameworks/AVFCapture.framework/Versions/A/AVFCapture
0x00007fff3bc8d000 	/System/Library/PrivateFrameworks/AirPlaySync.framework/Versions/A/AirPlaySync
0x00007fff2cf8e000 	/System/Library/Frameworks/CoreMediaIO.framework/Versions/A/CoreMediaIO
0x00007fff37767000 	/System/Library/PrivateFrameworks/Quagga.framework/Versions/A/Quagga
0x00007fff377fb000 	/System/Library/PrivateFrameworks/CMCapture.framework/Versions/A/CMCapture
0x00007fff3363b000 	/System/Library/PrivateFrameworks/Espresso.framework/Versions/A/Espresso
0x00007fff34dbb000 	/System/Library/PrivateFrameworks/AppleNeuralEngine.framework/Versions/A/AppleNeuralEngine
0x00007fff33e3d000 	/System/Library/PrivateFrameworks/ANEServices.framework/Versions/A/ANEServices
0x00007fff6f82f000 	/System/Library/PrivateFrameworks/CMImaging.framework/Versions/A/CMImaging
0x00007fff32c2d000 	/System/Library/PrivateFrameworks/BackBoardServices.framework/Versions/A/BackBoardServices
0x00007fff31755000 	/System/Library/PrivateFrameworks/FrontBoardServices.framework/Versions/A/FrontBoardServices
0x00007fff317c5000 	/System/Library/PrivateFrameworks/BoardServices.framework/Versions/A/BoardServices
0x00007fff2b815000 	/System/Library/PrivateFrameworks/CoreBrightness.framework/Versions/A/CoreBrightness
0x00007fff38441000 	/System/Library/PrivateFrameworks/HID.framework/Versions/A/HID
0x00007fff3d362000 	/System/Library/Frameworks/SafariServices.framework/Versions/A/SafariServices
0x00007fff3cdd0000 	/System/Library/PrivateFrameworks/QuickLookNonBaseSystem.framework/Versions/A/QuickLookNonBaseSystem
0x00007fff3638f000 	/System/Library/PrivateFrameworks/MarkupUI.framework/Versions/A/MarkupUI
0x00007fff3cdb2000 	/System/Library/PrivateFrameworks/SidecarCore.framework/Versions/A/SidecarCore
0x00007fff3e7d3000 	/System/Library/PrivateFrameworks/AnnotationKit.framework/Versions/A/AnnotationKit
0x00007fff3d944000 	/System/Library/Frameworks/PencilKit.framework/Versions/A/PencilKit
0x00007fff3da5b000 	/System/Library/PrivateFrameworks/SidecarUI.framework/Versions/A/SidecarUI
0x00007fff3d578000 	/System/Library/PrivateFrameworks/CoreHandwriting.framework/Versions/A/CoreHandwriting
0x00007fff25902000 	/System/Library/PrivateFrameworks/Montreal.framework/Versions/A/Montreal
0x00007fff27628000 	/System/Library/Frameworks/CoreML.framework/Versions/A/CoreML
0x00007fff2af7e000 	/System/Library/PrivateFrameworks/CVNLP.framework/Versions/A/CVNLP
0x00007fff33590000 	/System/Library/PrivateFrameworks/DuetActivityScheduler.framework/Versions/A/DuetActivityScheduler
0x00007fff23e3f000 	/System/Library/PrivateFrameworks/CoreDuet.framework/Versions/A/CoreDuet
0x00007fff324bd000 	/System/Library/PrivateFrameworks/CoreDuetContext.framework/Versions/A/CoreDuetContext
0x00007fff314cd000 	/System/Library/Frameworks/CoreTelephony.framework/Versions/A/CoreTelephony
0x00007fff33f69000 	/System/Library/PrivateFrameworks/CoreDuetDebugLogging.framework/Versions/A/CoreDuetDebugLogging
0x00007fff3250a000 	/System/Library/Frameworks/Intents.framework/Versions/A/Intents
0x00007fff33f6c000 	/System/Library/PrivateFrameworks/CoreDuetDaemonProtocol.framework/Versions/A/CoreDuetDaemonProtocol
0x00007fff31b8f000 	/System/Library/PrivateFrameworks/Rapport.framework/Versions/A/Rapport
0x00007fff2d8c2000 	/usr/lib/libTelephonyUtilDynamic.dylib
0x00007fff2b01d000 	/System/Library/PrivateFrameworks/PlugInKit.framework/Versions/A/PlugInKit
0x00007fff335c3000 	/System/Library/PrivateFrameworks/IntentsFoundation.framework/Versions/A/IntentsFoundation
0x00007fff3c939000 	/System/Library/Frameworks/Carbon.framework/Versions/A/Carbon
0x00007fff363f0000 	/System/Library/Frameworks/Carbon.framework/Versions/A/Frameworks/CommonPanels.framework/Versions/A/CommonPanels
0x00007fff32f0a000 	/System/Library/Frameworks/Carbon.framework/Versions/A/Frameworks/Help.framework/Versions/A/Help
0x00007fff363f4000 	/System/Library/Frameworks/Carbon.framework/Versions/A/Frameworks/ImageCapture.framework/Versions/A/ImageCapture
0x00007fff363c4000 	/System/Library/Frameworks/Carbon.framework/Versions/A/Frameworks/OpenScripting.framework/Versions/A/OpenScripting
0x00007fff363ec000 	/System/Library/Frameworks/Carbon.framework/Versions/A/Frameworks/Ink.framework/Versions/A/Ink
0x00007fff3c935000 	/System/Library/Frameworks/Carbon.framework/Versions/A/Frameworks/Print.framework/Versions/A/Print
0x00007fff363e8000 	/System/Library/Frameworks/Carbon.framework/Versions/A/Frameworks/SecurityHI.framework/Versions/A/SecurityHI
0x00007fff301db000 	/System/Library/PrivateFrameworks/SystemAdministration.framework/Versions/A/SystemAdministration
0x00007fff2fc2a000 	/System/Library/Frameworks/DirectoryService.framework/Versions/A/DirectoryService
0x00007fff32db6000 	/System/Library/PrivateFrameworks/DiskImages.framework/Versions/A/DiskImages
0x00007fff32f89000 	/System/Library/PrivateFrameworks/LoginUIKit.framework/Versions/A/Frameworks/LoginUICore.framework/Versions/A/LoginUICore
0x00007fff2b995000 	/usr/lib/libodfde.dylib
0x00007fff32f22000 	/usr/lib/libcurl.4.dylib
0x00007fff32c82000 	/usr/lib/libcrypto.44.dylib
0x00007fff32d88000 	/usr/lib/libssl.46.dylib
0x00007fff32c48000 	/System/Library/Frameworks/LDAP.framework/Versions/A/LDAP
0x00007fff32c80000 	/System/Library/PrivateFrameworks/TrustEvaluationAgent.framework/Versions/A/TrustEvaluationAgent
0x00007fff2cec1000 	/usr/lib/libsasl2.2.dylib
0x00007fff3cdd4000 	/System/Library/PrivateFrameworks/DataDetectors.framework/Versions/A/DataDetectors
0x00007fff40d37000 	/System/Library/PrivateFrameworks/Lookup.framework/Versions/A/Lookup
0x00007fff3bfa7000 	/System/Library/Frameworks/WebKit.framework/Versions/A/WebKit
0x00007fff3070c000 	/System/Library/PrivateFrameworks/AddressBookCore.framework/Versions/A/AddressBookCore
0x00007fff39218000 	/System/Library/PrivateFrameworks/PhoneNumbers.framework/Versions/A/PhoneNumbers
0x00007fff3d320000 	/System/Library/Frameworks/NaturalLanguage.framework/Versions/A/NaturalLanguage
0x00007fff34bfa000 	/System/Library/Frameworks/WebKit.framework/Versions/A/Frameworks/WebKitLegacy.framework/Versions/A/WebKitLegacy
0x00007fff39248000 	/System/Library/Frameworks/WebKit.framework/Versions/A/Frameworks/WebCore.framework/Versions/A/WebCore
0x00007fff33362000 	/System/Library/PrivateFrameworks/CorePrediction.framework/Versions/A/CorePrediction
0x00007fff279b8000 	/System/Library/Frameworks/WebKit.framework/Versions/A/Frameworks/WebCore.framework/Versions/A/Frameworks/libwebrtc.dylib
0x00007fff3bf58000 	/System/Library/PrivateFrameworks/SafariSafeBrowsing.framework/Versions/A/SafariSafeBrowsing
0x00007fff2cf41000 	/System/Library/Frameworks/SecurityInterface.framework/Versions/A/SecurityInterface
0x00007fff3da78000 	/System/Library/PrivateFrameworks/WebInspectorUI.framework/Versions/A/WebInspectorUI
0x00007fff2dd0d000 	/System/Library/Frameworks/NetworkExtension.framework/Versions/A/NetworkExtension
0x00007fff4098c000 	/System/Library/PrivateFrameworks/CaptiveNetwork.framework/Versions/A/CaptiveNetwork
0x00007fff2ff1b000 	/usr/lib/libnetworkextension.dylib
0x00007fff32e66000 	/System/Library/PrivateFrameworks/EAP8021X.framework/Versions/A/EAP8021X
0x00007fff3d1e6000 	/System/Library/PrivateFrameworks/CoreOptimization.framework/Versions/A/CoreOptimization
0x00007fff258bd000 	/System/Library/PrivateFrameworks/WirelessDiagnostics.framework/Versions/A/WirelessDiagnostics
0x00007fff36056000 	/System/Library/PrivateFrameworks/WirelessDiagnostics.framework/Versions/A/Libraries/libAWDSupportFramework.dylib
0x00007fff2580f000 	/System/Library/PrivateFrameworks/WirelessDiagnostics.framework/Versions/A/Libraries/libAWDSupport.dylib
0x00007fff258ab000 	/System/Library/PrivateFrameworks/WirelessDiagnostics.framework/Versions/A/Libraries/libprotobuf-lite.dylib
0x00007fff2584e000 	/System/Library/PrivateFrameworks/WirelessDiagnostics.framework/Versions/A/Libraries/libprotobuf.dylib
0x00007fff306c9000 	/System/Library/PrivateFrameworks/ContactsPersistence.framework/Versions/A/ContactsPersistence
0x00007fff34bc9000 	/System/Library/PrivateFrameworks/CalendarAgentLink.framework/Versions/A/CalendarAgentLink
0x00007fff30843000 	/System/Library/Frameworks/Contacts.framework/Versions/A/Contacts
0x00007fff30645000 	/System/Library/PrivateFrameworks/ContactsFoundation.framework/Versions/A/ContactsFoundation
0x00007fff317ef000 	/System/Library/PrivateFrameworks/vCard.framework/Versions/A/vCard
0x00007fff2fc76000 	/System/Library/PrivateFrameworks/AppleLDAP.framework/Versions/A/AppleLDAP
0x00007fff33164000 	/System/Library/Frameworks/ClassKit.framework/Versions/A/ClassKit
0x00007fff346ce000 	/System/Library/PrivateFrameworks/CoreSuggestions.framework/Versions/A/CoreSuggestions
0x00007fff32f91000 	/System/Library/PrivateFrameworks/AppSupport.framework/Versions/A/AppSupport
0x00007fff331dd000 	/System/Library/PrivateFrameworks/AppleAccount.framework/Versions/A/AppleAccount
0x00007fff33322000 	/System/Library/PrivateFrameworks/AppleIDSSOAuthentication.framework/Versions/A/AppleIDSSOAuthentication
0x00007fff33e55000 	/System/Library/PrivateFrameworks/ProactiveSupport.framework/Versions/A/ProactiveSupport
0x00007fff32ec5000 	/System/Library/PrivateFrameworks/DataDetectorsNaturalLanguage.framework/Versions/A/DataDetectorsNaturalLanguage
0x00007fff2a4d6000 	/System/Library/Frameworks/CoreSpotlight.framework/Versions/A/CoreSpotlight
0x00007fff38dd5000 	/System/Library/PrivateFrameworks/ProactiveEventTracker.framework/Versions/A/ProactiveEventTracker
0x00007fff33161000 	/System/Library/PrivateFrameworks/InternationalTextSearch.framework/Versions/A/InternationalTextSearch
0x00007fff34bef000 	/System/Library/PrivateFrameworks/RTCReporting.framework/Versions/A/RTCReporting
0x00007fff3476c000 	/System/Library/Frameworks/EventKit.framework/Versions/A/EventKit
0x00007fff38d91000 	/System/Library/PrivateFrameworks/ResponseKit.framework/Versions/A/ResponseKit
0x00007fff3467e000 	/System/Library/PrivateFrameworks/CalDAV.framework/Versions/A/CalDAV
0x00007fff33ef8000 	/System/Library/PrivateFrameworks/CalendarFoundation.framework/Versions/A/CalendarFoundation
0x00007fff348f7000 	/System/Library/PrivateFrameworks/CalendarPersistence.framework/Versions/A/CalendarPersistence
0x00007fff389d2000 	/System/Library/PrivateFrameworks/ExchangeWebServices.framework/Versions/A/ExchangeWebServices
0x00007fff33ec6000 	/System/Library/PrivateFrameworks/iCalendar.framework/Versions/A/iCalendar
0x00007fff3894b000 	/System/Library/PrivateFrameworks/CoreDAV.framework/Versions/A/CoreDAV
0x00007fff30978000 	/System/Library/PrivateFrameworks/PersonaKit.framework/Versions/A/PersonaKit
0x00007fff38d4b000 	/System/Library/PrivateFrameworks/ContactsAutocomplete.framework/Versions/A/ContactsAutocomplete
0x00007fff33ebb000 	/System/Library/PrivateFrameworks/CoreRecents.framework/Versions/A/CoreRecents
0x00007fff3159c000 	/System/Library/PrivateFrameworks/AppSandbox.framework/Versions/A/AppSandbox
0x00007fff38d84000 	/System/Library/PrivateFrameworks/KerberosHelper.framework/Versions/A/KerberosHelper
0x00007fff2e464000 	/System/Library/PrivateFrameworks/AppContainer.framework/Versions/A/AppContainer
0x00007fff2e479000 	/System/Library/PrivateFrameworks/SecCodeWrapper.framework/Versions/A/SecCodeWrapper
0x00007fff37de1000 	/System/Library/PrivateFrameworks/AccountsDaemon.framework/Versions/A/AccountsDaemon
0x00007fff37e8f000 	/System/Library/PrivateFrameworks/OAuth.framework/Versions/A/OAuth
0x00007fff25ac3000 	/System/Library/PrivateFrameworks/NLP.framework/Versions/A/NLP

VM Arguments:
jvm_args: -Xmx384M -Xss2M -XX:+UseParNewGC -XX:+UseConcMarkSweepGC -XX:MinHeapFreeRatio=40 -XX:MaxHeapFreeRatio=70 -XX:ErrorFile=/dev/null 
java_command: <unknown>
java_class_path (initial): /Applications/Stata/utilities/jar/libstata-core.jar:/Applications/Stata/utilities/jar/libdeps-core.jar:/Applications/Stata/utilities/jar/sfi-api.jar:
Launcher Type: generic

Environment Variables:
PATH=/usr/bin:/bin:/usr/sbin:/sbin
SHELL=/bin/bash

Signal Handlers:
SIGSEGV: [libjvm.dylib+0x5b719d], sa_mask[0]=11111111011111110111111111111111, sa_flags=SA_ONSTACK|SA_RESTART|SA_SIGINFO
SIGBUS: [libjvm.dylib+0x5b719d], sa_mask[0]=11111111011111110111111111111111, sa_flags=SA_RESTART|SA_SIGINFO
SIGFPE: [libjvm.dylib+0x48c8fc], sa_mask[0]=11111111011111110111111111111111, sa_flags=SA_RESTART|SA_SIGINFO
SIGPIPE: [libjvm.dylib+0x48c8fc], sa_mask[0]=11111111011111110111111111111111, sa_flags=SA_RESTART|SA_SIGINFO
SIGXFSZ: [libjvm.dylib+0x48c8fc], sa_mask[0]=11111111011111110111111111111111, sa_flags=SA_RESTART|SA_SIGINFO
SIGILL: [libjvm.dylib+0x48c8fc], sa_mask[0]=11111111011111110111111111111111, sa_flags=SA_RESTART|SA_SIGINFO
SIGUSR1: SIG_DFL, sa_mask[0]=00000000000000000000000000000000, sa_flags=none
SIGUSR2: [libjvm.dylib+0x48c41a], sa_mask[0]=11100100000001110111111111011111, sa_flags=SA_RESTART|SA_SIGINFO
SIGHUP: [libjvm.dylib+0x48a9a5], sa_mask[0]=11111111011111110111111111111111, sa_flags=SA_RESTART|SA_SIGINFO
SIGINT: [libjvm.dylib+0x48a9a5], sa_mask[0]=11111111011111110111111111111111, sa_flags=SA_RESTART|SA_SIGINFO
SIGTERM: [libjvm.dylib+0x48a9a5], sa_mask[0]=11111111011111110111111111111111, sa_flags=SA_RESTART|SA_SIGINFO
SIGQUIT: [libjvm.dylib+0x48a9a5], sa_mask[0]=11111111011111110111111111111111, sa_flags=SA_RESTART|SA_SIGINFO


---------------  S Y S T E M  ---------------

OS:Bsduname:Darwin 20.5.0 Darwin Kernel Version 20.5.0: Sat May  8 05:10:33 PDT 2021; root:xnu-7195.121.3~9/RELEASE_X86_64 x86_64
rlimit: STACK 8192k, CORE 0k, NPROC 1392, NOFILE 10240, AS infinity
load average:2.22 2.25 2.39

CPU:total 8 (initial active 8) (4 cores per cpu, 2 threads per core) family 6 model 142 stepping 10, cmov, cx8, fxsr, mmx, sse, sse2, sse3, ssse3, sse4.1, sse4.2, popcnt, avx, avx2, aes, clmul, erms, 3dnowpref, lzcnt, ht, tsc, tscinvbit, bmi1, bmi2, adx

Memory: 4k page, physical 8388608k(16912k free)

/proc/meminfo:


vm_info: Java HotSpot(TM) 64-Bit Server VM (25.202-b08) for bsd-amd64 JRE (1.8.0_202-b08), built on Dec 15 2018 20:16:16 by "java_re" with gcc 4.2.1 (Based on Apple Inc. build 5658) (LLVM build 2336.11.00)

time: Tue Jul 27 12:18:27 2021
timezone: CEST
elapsed time: 3969 seconds (0d 1h 6m 9s)

