#
# A fatal error has been detected by the Java Runtime Environment:
#
#  SIGSEGV (0xb) at pc=0x000000010fa96651, pid=428, tid=0x0000000000000103
#
# JRE version: Java(TM) SE Runtime Environment (8.0_202-b08) (build 1.8.0_202-b08)
# Java VM: Java HotSpot(TM) 64-Bit Server VM (25.202-b08 mixed mode bsd-amd64 compressed oops)
# Problematic frame:
# C  [StataIC+0xc9651]
#
# Failed to write core dump. Core dumps have been disabled. To enable core dumping, try "ulimit -c unlimited" before starting Java again
#
# If you would like to submit a bug report, please visit:
#   http://bugreport.java.com/bugreport/crash.jsp
# The crash happened outside the Java Virtual Machine in native code.
# See problematic frame for where to report the bug.
#

---------------  T H R E A D  ---------------

Current thread (0x00007fd370d2d000):  JavaThread "Thread-1" [_thread_in_native, id=259, stack(0x00007ffedfa33000,0x00007ffee0233000)]

siginfo: si_signo: 11 (SIGSEGV), si_code: 1 (SEGV_MAPERR), si_addr: 0x00007fd373fc3000

Registers:
RAX=0x000000000000002f, RBX=0x00007fd3706d2745, RCX=0x00007fd373f41000, RDX=0x0000000000020800
RSP=0x00007ffee022d3e0, RBP=0x00007ffee022d3f0, RSI=0x000000000000260a, RDI=0x00007fd3706d2200
R8 =0x00007fd3706d2200, R9 =0x00007fd370008101, R10=0x0000600000ada010, R11=0x0000000111922da0
R12=0x0000000000000000, R13=0x00006000038242c0, R14=0x00007fd3706d2200, R15=0x00007fff7bb75441
RIP=0x000000010fa96651, EFLAGS=0x0000000000010202, ERR=0x0000000000000006
  TRAPNO=0x000000000000000e

Top of Stack: (sp=0x00007ffee022d3e0)
0x00007ffee022d3e0:   00007fd3706d2200 00007fd36fe84490
0x00007ffee022d3f0:   00007ffee022d410 000000010f9ea787
0x00007ffee022d400:   00006000016fb410 00007fff7bb492a1
0x00007ffee022d410:   00007ffee022d440 00007fff22fab866
0x00007ffee022d420:   00007fff2023f800 00006000016fb400
0x00007ffee022d430:   00006000022ee840 00007fff7bb75441
0x00007ffee022d440:   00007ffee022d580 00007fff22ec8e2f
0x00007ffee022d450:   0000000000000000 0000000000000000
0x00007ffee022d460:   0000000000000000 0000000000000001
0x00007ffee022d470:   00007fff7bb19c75 00007fff7ba9980c
0x00007ffee022d480:   00007fff7bade39e 00007fff7ba99ee6
0x00007ffee022d490:   00007fff7ba99098 00007fff7ba99844
0x00007ffee022d4a0:   00007fff7ba998b6 0000000000000000
0x00007ffee022d4b0:   00007fff7bb62163 00007fff7bb75434
0x00007ffee022d4c0:   00006000022ee848 00007fff7ba99c5b
0x00007ffee022d4d0:   00007fff7bb7533d 00007fff7ba9980c
0x00007ffee022d4e0:   00007fff7ba99ee6 00007fff7bb243b9
0x00007ffee022d4f0:   00007fff7bb75441 0000600000d44d80
0x00007ffee022d500:   0000600003826260 00006000022ee840
0x00007ffee022d510:   0000000000000d15 0000000000000000
0x00007ffee022d520:   7faf76cbec9a006b 0000600003e58620
0x00007ffee022d530:   00006000016fb400 00000001e022d6a8
0x00007ffee022d540:   00006000037db1b0 0000000000000000
0x00007ffee022d550:   00006000038242c0 00007ffee022d6a8
0x00007ffee022d560:   0000000000000001 00007ffee022d6a8
0x00007ffee022d570:   0000000000000000 00007fff806af000
0x00007ffee022d580:   00007ffee022d600 00007fff22ed22c2
0x00007ffee022d590:   00007ffee022d5b0 00007fff202434be
0x00007ffee022d5a0:   00007fff22ecacd4 00006000016fb410
0x00007ffee022d5b0:   00007ffee022d600 00007fff22ecace4
0x00007ffee022d5c0:   00007fd371035058 00007ffee022d648
0x00007ffee022d5d0:   00007ffee022d600 00007ffee022d6a8 

Instructions: (pc=0x000000010fa96651)
0x000000010fa96631:   c3 66 66 66 66 66 2e 0f 1f 84 00 00 00 00 00 0f
0x000000010fa96641:   be c0 48 8b 0d ae f6 48 01 48 63 15 b3 f6 48 01
0x000000010fa96651:   89 04 91 8d 42 01 99 f7 3d aa f6 48 01 3b 15 9c
0x000000010fa96661:   f6 48 01 75 0a e8 55 bf 50 00 eb 09 0f 1f 00 89 

Register to memory mapping:

RAX=0x000000000000002f is an unknown value
RBX=0x00007fd3706d2745 is an unknown value
RCX=0x00007fd373f41000 is an unknown value
RDX=0x0000000000020800 is an unknown value
RSP=0x00007ffee022d3e0 is pointing into the stack for thread: 0x00007fd370d2d000
RBP=0x00007ffee022d3f0 is pointing into the stack for thread: 0x00007fd370d2d000
RSI=0x000000000000260a is an unknown value
RDI=0x00007fd3706d2200 is an unknown value
R8 =0x00007fd3706d2200 is an unknown value
R9 =0x00007fd370008101 is an unknown value
R10=0x0000600000ada010 is an unknown value
R11=0x0000000111922da0: -[ScintillaView getGeneralProperty:parameter:extra:]+0 in /Applications/Stata/StataIC.app/Contents/Frameworks/Scintilla.framework/Versions/A/Scintilla at 0x0000000111910000
R12=0x0000000000000000 is an unknown value
R13=0x00006000038242c0 is an unknown value
R14=0x00007fd3706d2200 is an unknown value
R15=0x00007fff7bb75441: GCC_except_table772+0x5b906b31 in /usr/lib/libobjc.A.dylib at 0x00007fff20239000


Stack: [0x00007ffedfa33000,0x00007ffee0233000],  sp=0x00007ffee022d3e0,  free space=8168k
Native frames: (J=compiled Java code, j=interpreted, Vv=VM code, C=native code)
C  [StataIC+0xc9651]
C  [StataIC+0x1d787]
C  [AppKit+0x34a866]  -[NSTextInputContext(NSInputContext_WithCompletion) doCommandBySelector:completionHandler:]+0xec
C  [AppKit+0x267e2f]  -[NSKeyBindingManager(NSKeyBindingManager_MultiClients) interpretEventAsCommand:forClient:]+0x851
C  [AppKit+0x2712c2]  __84-[NSTextInputContext _handleEvent:options:allowingSyntheticEvent:completionHandler:]_block_invoke_5+0x215
C  [AppKit+0xa1abb8]  __84-[NSTextInputContext _handleEvent:options:allowingSyntheticEvent:completionHandler:]_block_invoke_3.816+0x4a
C  [AppKit+0x27108d]  -[NSTextInputContext tryHandleEvent_HasMarkedText_withDispatchCondition:dispatchWork:continuation:]+0x57
C  [AppKit+0xa1ab3e]  __84-[NSTextInputContext _handleEvent:options:allowingSyntheticEvent:completionHandler:]_block_invoke.813+0xed
C  [HIToolbox+0x69341]  __TSMProcessRawKeyEventWithOptionsAndCompletionHandler_block_invoke_5+0x46
C  [HIToolbox+0x7b68b]  ___ZL23DispatchEventToHandlersP14EventTargetRecP14OpaqueEventRefP14HandlerCallRec_block_invoke+0x6e
C  [AppKit+0xa16252]  __55-[NSTextInputContext handleTSMEvent:completionHandler:]_block_invoke.290+0x375
C  [AppKit+0x269c78]  __55-[NSTextInputContext handleTSMEvent:completionHandler:]_block_invoke_2+0x4a
C  [AppKit+0x269c00]  -[NSTextInputContext tryHandleTSMEvent_HasMarkedText_withDispatchCondition:dispatchWork:continuation:]+0x57
C  [AppKit+0x269158]  -[NSTextInputContext handleTSMEvent:completionHandler:]+0x761
C  [AppKit+0x268982]  _NSTSMEventHandler+0x12b
C  [HIToolbox+0x9631]  _ZL23DispatchEventToHandlersP14EventTargetRecP14OpaqueEventRefP14HandlerCallRec+0x552
C  [HIToolbox+0x8a53]  _ZL30SendEventToEventTargetInternalP14OpaqueEventRefP20OpaqueEventTargetRefP14HandlerCallRec+0x14b
C  [HIToolbox+0x88fc]  SendEventToEventTargetWithOptions+0x2d
C  [HIToolbox+0x657b6]  SendTSMEvent_WithCompletionHandler+0x17d
C  [HIToolbox+0x65c61]  __SendUnicodeTextAEToUnicodeDoc_WithCompletionHandler_block_invoke+0x183
C  [HIToolbox+0x65ab9]  __SendFilterTextEvent_WithCompletionHandler_block_invoke+0xb6
C  [HIToolbox+0x65804]  SendTSMEvent_WithCompletionHandler+0x1cb
C  [HIToolbox+0x6560c]  SendFilterTextEvent_WithCompletionHandler+0xe1
C  [HIToolbox+0x652e9]  SendUnicodeTextAEToUnicodeDoc_WithCompletionHandler+0x115
C  [HIToolbox+0x65096]  __utDeliverTSMEvent_WithCompletionHandler_block_invoke_2+0x119
C  [HIToolbox+0x64ef6]  __utDeliverTSMEvent_WithCompletionHandler_block_invoke+0x162
C  [HIToolbox+0x64d4a]  TSMKeyEvent_WithCompletionHandler+0x24f
C  [HIToolbox+0x64ae0]  __TSMProcessRawKeyEventWithOptionsAndCompletionHandler_block_invoke_4+0xfa
C  [HIToolbox+0x6495f]  __TSMProcessRawKeyEventWithOptionsAndCompletionHandler_block_invoke_3+0x101
C  [HIToolbox+0x6472b]  __TSMProcessRawKeyEventWithOptionsAndCompletionHandler_block_invoke_2+0x11a
C  [HIToolbox+0x644de]  __TSMProcessRawKeyEventWithOptionsAndCompletionHandler_block_invoke+0x112
C  [HIToolbox+0x532d3]  TSMProcessRawKeyEventWithOptionsAndCompletionHandler+0xd79
C  [AppKit+0xa1aa3c]  __84-[NSTextInputContext _handleEvent:options:allowingSyntheticEvent:completionHandler:]_block_invoke_3.811+0x6e
C  [AppKit+0xa1a793]  __204-[NSTextInputContext tryTSMProcessRawKeyEvent_orSubstitution:dispatchCondition:setupForDispatch:furtherCondition:doubleSpaceSubstitutionCondition:doubleSpaceSubstitutionWork:dispatchTSMWork:continuation:]_block_invoke.768+0x78
C  [AppKit+0x26747f]  -[NSTextInputContext tryTSMProcessRawKeyEvent_orSubstitution:dispatchCondition:setupForDispatch:furtherCondition:doubleSpaceSubstitutionCondition:doubleSpaceSubstitutionWork:dispatchTSMWork:continuation:]+0xf5
C  [AppKit+0x266e8b]  -[NSTextInputContext _handleEvent:options:allowingSyntheticEvent:completionHandler:]+0x590
C  [AppKit+0x2668be]  -[NSTextInputContext _handleEvent:allowingSyntheticEvent:]+0x69
C  [AppKit+0x2667b3]  -[NSView interpretKeyEvents:]+0xd1
C  [Scintilla+0x10552]  -[SCIContentView keyDown:]+0x89
C  [StataIC+0x6beab1]
C  [AppKit+0x1ca578]  -[NSWindow(NSEventRouting) _reallySendEvent:isDelayedEvent:]+0x1952
C  [AppKit+0x1c8a06]  -[NSWindow(NSEventRouting) sendEvent:]+0x15b
C  [AppKit+0x1c7881]  -[NSApplication(NSEvent) sendEvent:]+0xbcd
C  [StataIC+0x1aadd]
C  [StataIC+0x1ac0a]
C  [StataIC+0x1afb6]
C  [StataIC+0x6790c2]
C  [StataIC+0xc8fb5]
C  [StataIC+0x5d5954]
C  [StataIC+0x5d5631]
C  [StataIC+0x4081bf]
C  [StataIC+0x6126d6]
C  [libdyld.dylib+0x15f3d]  start+0x1
C  0x0000000000000001


---------------  P R O C E S S  ---------------

Java Threads: ( => current thread )
=>0x00007fd370d2d000 JavaThread "Thread-1" [_thread_in_native, id=259, stack(0x00007ffedfa33000,0x00007ffee0233000)]
  0x00007fd37110a800 JavaThread "Service Thread" daemon [_thread_blocked, id=83715, stack(0x0000700004ec3000,0x00007000050c3000)]
  0x00007fd370643000 JavaThread "C1 CompilerThread3" daemon [_thread_blocked, id=48131, stack(0x0000700004dc0000,0x0000700004ec0000)]
  0x00007fd371132800 JavaThread "C2 CompilerThread2" daemon [_thread_blocked, id=47619, stack(0x0000700004cbd000,0x0000700004dbd000)]
  0x00007fd3720f0800 JavaThread "C2 CompilerThread1" daemon [_thread_blocked, id=47363, stack(0x0000700004bba000,0x0000700004cba000)]
  0x00007fd370c5a000 JavaThread "C2 CompilerThread0" daemon [_thread_blocked, id=46851, stack(0x0000700004ab7000,0x0000700004bb7000)]
  0x00007fd370c59800 JavaThread "Signal Dispatcher" daemon [_thread_blocked, id=46595, stack(0x00007000048b4000,0x0000700004ab4000)]
  0x00007fd3720ef800 JavaThread "Surrogate Locker Thread (Concurrent GC)" daemon [_thread_blocked, id=46083, stack(0x00007000046b1000,0x00007000048b1000)]
  0x00007fd3720bc000 JavaThread "Finalizer" daemon [_thread_blocked, id=85763, stack(0x00007000043a8000,0x00007000045a8000)]
  0x00007fd370149000 JavaThread "Reference Handler" daemon [_thread_blocked, id=86027, stack(0x00007000041a5000,0x00007000043a5000)]
  0x00007fd37207c000 JavaThread "main" [_thread_in_native, id=14087, stack(0x0000700003375000,0x00007000033f5000)]

Other Threads:
  0x00007fd372086000 VMThread [stack: 0x00007000040a2000,0x00007000041a2000] [id=86275]
  0x00007fd371109800 WatcherThread [stack: 0x00007000050c6000,0x00007000051c6000] [id=48387]

VM state:not at safepoint (normal execution)

VM Mutex/Monitor currently owned by a thread: None

heap address: 0x00000007a8000000, size: 384 MB, Compressed Oops mode: Zero based, Oop shift amount: 3
Narrow klass base: 0x0000000000000000, Narrow klass shift: 3
Compressed class space size: 1073741824 Address: 0x00000007c0000000

Heap:
 par new generation   total 39424K, used 1402K [0x00000007a8000000, 0x00000007aaac0000, 0x00000007b0000000)
  eden space 35072K,   4% used [0x00000007a8000000, 0x00000007a815ebf8, 0x00000007aa240000)
  from space 4352K,   0% used [0x00000007aa240000, 0x00000007aa240000, 0x00000007aa680000)
  to   space 4352K,   0% used [0x00000007aa680000, 0x00000007aa680000, 0x00000007aaac0000)
 concurrent mark-sweep generation total 87424K, used 2845K [0x00000007b0000000, 0x00000007b5560000, 0x00000007c0000000)
 Metaspace       used 10727K, capacity 10958K, committed 11392K, reserved 1058816K
  class space    used 1177K, capacity 1265K, committed 1408K, reserved 1048576K

Card table byte_map: [0x0000000120f3d000,0x0000000120ffe000] byte_map_base: 0x000000011d1fd000

Marking Bits: (CMSBitMap*) 0x00007fd3705fe148
 Bits: [0x000000013192b000, 0x0000000131d2b000)

Mod Union Table: (CMSBitMap*) 0x00007fd3705fe208
 Bits: [0x0000000120ffe000, 0x000000012100e000)

Polling page: 0x0000000120f21000

CodeCache: size=245760Kb used=3586Kb max_used=3593Kb free=242173Kb
 bounds [0x00000001224ea000, 0x000000012287a000, 0x00000001314ea000]
 total_blobs=1397 nmethods=1018 adapters=292
 compilation: enabled

Compilation events (10 events):
Event: 190736.532 Thread 0x00007fd370643000 1014       1       java.util.concurrent.locks.AbstractOwnableSynchronizer::getExclusiveOwnerThread (5 bytes)
Event: 190736.606 Thread 0x00007fd370643000 nmethod 1014 0x000000012286d790 code [0x000000012286d8e0, 0x000000012286d9f0]
Event: 198119.035 Thread 0x00007fd370643000 1015       3       java.util.ArrayList::contains (14 bytes)
Event: 198119.058 Thread 0x00007fd370643000 nmethod 1015 0x000000012286d390 code [0x000000012286d500, 0x000000012286d6e8]
Event: 198119.058 Thread 0x00007fd370643000 1016       3       java.util.ArrayList::indexOf (67 bytes)
Event: 198119.062 Thread 0x00007fd370643000 nmethod 1016 0x000000012286cad0 code [0x000000012286cc80, 0x000000012286d168]
Event: 198975.492 Thread 0x00007fd370643000 1017       3       java.util.concurrent.locks.AbstractOwnableSynchronizer::setExclusiveOwnerThread (6 bytes)
Event: 198975.494 Thread 0x00007fd370643000 nmethod 1017 0x000000012286c790 code [0x000000012286c8e0, 0x000000012286ca50]
Event: 199036.467 Thread 0x00007fd370643000 1018       1       java.awt.AWTEvent::getID (5 bytes)
Event: 199036.467 Thread 0x00007fd370643000 nmethod 1018 0x000000012286c4d0 code [0x000000012286c620, 0x000000012286c730]

GC Heap History (10 events):
Event: 198974.479 GC heap before
{Heap before GC invocations=29 (full 29):
 par new generation   total 39424K, used 701K [0x00000007a8000000, 0x00000007aaac0000, 0x00000007b0000000)
  eden space 35072K,   2% used [0x00000007a8000000, 0x00000007a80af5e0, 0x00000007aa240000)
  from space 4352K,   0% used [0x00000007aa240000, 0x00000007aa240000, 0x00000007aa680000)
  to   space 4352K,   0% used [0x00000007aa680000, 0x00000007aa680000, 0x00000007aaac0000)
 concurrent mark-sweep generation total 87424K, used 2845K [0x00000007b0000000, 0x00000007b5560000, 0x00000007c0000000)
 Metaspace       used 10726K, capacity 10958K, committed 11392K, reserved 1058816K
  class space    used 1177K, capacity 1265K, committed 1408K, reserved 1048576K
Event: 198974.488 GC heap after
Heap after GC invocations=30 (full 30):
 par new generation   total 39424K, used 0K [0x00000007a8000000, 0x00000007aaac0000, 0x00000007b0000000)
  eden space 35072K,   0% used [0x00000007a8000000, 0x00000007a8000000, 0x00000007aa240000)
  from space 4352K,   0% used [0x00000007aa240000, 0x00000007aa240000, 0x00000007aa680000)
  to   space 4352K,   0% used [0x00000007aa680000, 0x00000007aa680000, 0x00000007aaac0000)
 concurrent mark-sweep generation total 87424K, used 2845K [0x00000007b0000000, 0x00000007b5560000, 0x00000007c0000000)
 Metaspace       used 10726K, capacity 10958K, committed 11392K, reserved 1058816K
  class space    used 1177K, capacity 1265K, committed 1408K, reserved 1048576K
}
Event: 199035.443 GC heap before
{Heap before GC invocations=30 (full 30):
 par new generation   total 39424K, used 1753K [0x00000007a8000000, 0x00000007aaac0000, 0x00000007b0000000)
  eden space 35072K,   5% used [0x00000007a8000000, 0x00000007a81b6718, 0x00000007aa240000)
  from space 4352K,   0% used [0x00000007aa240000, 0x00000007aa240000, 0x00000007aa680000)
  to   space 4352K,   0% used [0x00000007aa680000, 0x00000007aa680000, 0x00000007aaac0000)
 concurrent mark-sweep generation total 87424K, used 2845K [0x00000007b0000000, 0x00000007b5560000, 0x00000007c0000000)
 Metaspace       used 10727K, capacity 10958K, committed 11392K, reserved 1058816K
  class space    used 1177K, capacity 1265K, committed 1408K, reserved 1048576K
Event: 199035.453 GC heap after
Heap after GC invocations=31 (full 31):
 par new generation   total 39424K, used 0K [0x00000007a8000000, 0x00000007aaac0000, 0x00000007b0000000)
  eden space 35072K,   0% used [0x00000007a8000000, 0x00000007a8000000, 0x00000007aa240000)
  from space 4352K,   0% used [0x00000007aa240000, 0x00000007aa240000, 0x00000007aa680000)
  to   space 4352K,   0% used [0x00000007aa680000, 0x00000007aa680000, 0x00000007aaac0000)
 concurrent mark-sweep generation total 87424K, used 2845K [0x00000007b0000000, 0x00000007b5560000, 0x00000007c0000000)
 Metaspace       used 10727K, capacity 10958K, committed 11392K, reserved 1058816K
  class space    used 1177K, capacity 1265K, committed 1408K, reserved 1048576K
}
Event: 199035.453 GC heap before
{Heap before GC invocations=31 (full 31):
 par new generation   total 39424K, used 0K [0x00000007a8000000, 0x00000007aaac0000, 0x00000007b0000000)
  eden space 35072K,   0% used [0x00000007a8000000, 0x00000007a8000010, 0x00000007aa240000)
  from space 4352K,   0% used [0x00000007aa240000, 0x00000007aa240000, 0x00000007aa680000)
  to   space 4352K,   0% used [0x00000007aa680000, 0x00000007aa680000, 0x00000007aaac0000)
 concurrent mark-sweep generation total 87424K, used 2845K [0x00000007b0000000, 0x00000007b5560000, 0x00000007c0000000)
 Metaspace       used 10727K, capacity 10958K, committed 11392K, reserved 1058816K
  class space    used 1177K, capacity 1265K, committed 1408K, reserved 1048576K
Event: 199035.463 GC heap after
Heap after GC invocations=32 (full 32):
 par new generation   total 39424K, used 0K [0x00000007a8000000, 0x00000007aaac0000, 0x00000007b0000000)
  eden space 35072K,   0% used [0x00000007a8000000, 0x00000007a8000000, 0x00000007aa240000)
  from space 4352K,   0% used [0x00000007aa240000, 0x00000007aa240000, 0x00000007aa680000)
  to   space 4352K,   0% used [0x00000007aa680000, 0x00000007aa680000, 0x00000007aaac0000)
 concurrent mark-sweep generation total 87424K, used 2845K [0x00000007b0000000, 0x00000007b5560000, 0x00000007c0000000)
 Metaspace       used 10727K, capacity 10958K, committed 11392K, reserved 1058816K
  class space    used 1177K, capacity 1265K, committed 1408K, reserved 1048576K
}
Event: 199177.180 GC heap before
{Heap before GC invocations=32 (full 32):
 par new generation   total 39424K, used 1753K [0x00000007a8000000, 0x00000007aaac0000, 0x00000007b0000000)
  eden space 35072K,   5% used [0x00000007a8000000, 0x00000007a81b66e8, 0x00000007aa240000)
  from space 4352K,   0% used [0x00000007aa240000, 0x00000007aa240000, 0x00000007aa680000)
  to   space 4352K,   0% used [0x00000007aa680000, 0x00000007aa680000, 0x00000007aaac0000)
 concurrent mark-sweep generation total 87424K, used 2845K [0x00000007b0000000, 0x00000007b5560000, 0x00000007c0000000)
 Metaspace       used 10727K, capacity 10958K, committed 11392K, reserved 1058816K
  class space    used 1177K, capacity 1265K, committed 1408K, reserved 1048576K
Event: 199177.192 GC heap after
Heap after GC invocations=33 (full 33):
 par new generation   total 39424K, used 0K [0x00000007a8000000, 0x00000007aaac0000, 0x00000007b0000000)
  eden space 35072K,   0% used [0x00000007a8000000, 0x00000007a8000000, 0x00000007aa240000)
  from space 4352K,   0% used [0x00000007aa240000, 0x00000007aa240000, 0x00000007aa680000)
  to   space 4352K,   0% used [0x00000007aa680000, 0x00000007aa680000, 0x00000007aaac0000)
 concurrent mark-sweep generation total 87424K, used 2845K [0x00000007b0000000, 0x00000007b5560000, 0x00000007c0000000)
 Metaspace       used 10727K, capacity 10958K, committed 11392K, reserved 1058816K
  class space    used 1177K, capacity 1265K, committed 1408K, reserved 1048576K
}
Event: 199177.192 GC heap before
{Heap before GC invocations=33 (full 33):
 par new generation   total 39424K, used 0K [0x00000007a8000000, 0x00000007aaac0000, 0x00000007b0000000)
  eden space 35072K,   0% used [0x00000007a8000000, 0x00000007a8000010, 0x00000007aa240000)
  from space 4352K,   0% used [0x00000007aa240000, 0x00000007aa240000, 0x00000007aa680000)
  to   space 4352K,   0% used [0x00000007aa680000, 0x00000007aa680000, 0x00000007aaac0000)
 concurrent mark-sweep generation total 87424K, used 2845K [0x00000007b0000000, 0x00000007b5560000, 0x00000007c0000000)
 Metaspace       used 10727K, capacity 10958K, committed 11392K, reserved 1058816K
  class space    used 1177K, capacity 1265K, committed 1408K, reserved 1048576K
Event: 199177.201 GC heap after
Heap after GC invocations=34 (full 34):
 par new generation   total 39424K, used 0K [0x00000007a8000000, 0x00000007aaac0000, 0x00000007b0000000)
  eden space 35072K,   0% used [0x00000007a8000000, 0x00000007a8000000, 0x00000007aa240000)
  from space 4352K,   0% used [0x00000007aa240000, 0x00000007aa240000, 0x00000007aa680000)
  to   space 4352K,   0% used [0x00000007aa680000, 0x00000007aa680000, 0x00000007aaac0000)
 concurrent mark-sweep generation total 87424K, used 2845K [0x00000007b0000000, 0x00000007b5560000, 0x00000007c0000000)
 Metaspace       used 10727K, capacity 10958K, committed 11392K, reserved 1058816K
  class space    used 1177K, capacity 1265K, committed 1408K, reserved 1048576K
}

Deoptimization events (10 events):
Event: 0.559 Thread 0x00007fd370686800 Uncommon trap: reason=class_check action=maybe_recompile pc=0x00000001226dd550 method=java.util.regex.Pattern$BmpCharProperty.match(Ljava/util/regex/Matcher;ILjava/lang/CharSequence;)Z @ 31
Event: 0.559 Thread 0x00007fd370686800 Uncommon trap: reason=unstable_if action=reinterpret pc=0x00000001226dd4e4 method=java.util.regex.Pattern$BmpCharProperty.match(Ljava/util/regex/Matcher;ILjava/lang/CharSequence;)Z @ 5
Event: 0.702 Thread 0x00007fd370686800 Uncommon trap: reason=unstable_if action=reinterpret pc=0x00000001226c6e68 method=java.lang.CharacterDataLatin1.digit(II)I @ 82
Event: 1.640 Thread 0x00007fd370686800 Uncommon trap: reason=unstable_if action=reinterpret pc=0x00000001226c991c method=java.lang.CharacterDataLatin1.digit(II)I @ 82
Event: 2.052 Thread 0x00007fd370686800 Uncommon trap: reason=unstable_if action=reinterpret pc=0x000000012279bc2c method=java.util.Arrays.equals([B[B)Z @ 41
Event: 2.690 Thread 0x00007fd370686800 Uncommon trap: reason=bimorphic action=maybe_recompile pc=0x000000012280a8c4 method=java.util.regex.Pattern$BmpCharProperty.match(Ljava/util/regex/Matcher;ILjava/lang/CharSequence;)Z @ 16
Event: 2.690 Thread 0x00007fd370686800 Uncommon trap: reason=bimorphic action=maybe_recompile pc=0x000000012280a8c4 method=java.util.regex.Pattern$BmpCharProperty.match(Ljava/util/regex/Matcher;ILjava/lang/CharSequence;)Z @ 16
Event: 2.690 Thread 0x00007fd370686800 Uncommon trap: reason=bimorphic action=maybe_recompile pc=0x000000012280a8c4 method=java.util.regex.Pattern$BmpCharProperty.match(Ljava/util/regex/Matcher;ILjava/lang/CharSequence;)Z @ 16
Event: 2.690 Thread 0x00007fd370686800 Uncommon trap: reason=bimorphic action=maybe_recompile pc=0x000000012280a8c4 method=java.util.regex.Pattern$BmpCharProperty.match(Ljava/util/regex/Matcher;ILjava/lang/CharSequence;)Z @ 16
Event: 2.690 Thread 0x00007fd370686800 Uncommon trap: reason=unstable_if action=reinterpret pc=0x00000001228279b0 method=java.util.HashMap$HashIterator.<init>(Ljava/util/HashMap;)V @ 45

Classes redefined (0 events):
No events

Internal exceptions (10 events):
Event: 0.115 Thread 0x00007fd37207c000 Exception <a 'java/lang/NoSuchMethodError': Method sun.misc.Unsafe.defineClass(Ljava/lang/String;[BII)Ljava/lang/Class; name or signature does not match> (0x00000007a8007cb0) thrown at [/Users/java_re/workspace/8-2-build-macosx-x86_64/jdk8u202/12323/hotsp
Event: 0.115 Thread 0x00007fd37207c000 Exception <a 'java/lang/NoSuchMethodError': Method sun.misc.Unsafe.prefetchRead(Ljava/lang/Object;J)V name or signature does not match> (0x00000007a8007f98) thrown at [/Users/java_re/workspace/8-2-build-macosx-x86_64/jdk8u202/12323/hotspot/src/share/vm/pr
Event: 0.291 Thread 0x00007fd37207c000 Exception <a 'java/lang/NoSuchFieldError': method resolution failed> (0x00000007a8257908) thrown at [/Users/java_re/workspace/8-2-build-macosx-x86_64/jdk8u202/12323/hotspot/src/share/vm/prims/methodHandles.cpp, line 1167]
Event: 0.293 Thread 0x00007fd37207c000 Exception <a 'java/lang/NoSuchFieldError': method resolution failed> (0x00000007a8264d08) thrown at [/Users/java_re/workspace/8-2-build-macosx-x86_64/jdk8u202/12323/hotspot/src/share/vm/prims/methodHandles.cpp, line 1167]
Event: 0.351 Thread 0x00007fd370686800 Exception <a 'java/security/PrivilegedActionException'> (0x00000007a83ec3e8) thrown at [/Users/java_re/workspace/8-2-build-macosx-x86_64/jdk8u202/12323/hotspot/src/share/vm/prims/jvm.cpp, line 1502]
Event: 0.351 Thread 0x00007fd370686800 Exception <a 'java/security/PrivilegedActionException'> (0x00000007a83ec5f8) thrown at [/Users/java_re/workspace/8-2-build-macosx-x86_64/jdk8u202/12323/hotspot/src/share/vm/prims/jvm.cpp, line 1502]
Event: 0.351 Thread 0x00007fd370686800 Exception <a 'java/security/PrivilegedActionException'> (0x00000007a83efe30) thrown at [/Users/java_re/workspace/8-2-build-macosx-x86_64/jdk8u202/12323/hotspot/src/share/vm/prims/jvm.cpp, line 1502]
Event: 0.351 Thread 0x00007fd370686800 Exception <a 'java/security/PrivilegedActionException'> (0x00000007a83f0040) thrown at [/Users/java_re/workspace/8-2-build-macosx-x86_64/jdk8u202/12323/hotspot/src/share/vm/prims/jvm.cpp, line 1502]
Event: 24853.333 Thread 0x00007fd370d2d000 Exception <a 'java/io/FileNotFoundException'> (0x00000007a95f66f8) thrown at [/Users/java_re/workspace/8-2-build-macosx-x86_64/jdk8u202/12323/hotspot/src/share/vm/prims/jni.cpp, line 710]
Event: 24853.333 Thread 0x00007fd370d2d000 Exception <a 'java/io/FileNotFoundException'> (0x00000007a95f72d0) thrown at [/Users/java_re/workspace/8-2-build-macosx-x86_64/jdk8u202/12323/hotspot/src/share/vm/prims/jni.cpp, line 710]

Events (10 events):
Event: 199036.467 Thread 0x00007fd372324000 Thread exited: 0x00007fd372324000
Event: 199036.467 Thread 0x00007fd372445000 Thread exited: 0x00007fd372445000
Event: 199177.179 Thread 0x00007fd3721af000 Thread added: 0x00007fd3721af000
Event: 199177.180 Thread 0x00007fd370d69000 Thread added: 0x00007fd370d69000
Event: 199177.180 Executing VM operation: GenCollectFull
Event: 199177.192 Executing VM operation: GenCollectFull done
Event: 199177.192 Executing VM operation: GenCollectFull
Event: 199177.201 Executing VM operation: GenCollectFull done
Event: 199178.205 Thread 0x00007fd3721af000 Thread exited: 0x00007fd3721af000
Event: 199178.205 Thread 0x00007fd370d69000 Thread exited: 0x00007fd370d69000


Dynamic libraries:
0x00007fff330f3000 	/System/Library/Frameworks/ApplicationServices.framework/Versions/A/ApplicationServices
0x00007fff34eeb000 	/System/Library/Frameworks/Cocoa.framework/Versions/A/Cocoa
0x00007fff26c07000 	/System/Library/Frameworks/QuartzCore.framework/Versions/A/QuartzCore
0x00007fff20edc000 	/System/Library/Frameworks/SystemConfiguration.framework/Versions/A/SystemConfiguration
0x0000000111910000 	/Applications/Stata/StataIC.app/Contents/Frameworks/Scintilla.framework/Versions/A/Scintilla
0x00007fff202ff000 	/usr/lib/libc++.1.dylib
0x00007fff211c8000 	/System/Library/Frameworks/Foundation.framework/Versions/C/Foundation
0x00007fff20239000 	/usr/lib/libobjc.A.dylib
0x00007fff2a57a000 	/usr/lib/libSystem.B.dylib
0x00007fff22c61000 	/System/Library/Frameworks/AppKit.framework/Versions/C/AppKit
0x00007fff20419000 	/System/Library/Frameworks/CoreFoundation.framework/Versions/A/CoreFoundation
0x00007fff24fa2000 	/System/Library/Frameworks/CoreGraphics.framework/Versions/A/CoreGraphics
0x00007fff2ff18000 	/System/Library/Frameworks/CoreServices.framework/Versions/A/CoreServices
0x00007fff219b8000 	/System/Library/Frameworks/CoreText.framework/Versions/A/CoreText
0x00007fff289ec000 	/System/Library/Frameworks/ImageIO.framework/Versions/A/ImageIO
0x00007fff2562c000 	/System/Library/Frameworks/ColorSync.framework/Versions/A/ColorSync
0x00007fff2cdaa000 	/System/Library/Frameworks/ApplicationServices.framework/Versions/A/Frameworks/ATS.framework/Versions/A/ATS
0x00007fff2d0bd000 	/System/Library/Frameworks/ApplicationServices.framework/Versions/A/Frameworks/ColorSyncLegacy.framework/Versions/A/ColorSyncLegacy
0x00007fff25723000 	/System/Library/Frameworks/ApplicationServices.framework/Versions/A/Frameworks/HIServices.framework/Versions/A/HIServices
0x00007fff2d0a2000 	/System/Library/Frameworks/ApplicationServices.framework/Versions/A/Frameworks/LangAnalysis.framework/Versions/A/LangAnalysis
0x00007fff2bd55000 	/System/Library/Frameworks/ApplicationServices.framework/Versions/A/Frameworks/PrintCore.framework/Versions/A/PrintCore
0x00007fff2d0c5000 	/System/Library/Frameworks/ApplicationServices.framework/Versions/A/Frameworks/QD.framework/Versions/A/QD
0x00007fff2cd9a000 	/System/Library/Frameworks/ApplicationServices.framework/Versions/A/Frameworks/SpeechSynthesis.framework/Versions/A/SpeechSynthesis
0x00007fff24c3c000 	/System/Library/PrivateFrameworks/SkyLight.framework/Versions/A/SkyLight
0x00007fff28551000 	/System/Library/PrivateFrameworks/FontServices.framework/libFontParser.dylib
0x00007fff300d4000 	/System/Library/Frameworks/Accelerate.framework/Versions/A/Accelerate
0x00007fff28309000 	/System/Library/Frameworks/IOSurface.framework/Versions/A/IOSurface
0x00007fff2720d000 	/usr/lib/libxml2.2.dylib
0x00007fff24700000 	/System/Library/Frameworks/CFNetwork.framework/Versions/A/CFNetwork
0x00007fff2a4b2000 	/usr/lib/libz.1.dylib
0x00007fff26224000 	/System/Library/PrivateFrameworks/RunningBoardServices.framework/Versions/A/RunningBoardServices
0x00007fff24baf000 	/usr/lib/libMobileGestalt.dylib
0x00007fff2ba6d000 	/System/Library/PrivateFrameworks/WatchdogClient.framework/Versions/A/WatchdogClient
0x00007fff2a7f1000 	/usr/lib/libcompression.dylib
0x00007fff264ad000 	/usr/lib/libDiagnosticMessagesClient.dylib
0x00007fff21610000 	/System/Library/Frameworks/CoreDisplay.framework/Versions/A/CoreDisplay
0x00007fff28466000 	/System/Library/Frameworks/CoreMedia.framework/Versions/A/CoreMedia
0x00007fff2831b000 	/System/Library/PrivateFrameworks/IOAccelerator.framework/Versions/A/IOAccelerator
0x00007fff22b58000 	/System/Library/Frameworks/IOKit.framework/Versions/A/IOKit
0x00007fff28325000 	/System/Library/Frameworks/Metal.framework/Versions/A/Metal
0x00007fff272f0000 	/System/Library/Frameworks/CoreVideo.framework/Versions/A/CoreVideo
0x00007fff2a7ea000 	/System/Library/Frameworks/MetalPerformanceShaders.framework/Versions/A/MetalPerformanceShaders
0x00007fff2ba71000 	/System/Library/PrivateFrameworks/MultitouchSupport.framework/Versions/A/MultitouchSupport
0x00007fff22230000 	/System/Library/Frameworks/Security.framework/Versions/A/Security
0x00007fff29d2d000 	/usr/lib/libbsm.0.dylib
0x00007fff2a580000 	/System/Library/PrivateFrameworks/SoftLinking.framework/Versions/A/SoftLinking
0x00007fff2647d000 	/System/Library/PrivateFrameworks/CoreAnalytics.framework/Versions/A/CoreAnalytics
0x00007fff2baa8000 	/System/Library/Frameworks/VideoToolbox.framework/Versions/A/VideoToolbox
0x00007fff261a4000 	/System/Library/PrivateFrameworks/BaseBoard.framework/Versions/A/BaseBoard
0x00007fff27190000 	/System/Library/Frameworks/CoreServices.framework/Versions/A/Frameworks/FSEvents.framework/Versions/A/FSEvents
0x00007fff227f2000 	/System/Library/Frameworks/CoreServices.framework/Versions/A/Frameworks/CarbonCore.framework/Versions/A/CarbonCore
0x00007fff264fd000 	/System/Library/Frameworks/CoreServices.framework/Versions/A/Frameworks/Metadata.framework/Versions/A/Metadata
0x00007fff2a2b6000 	/System/Library/Frameworks/CoreServices.framework/Versions/A/Frameworks/OSServices.framework/Versions/A/OSServices
0x00007fff2a72e000 	/System/Library/Frameworks/CoreServices.framework/Versions/A/Frameworks/SearchKit.framework/Versions/A/SearchKit
0x00007fff2626d000 	/System/Library/Frameworks/CoreServices.framework/Versions/A/Frameworks/AE.framework/Versions/A/AE
0x00007fff208b7000 	/System/Library/Frameworks/CoreServices.framework/Versions/A/Frameworks/LaunchServices.framework/Versions/A/LaunchServices
0x00007fff2abb5000 	/System/Library/Frameworks/CoreServices.framework/Versions/A/Frameworks/DictionaryServices.framework/Versions/A/DictionaryServices
0x00007fff2719d000 	/System/Library/Frameworks/CoreServices.framework/Versions/A/Frameworks/SharedFileList.framework/Versions/A/SharedFileList
0x00007fff2a7bb000 	/usr/lib/libapple_nghttp2.dylib
0x00007fff22588000 	/usr/lib/libicucore.A.dylib
0x00007fff24079000 	/usr/lib/libnetwork.dylib
0x00007fff25f5b000 	/usr/lib/libsqlite3.dylib
0x00007fff2a547000 	/usr/lib/liboah.dylib
0x00007fff2a57c000 	/usr/lib/libfakelink.dylib
0x00007fff20355000 	/usr/lib/libc++abi.dylib
0x00007fff2a574000 	/usr/lib/system/libcache.dylib
0x00007fff2a530000 	/usr/lib/system/libcommonCrypto.dylib
0x00007fff2a55a000 	/usr/lib/system/libcompiler_rt.dylib
0x00007fff2a54f000 	/usr/lib/system/libcopyfile.dylib
0x00007fff20129000 	/usr/lib/system/libcorecrypto.dylib
0x00007fff201f4000 	/usr/lib/system/libdispatch.dylib
0x00007fff203a7000 	/usr/lib/system/libdyld.dylib
0x00007fff2a56b000 	/usr/lib/system/libkeymgr.dylib
0x00007fff2d983000 	/usr/lib/system/liblaunch.dylib
0x00007fff2a50e000 	/usr/lib/system/libmacho.dylib
0x00007fff29d06000 	/usr/lib/system/libquarantine.dylib
0x00007fff2a568000 	/usr/lib/system/libremovefile.dylib
0x00007fff24c0c000 	/usr/lib/system/libsystem_asl.dylib
0x00007fff200d9000 	/usr/lib/system/libsystem_blocks.dylib
0x00007fff20276000 	/usr/lib/system/libsystem_c.dylib
0x00007fff2a562000 	/usr/lib/system/libsystem_collections.dylib
0x00007fff2900c000 	/usr/lib/system/libsystem_configuration.dylib
0x00007fff282f8000 	/usr/lib/system/libsystem_containermanager.dylib
0x00007fff2a2b1000 	/usr/lib/system/libsystem_coreservices.dylib
0x00007fff227e8000 	/usr/lib/system/libsystem_darwin.dylib
0x00007fff2a56c000 	/usr/lib/system/libsystem_dnssd.dylib
0x00007fff20273000 	/usr/lib/system/libsystem_featureflags.dylib
0x00007fff203ed000 	/usr/lib/system/libsystem_info.dylib
0x00007fff2a4c5000 	/usr/lib/system/libsystem_m.dylib
0x00007fff201c7000 	/usr/lib/system/libsystem_malloc.dylib
0x00007fff24b9f000 	/usr/lib/system/libsystem_networkextension.dylib
0x00007fff22c07000 	/usr/lib/system/libsystem_notify.dylib
0x00007fff2fe1a000 	/usr/lib/system/libsystem_product_info_filter.dylib
0x00007fff29010000 	/usr/lib/system/libsystem_sandbox.dylib
0x00007fff2a565000 	/usr/lib/system/libsystem_secinit.dylib
0x00007fff2036b000 	/usr/lib/system/libsystem_kernel.dylib
0x00007fff203e3000 	/usr/lib/system/libsystem_platform.dylib
0x00007fff2039b000 	/usr/lib/system/libsystem_pthread.dylib
0x00007fff262e9000 	/usr/lib/system/libsystem_symptoms.dylib
0x00007fff20111000 	/usr/lib/system/libsystem_trace.dylib
0x00007fff2a53c000 	/usr/lib/system/libunwind.dylib
0x00007fff200db000 	/usr/lib/system/libxpc.dylib
0x00007fff24bae000 	/usr/lib/libenergytrace.dylib
0x00007fff2a514000 	/usr/lib/system/libkxld.dylib
0x00007fff2a294000 	/System/Library/PrivateFrameworks/AppleFSCompression.framework/Versions/A/AppleFSCompression
0x00007fff29d15000 	/usr/lib/libcoretls.dylib
0x00007fff2ac1e000 	/usr/lib/libcoretls_cfhelpers.dylib
0x00007fff2a7ec000 	/usr/lib/libpam.2.dylib
0x00007fff2ad1c000 	/usr/lib/libxar.1.dylib
0x00007fff271c5000 	/System/Library/PrivateFrameworks/CoreAutoLayout.framework/Versions/A/CoreAutoLayout
0x00007fff26598000 	/System/Library/Frameworks/DiskArbitration.framework/Versions/A/DiskArbitration
0x00007fff2a6bc000 	/usr/lib/libarchive.2.dylib
0x00007fff2901b000 	/usr/lib/liblangid.dylib
0x00007fff20f5a000 	/usr/lib/libCRFSuite.dylib
0x00007fff2a581000 	/usr/lib/libpcap.A.dylib
0x00007fff262e2000 	/usr/lib/libdns_services.dylib
0x00007fff2ac05000 	/usr/lib/liblzma.5.dylib
0x00007fff2a2a4000 	/usr/lib/libbz2.1.0.dylib
0x00007fff2a5b9000 	/usr/lib/libiconv.2.dylib
0x00007fff2a50d000 	/usr/lib/libcharset.1.dylib
0x00007fff29017000 	/System/Library/PrivateFrameworks/AppleSystemInfo.framework/Versions/A/AppleSystemInfo
0x00007fff29957000 	/System/Library/PrivateFrameworks/IOMobileFramebuffer.framework/Versions/A/IOMobileFramebuffer
0x00007fff29d09000 	/usr/lib/libCheckFix.dylib
0x00007fff24c23000 	/System/Library/PrivateFrameworks/TCC.framework/Versions/A/TCC
0x00007fff2901d000 	/System/Library/PrivateFrameworks/CoreNLP.framework/Versions/A/CoreNLP
0x00007fff264b0000 	/System/Library/PrivateFrameworks/MetadataUtilities.framework/Versions/A/MetadataUtilities
0x00007fff20f8f000 	/usr/lib/libmecabra.dylib
0x00007fff2a013000 	/System/Library/Frameworks/MLCompute.framework/Versions/A/MLCompute
0x00007fff29d3e000 	/usr/lib/libmecab.dylib
0x00007fff29d88000 	/usr/lib/libgermantok.dylib
0x00007fff2a796000 	/usr/lib/libThaiTokenizer.dylib
0x00007fff2ad57000 	/usr/lib/libChineseTokenizer.dylib
0x00007fff2659f000 	/System/Library/Frameworks/Accelerate.framework/Versions/A/Frameworks/vImage.framework/Versions/A/vImage
0x00007fff2fef2000 	/System/Library/Frameworks/Accelerate.framework/Versions/A/Frameworks/vecLib.framework/Versions/A/vecLib
0x00007fff2ad62000 	/System/Library/Frameworks/Accelerate.framework/Versions/A/Frameworks/vecLib.framework/Versions/A/libvMisc.dylib
0x00007fff29772000 	/System/Library/Frameworks/Accelerate.framework/Versions/A/Frameworks/vecLib.framework/Versions/A/libvDSP.dylib
0x00007fff20bc2000 	/System/Library/Frameworks/Accelerate.framework/Versions/A/Frameworks/vecLib.framework/Versions/A/libBLAS.dylib
0x00007fff2a817000 	/System/Library/Frameworks/Accelerate.framework/Versions/A/Frameworks/vecLib.framework/Versions/A/libLAPACK.dylib
0x00007fff29d8e000 	/System/Library/Frameworks/Accelerate.framework/Versions/A/Frameworks/vecLib.framework/Versions/A/libLinearAlgebra.dylib
0x00007fff2a7d3000 	/System/Library/Frameworks/Accelerate.framework/Versions/A/Frameworks/vecLib.framework/Versions/A/libSparseBLAS.dylib
0x00007fff2a811000 	/System/Library/Frameworks/Accelerate.framework/Versions/A/Frameworks/vecLib.framework/Versions/A/libQuadrature.dylib
0x00007fff290c9000 	/System/Library/Frameworks/Accelerate.framework/Versions/A/Frameworks/vecLib.framework/Versions/A/libBNNS.dylib
0x00007fff20e6d000 	/System/Library/Frameworks/Accelerate.framework/Versions/A/Frameworks/vecLib.framework/Versions/A/libSparse.dylib
0x00007fff28fa5000 	/System/Library/Frameworks/MetalPerformanceShaders.framework/Versions/A/Frameworks/MPSCore.framework/Versions/A/MPSCore
0x00007fff2a203000 	/System/Library/Frameworks/MetalPerformanceShaders.framework/Versions/A/Frameworks/MPSImage.framework/Versions/A/MPSImage
0x00007fff29da4000 	/System/Library/Frameworks/MetalPerformanceShaders.framework/Versions/A/Frameworks/MPSNeuralNetwork.framework/Versions/A/MPSNeuralNetwork
0x00007fff2a175000 	/System/Library/Frameworks/MetalPerformanceShaders.framework/Versions/A/Frameworks/MPSMatrix.framework/Versions/A/MPSMatrix
0x00007fff29fc3000 	/System/Library/Frameworks/MetalPerformanceShaders.framework/Versions/A/Frameworks/MPSRayIntersector.framework/Versions/A/MPSRayIntersector
0x00007fff2a1ac000 	/System/Library/Frameworks/MetalPerformanceShaders.framework/Versions/A/Frameworks/MPSNDArray.framework/Versions/A/MPSNDArray
0x00007fff20aed000 	/System/Library/PrivateFrameworks/MetalTools.framework/Versions/A/MetalTools
0x00007fff29015000 	/System/Library/PrivateFrameworks/AggregateDictionary.framework/Versions/A/AggregateDictionary
0x00007fff2a798000 	/System/Library/PrivateFrameworks/AppleSauce.framework/Versions/A/AppleSauce
0x00007fff6ba77000 	/System/Library/Frameworks/OpenGL.framework/Versions/A/Libraries/libCoreFSCache.dylib
0x00007fff21527000 	/System/Library/PrivateFrameworks/LanguageModeling.framework/Versions/A/LanguageModeling
0x00007fff29945000 	/System/Library/PrivateFrameworks/CoreEmoji.framework/Versions/A/CoreEmoji
0x00007fff290c2000 	/System/Library/PrivateFrameworks/LinguisticData.framework/Versions/A/LinguisticData
0x00007fff20e1f000 	/System/Library/PrivateFrameworks/Lexicon.framework/Versions/A/Lexicon
0x00007fff2a6aa000 	/usr/lib/libcmph.dylib
0x00007fff27170000 	/System/Library/Frameworks/OpenDirectory.framework/Versions/A/Frameworks/CFOpenDirectory.framework/Versions/A/CFOpenDirectory
0x00007fff27160000 	/System/Library/Frameworks/OpenDirectory.framework/Versions/A/OpenDirectory
0x00007fff2ac20000 	/System/Library/PrivateFrameworks/APFS.framework/Versions/A/APFS
0x00007fff29c6b000 	/System/Library/Frameworks/SecurityFoundation.framework/Versions/A/SecurityFoundation
0x00007fff2ad2a000 	/usr/lib/libutil.dylib
0x00007fff271c2000 	/usr/lib/libapp_launch_measurement.dylib
0x00007fff22b1d000 	/System/Library/PrivateFrameworks/CoreServicesStore.framework/Versions/A/CoreServicesStore
0x00007fff29d01000 	/System/Library/Frameworks/ServiceManagement.framework/Versions/A/ServiceManagement
0x00007fff2ad2e000 	/usr/lib/libxslt.1.dylib
0x00007fff29cf7000 	/System/Library/PrivateFrameworks/BackgroundTaskManagement.framework/Versions/A/BackgroundTaskManagement
0x00007fff2b1ed000 	/System/Library/PrivateFrameworks/PersistentConnection.framework/Versions/A/PersistentConnection
0x00007fff25f45000 	/System/Library/PrivateFrameworks/ProtocolBuffer.framework/Versions/A/ProtocolBuffer
0x00007fff2618c000 	/System/Library/PrivateFrameworks/CommonUtilities.framework/Versions/A/CommonUtilities
0x00007fff2b906000 	/System/Library/PrivateFrameworks/Bom.framework/Versions/A/Bom
0x00007fff2ae20000 	/usr/lib/libate.dylib
0x00007fff2bce7000 	/System/Library/Frameworks/ImageIO.framework/Versions/A/Resources/libRadiance.dylib
0x00007fff2bcf1000 	/System/Library/Frameworks/ImageIO.framework/Versions/A/Resources/libJPEG.dylib
0x00007fff2bc3b000 	/System/Library/Frameworks/ImageIO.framework/Versions/A/Resources/libPng.dylib
0x00007fff2bc62000 	/System/Library/Frameworks/ImageIO.framework/Versions/A/Resources/libTIFF.dylib
0x00007fff2bd46000 	/System/Library/Frameworks/ImageIO.framework/Versions/A/Resources/libGIF.dylib
0x00007fff2b98d000 	/System/Library/Frameworks/ImageIO.framework/Versions/A/Resources/libJP2.dylib
0x00007fff2b0a9000 	/usr/lib/libexpat.1.dylib
0x00007fff2b943000 	/System/Library/PrivateFrameworks/AppleJPEG.framework/Versions/A/AppleJPEG
0x00007fff2bcdf000 	/System/Library/PrivateFrameworks/GPUWrangler.framework/Versions/A/GPUWrangler
0x00007fff2bcc2000 	/System/Library/PrivateFrameworks/IOPresentment.framework/Versions/A/IOPresentment
0x00007fff2bceb000 	/System/Library/PrivateFrameworks/DSExternalDisplay.framework/Versions/A/DSExternalDisplay
0x00007fff2bd4b000 	/System/Library/PrivateFrameworks/CMCaptureCore.framework/Versions/A/CMCaptureCore
0x00007fff2b6a3000 	/usr/lib/libspindump.dylib
0x00007fff21b9e000 	/System/Library/Frameworks/CoreAudio.framework/Versions/A/CoreAudio
0x00007fff2b689000 	/System/Library/PrivateFrameworks/AppServerSupport.framework/Versions/A/AppServerSupport
0x00007fff2d726000 	/System/Library/PrivateFrameworks/perfdata.framework/Versions/A/perfdata
0x00007fff29c5a000 	/System/Library/PrivateFrameworks/AssertionServices.framework/Versions/A/AssertionServices
0x00007fff21747000 	/System/Library/PrivateFrameworks/AudioToolboxCore.framework/Versions/A/AudioToolboxCore
0x00007fff28449000 	/System/Library/PrivateFrameworks/caulk.framework/Versions/A/caulk
0x00007fff3cbd2000 	/System/Library/PrivateFrameworks/SystemPolicy.framework/Versions/A/SystemPolicy
0x00007fff2aeb8000 	/usr/lib/libIOReport.dylib
0x00007fff2cf62000 	/usr/lib/libSMC.dylib
0x00007fff2bc07000 	/usr/lib/libAudioToolboxUtility.dylib
0x00007fff3d52f000 	/usr/lib/libmis.dylib
0x00007fff6ba83000 	/System/Library/Frameworks/OpenGL.framework/Versions/A/OpenGL
0x00007fff6bad3000 	/System/Library/Frameworks/OpenGL.framework/Versions/A/Libraries/libGLU.dylib
0x00007fff6ba96000 	/System/Library/Frameworks/OpenGL.framework/Versions/A/Libraries/libGFXShared.dylib
0x00007fff6bca4000 	/System/Library/Frameworks/OpenGL.framework/Versions/A/Libraries/libGL.dylib
0x00007fff6ba9f000 	/System/Library/Frameworks/OpenGL.framework/Versions/A/Libraries/libGLImage.dylib
0x00007fff6ba93000 	/System/Library/Frameworks/OpenGL.framework/Versions/A/Libraries/libCVMSPluginSupport.dylib
0x00007fff6ba7e000 	/System/Library/Frameworks/OpenGL.framework/Versions/A/Libraries/libCoreVMClient.dylib
0x00007fff28c29000 	/System/Library/Frameworks/CoreImage.framework/Versions/A/CoreImage
0x00007fff6d0ee000 	/System/Library/Frameworks/OpenCL.framework/Versions/A/OpenCL
0x00007fff2b216000 	/System/Library/PrivateFrameworks/GraphVisualizer.framework/Versions/A/GraphVisualizer
0x00007fff2b225000 	/System/Library/PrivateFrameworks/FaceCore.framework/Versions/A/FaceCore
0x00007fff2b641000 	/System/Library/PrivateFrameworks/OTSVG.framework/Versions/A/OTSVG
0x00007fff26ee5000 	/System/Library/Frameworks/ApplicationServices.framework/Versions/A/Frameworks/ATS.framework/Versions/A/Resources/libFontRegistry.dylib
0x00007fff2b690000 	/System/Library/PrivateFrameworks/FontServices.framework/libhvf.dylib
0x00007fff2b055000 	/System/Library/PrivateFrameworks/AppleVA.framework/Versions/A/AppleVA
0x00007fff2bd16000 	/System/Library/Frameworks/ApplicationServices.framework/Versions/A/Frameworks/ATSUI.framework/Versions/A/ATSUI
0x00007fff2d042000 	/usr/lib/libcups.2.dylib
0x00007fff2d0b2000 	/System/Library/PrivateFrameworks/NetAuth.framework/Versions/A/NetAuth
0x00007fff2d741000 	/System/Library/Frameworks/Kerberos.framework/Versions/A/Kerberos
0x00007fff2d751000 	/System/Library/Frameworks/GSS.framework/Versions/A/GSS
0x00007fff2ce17000 	/usr/lib/libresolv.9.dylib
0x00007fff2b6a6000 	/System/Library/PrivateFrameworks/Heimdal.framework/Versions/A/Heimdal
0x00007fff33408000 	/System/Library/Frameworks/Kerberos.framework/Versions/A/Libraries/libHeimdalProxy.dylib
0x00007fff262f1000 	/System/Library/Frameworks/Network.framework/Versions/A/Network
0x00007fff2b0c2000 	/usr/lib/libheimdal-asn1.dylib
0x00007fff2d7a2000 	/System/Library/PrivateFrameworks/CommonAuth.framework/Versions/A/CommonAuth
0x00007fff2733e000 	/System/Library/PrivateFrameworks/login.framework/Versions/A/Frameworks/loginsupport.framework/Versions/A/loginsupport
0x00007fff2cbec000 	/System/Library/Frameworks/AudioToolbox.framework/Versions/A/AudioToolbox
0x00007fff2cd21000 	/System/Library/PrivateFrameworks/AudioSession.framework/Versions/A/AudioSession
0x00007fff2cd87000 	/usr/lib/libAudioStatistics.dylib
0x00007fff2b14e000 	/System/Library/PrivateFrameworks/MediaExperience.framework/Versions/A/MediaExperience
0x00007fff2cbba000 	/System/Library/PrivateFrameworks/AudioSession.framework/libSessionUtility.dylib
0x00007fff2d732000 	/usr/lib/libperfcheck.dylib
0x00007fff2d0d1000 	/System/Library/PrivateFrameworks/AudioResourceArbitration.framework/Versions/A/AudioResourceArbitration
0x00007fff25b25000 	/System/Library/Frameworks/CoreData.framework/Versions/A/CoreData
0x00007fff239ad000 	/System/Library/PrivateFrameworks/UIFoundation.framework/Versions/A/UIFoundation
0x00007fff2fbad000 	/System/Library/PrivateFrameworks/RemoteViewServices.framework/Versions/A/RemoteViewServices
0x00007fff289be000 	/System/Library/PrivateFrameworks/XCTTargetBootstrap.framework/Versions/A/XCTTargetBootstrap
0x00007fff23bfc000 	/System/Library/Frameworks/UniformTypeIdentifiers.framework/Versions/A/UniformTypeIdentifiers
0x00007fff289c2000 	/System/Library/PrivateFrameworks/CoreSVG.framework/Versions/A/CoreSVG
0x00007fff2b0e1000 	/System/Library/PrivateFrameworks/IconServices.framework/Versions/A/IconServices
0x00007fff289aa000 	/System/Library/PrivateFrameworks/DFRFoundation.framework/Versions/A/DFRFoundation
0x00007fff2be74000 	/System/Library/PrivateFrameworks/DataDetectorsCore.framework/Versions/A/DataDetectorsCore
0x00007fff286ae000 	/System/Library/Frameworks/Carbon.framework/Versions/A/Frameworks/HIToolbox.framework/Versions/A/HIToolbox
0x00007fff2fbe5000 	/System/Library/Frameworks/Carbon.framework/Versions/A/Frameworks/SpeechRecognition.framework/Versions/A/SpeechRecognition
0x00007fff26f27000 	/System/Library/PrivateFrameworks/CoreUI.framework/Versions/A/CoreUI
0x00007fff2be6b000 	/System/Library/PrivateFrameworks/InternationalSupport.framework/Versions/A/InternationalSupport
0x00007fff27154000 	/System/Library/PrivateFrameworks/PerformanceAnalysis.framework/Versions/A/PerformanceAnalysis
0x00007fff2beef000 	/System/Library/PrivateFrameworks/UserActivity.framework/Versions/A/UserActivity
0x00007fff2bd9d000 	/System/Library/PrivateFrameworks/TextureIO.framework/Versions/A/TextureIO
0x00007fff2b0cc000 	/System/Library/PrivateFrameworks/IconFoundation.framework/Versions/A/IconFoundation
0x00007fff2fbd5000 	/System/Library/PrivateFrameworks/SpeechRecognitionCore.framework/Versions/A/SpeechRecognitionCore
0x00007fff22ade000 	/System/Library/PrivateFrameworks/CoreServicesInternal.framework/Versions/A/CoreServicesInternal
0x00007fff30f5c000 	/System/Library/Frameworks/FileProvider.framework/Versions/A/FileProvider
0x00007fff2610f000 	/System/Library/Frameworks/Accounts.framework/Versions/A/Accounts
0x00007fff310ac000 	/System/Library/PrivateFrameworks/GenerationalStorage.framework/Versions/A/GenerationalStorage
0x00007fff31a46000 	/System/Library/PrivateFrameworks/CoreSymbolication.framework/Versions/A/CoreSymbolication
0x00007fff3097c000 	/System/Library/PrivateFrameworks/SymptomDiagnosticReporter.framework/Versions/A/SymptomDiagnosticReporter
0x00007fff23c0f000 	/System/Library/PrivateFrameworks/DesktopServicesPriv.framework/Versions/A/DesktopServicesPriv
0x00007fff22c13000 	/usr/lib/libsandbox.1.dylib
0x00007fff27369000 	/System/Library/PrivateFrameworks/UserManagement.framework/Versions/A/UserManagement
0x00007fff29c37000 	/System/Library/PrivateFrameworks/MobileKeyBag.framework/Versions/A/MobileKeyBag
0x00007fff3448b000 	/System/Library/PrivateFrameworks/ChunkingLibrary.framework/Versions/A/ChunkingLibrary
0x00007fff31a0a000 	/System/Library/PrivateFrameworks/DebugSymbols.framework/Versions/A/DebugSymbols
0x00007fff2e165000 	/System/Library/PrivateFrameworks/Sharing.framework/Versions/A/Sharing
0x00007fff32a0a000 	/System/Library/PrivateFrameworks/Apple80211.framework/Versions/A/Apple80211
0x00007fff2a2e4000 	/System/Library/PrivateFrameworks/AuthKit.framework/Versions/A/AuthKit
0x00007fff29a35000 	/System/Library/PrivateFrameworks/CoreUtils.framework/Versions/A/CoreUtils
0x00007fff29962000 	/System/Library/Frameworks/CoreWLAN.framework/Versions/A/CoreWLAN
0x00007fff2e2b1000 	/System/Library/Frameworks/IOBluetooth.framework/Versions/A/IOBluetooth
0x00007fff32a6e000 	/System/Library/PrivateFrameworks/CoreWiFi.framework/Versions/A/CoreWiFi
0x00007fff2d828000 	/System/Library/PrivateFrameworks/CorePhoneNumbers.framework/Versions/A/CorePhoneNumbers
0x00007fff30a83000 	/System/Library/PrivateFrameworks/DiskManagement.framework/Versions/A/DiskManagement
0x00007fff30999000 	/System/Library/PrivateFrameworks/AppleIDAuthSupport.framework/Versions/A/AppleIDAuthSupport
0x00007fff2d808000 	/System/Library/PrivateFrameworks/KeychainCircle.framework/Versions/A/KeychainCircle
0x00007fff30a4f000 	/System/Library/PrivateFrameworks/MediaKit.framework/Versions/A/MediaKit
0x00007fff309a6000 	/System/Library/Frameworks/DiscRecording.framework/Versions/A/DiscRecording
0x00007fff2afc9000 	/usr/lib/libCoreStorage.dylib
0x00007fff32ea9000 	/usr/lib/libcsfde.dylib
0x00007fff2e3ec000 	/System/Library/PrivateFrameworks/ProtectedCloudStorage.framework/Versions/A/ProtectedCloudStorage
0x00007fff32ea1000 	/System/Library/PrivateFrameworks/EFILogin.framework/Versions/A/EFILogin
0x00007fff334bb000 	/System/Library/Frameworks/AudioUnit.framework/Versions/A/AudioUnit
0x00007fff30916000 	/System/Library/Frameworks/CoreBluetooth.framework/Versions/A/CoreBluetooth
0x00007fff2afc1000 	/usr/lib/libMatch.1.dylib
0x00007fff437a3000 	/System/Library/CoreServices/RawCamera.bundle/Contents/MacOS/RawCamera
0x00007fff2d7b3000 	/System/Library/PrivateFrameworks/MobileAsset.framework/Versions/A/MobileAsset
0x00007fff334df000 	/System/Library/PrivateFrameworks/StreamingZip.framework/Versions/A/StreamingZip
0x00007fff2bf4d000 	/System/Library/Frameworks/MediaToolbox.framework/Versions/A/MediaToolbox
0x00007fff30f2e000 	/System/Library/PrivateFrameworks/CoreAVCHD.framework/Versions/A/CoreAVCHD
0x00007fff30115000 	/System/Library/Frameworks/MediaAccessibility.framework/Versions/A/MediaAccessibility
0x00007fff30f2a000 	/System/Library/PrivateFrameworks/Mangrove.framework/Versions/A/Mangrove
0x00007fff30121000 	/System/Library/PrivateFrameworks/AlgosScoreFramework.framework/Versions/A/AlgosScoreFramework
0x00007fff31918000 	/System/Library/PrivateFrameworks/AppleVPA.framework/Versions/A/AppleVPA
0x00007fff30b6f000 	/System/Library/PrivateFrameworks/CoreAUC.framework/Versions/A/CoreAUC
0x0000000115157000 	/usr/lib/libobjc-trampolines.dylib
0x00007fff3cd3e000 	/System/Library/PrivateFrameworks/AccessibilitySharedSupport.framework/Versions/A/AccessibilitySharedSupport
0x00007fff391f7000 	/usr/lib/libAccessibility.dylib
0x00007fff3fbb6000 	/System/Library/PrivateFrameworks/TextInput.framework/Versions/A/TextInput
0x00007fff391e8000 	/System/Library/PrivateFrameworks/AXCoreUtilities.framework/Versions/A/AXCoreUtilities
0x00007fff27341000 	/System/Library/PrivateFrameworks/ApplePushService.framework/Versions/A/ApplePushService
0x00007fff27385000 	/System/Library/Frameworks/CloudKit.framework/Versions/A/CloudKit
0x00007fff2df08000 	/System/Library/PrivateFrameworks/IDS.framework/Versions/A/IDS
0x00007fff34d35000 	/System/Library/PrivateFrameworks/ConstantClasses.framework/Versions/A/ConstantClasses
0x00007fff30146000 	/System/Library/PrivateFrameworks/CoreDaemon.framework/Versions/B/CoreDaemon
0x00007fff30141000 	/System/Library/PrivateFrameworks/AppleSRP.framework/Versions/A/AppleSRP
0x00007fff2aec0000 	/System/Library/PrivateFrameworks/CrashReporterSupport.framework/Versions/A/CrashReporterSupport
0x00007fff33569000 	/System/Library/PrivateFrameworks/C2.framework/Versions/A/C2
0x00007fff2827b000 	/System/Library/Frameworks/CoreLocation.framework/Versions/A/CoreLocation
0x00007fff33563000 	/System/Library/Frameworks/PushKit.framework/Versions/A/PushKit
0x00007fff4791f000 	/System/Library/PrivateFrameworks/OSAnalytics.framework/Versions/A/OSAnalytics
0x00007fff77922000 	/usr/lib/libRosetta.dylib
0x00007fff32e30000 	/System/Library/PrivateFrameworks/RemoteServiceDiscovery.framework/Versions/A/RemoteServiceDiscovery
0x00007fff515dc000 	/System/Library/PrivateFrameworks/Symbolication.framework/Versions/A/Symbolication
0x00007fff3d50f000 	/System/Library/PrivateFrameworks/MallocStackLogging.framework/Versions/A/MallocStackLogging
0x00007fff31afc000 	/System/Library/PrivateFrameworks/CoreTime.framework/Versions/A/CoreTime
0x00007fff2e6a5000 	/System/Library/PrivateFrameworks/GeoServices.framework/Versions/A/GeoServices
0x00007fff2cb91000 	/System/Library/PrivateFrameworks/LocationSupport.framework/Versions/A/LocationSupport
0x00007fff2cb2a000 	/System/Library/PrivateFrameworks/IMFoundation.framework/Versions/A/IMFoundation
0x00007fff38b2c000 	/System/Library/PrivateFrameworks/Marco.framework/Versions/A/Marco
0x00007fff2e00a000 	/System/Library/PrivateFrameworks/IDSFoundation.framework/Versions/A/IDSFoundation
0x00007fff36373000 	/System/Library/PrivateFrameworks/Engram.framework/Versions/A/Engram
0x00007fff36321000 	/usr/lib/libtidy.A.dylib
0x00007fff411f6000 	/System/Library/Frameworks/Accelerate.framework/Versions/A/Frameworks/vImage.framework/Versions/A/Libraries/libCGInterfaces.dylib
0x00007fff27068000 	/System/Library/PrivateFrameworks/ViewBridge.framework/Versions/A/ViewBridge
0x00007fff2b767000 	/System/Library/PrivateFrameworks/login.framework/Versions/A/login
0x00007fff40dce000 	/System/Library/Frameworks/Quartz.framework/Versions/A/Quartz
0x00007fff3e8e6000 	/System/Library/Frameworks/Quartz.framework/Versions/A/Frameworks/QuartzComposer.framework/Versions/A/QuartzComposer
0x00007fff3ed87000 	/System/Library/Frameworks/PDFKit.framework/Versions/A/PDFKit
0x00007fff3e0d8000 	/System/Library/Frameworks/Quartz.framework/Versions/A/Frameworks/QuartzFilters.framework/Versions/A/QuartzFilters
0x00007fff3d6ce000 	/System/Library/Frameworks/Quartz.framework/Versions/A/Frameworks/ImageKit.framework/Versions/A/ImageKit
0x00007fff38418000 	/System/Library/Frameworks/Quartz.framework/Versions/A/Frameworks/QuickLookUI.framework/Versions/A/QuickLookUI
0x00007fff363bf000 	/System/Library/Frameworks/JavaScriptCore.framework/Versions/A/JavaScriptCore
0x00007fff3c894000 	/System/Library/PrivateFrameworks/CorePDF.framework/Versions/A/CorePDF
0x00007fff391e0000 	/System/Library/PrivateFrameworks/URLFormatting.framework/Versions/A/URLFormatting
0x00007fff2e446000 	/System/Library/Frameworks/QuickLook.framework/Versions/A/QuickLook
0x00007fff35ad8000 	/System/Library/PrivateFrameworks/DisplayServices.framework/Versions/A/DisplayServices
0x00007fff3e075000 	/System/Library/Frameworks/ImageCaptureCore.framework/Versions/A/ImageCaptureCore
0x00007fff3ca18000 	/System/Library/Frameworks/AVFoundation.framework/Versions/A/AVFoundation
0x00007fff2e4a6000 	/System/Library/Frameworks/MetalKit.framework/Versions/A/MetalKit
0x00007fff3bc49000 	/System/Library/PrivateFrameworks/QuickLookSupport.framework/Versions/A/QuickLookSupport
0x00007fff3359d000 	/System/Library/Frameworks/QuickLookThumbnailing.framework/Versions/A/QuickLookThumbnailing
0x00007fff6e1f8000 	/System/Library/Frameworks/AVFAudio.framework/Versions/A/AVFAudio
0x00007fff31537000 	/System/Library/PrivateFrameworks/AVFCore.framework/Versions/A/AVFCore
0x00007fff3761b000 	/System/Library/PrivateFrameworks/AVFCapture.framework/Versions/A/AVFCapture
0x00007fff3bc6c000 	/System/Library/PrivateFrameworks/AirPlaySync.framework/Versions/A/AirPlaySync
0x00007fff2cefd000 	/System/Library/Frameworks/CoreMediaIO.framework/Versions/A/CoreMediaIO
0x00007fff3772e000 	/System/Library/PrivateFrameworks/Quagga.framework/Versions/A/Quagga
0x00007fff377c2000 	/System/Library/PrivateFrameworks/CMCapture.framework/Versions/A/CMCapture
0x00007fff335ce000 	/System/Library/PrivateFrameworks/Espresso.framework/Versions/A/Espresso
0x00007fff34d4f000 	/System/Library/PrivateFrameworks/AppleNeuralEngine.framework/Versions/A/AppleNeuralEngine
0x00007fff33dd0000 	/System/Library/PrivateFrameworks/ANEServices.framework/Versions/A/ANEServices
0x00007fff6f85d000 	/System/Library/PrivateFrameworks/CMImaging.framework/Versions/A/CMImaging
0x00007fff32bc0000 	/System/Library/PrivateFrameworks/BackBoardServices.framework/Versions/A/BackBoardServices
0x00007fff316cc000 	/System/Library/PrivateFrameworks/FrontBoardServices.framework/Versions/A/FrontBoardServices
0x00007fff3173c000 	/System/Library/PrivateFrameworks/BoardServices.framework/Versions/A/BoardServices
0x00007fff2b782000 	/System/Library/PrivateFrameworks/CoreBrightness.framework/Versions/A/CoreBrightness
0x00007fff38408000 	/System/Library/PrivateFrameworks/HID.framework/Versions/A/HID
0x00007fff3d345000 	/System/Library/Frameworks/SafariServices.framework/Versions/A/SafariServices
0x00007fff3cdb3000 	/System/Library/PrivateFrameworks/QuickLookNonBaseSystem.framework/Versions/A/QuickLookNonBaseSystem
0x00007fff36352000 	/System/Library/PrivateFrameworks/MarkupUI.framework/Versions/A/MarkupUI
0x00007fff3cd95000 	/System/Library/PrivateFrameworks/SidecarCore.framework/Versions/A/SidecarCore
0x00007fff3e7b9000 	/System/Library/PrivateFrameworks/AnnotationKit.framework/Versions/A/AnnotationKit
0x00007fff3d92a000 	/System/Library/Frameworks/PencilKit.framework/Versions/A/PencilKit
0x00007fff3da41000 	/System/Library/PrivateFrameworks/SidecarUI.framework/Versions/A/SidecarUI
0x00007fff3d55e000 	/System/Library/PrivateFrameworks/CoreHandwriting.framework/Versions/A/CoreHandwriting
0x00007fff25872000 	/System/Library/PrivateFrameworks/Montreal.framework/Versions/A/Montreal
0x00007fff27599000 	/System/Library/Frameworks/CoreML.framework/Versions/A/CoreML
0x00007fff2aeeb000 	/System/Library/PrivateFrameworks/CVNLP.framework/Versions/A/CVNLP
0x00007fff33523000 	/System/Library/PrivateFrameworks/DuetActivityScheduler.framework/Versions/A/DuetActivityScheduler
0x00007fff23dad000 	/System/Library/PrivateFrameworks/CoreDuet.framework/Versions/A/CoreDuet
0x00007fff32450000 	/System/Library/PrivateFrameworks/CoreDuetContext.framework/Versions/A/CoreDuetContext
0x00007fff30986000 	/System/Library/PrivateFrameworks/PowerLog.framework/Versions/A/PowerLog
0x00007fff31444000 	/System/Library/Frameworks/CoreTelephony.framework/Versions/A/CoreTelephony
0x00007fff33efc000 	/System/Library/PrivateFrameworks/CoreDuetDebugLogging.framework/Versions/A/CoreDuetDebugLogging
0x00007fff3249d000 	/System/Library/Frameworks/Intents.framework/Versions/A/Intents
0x00007fff33eff000 	/System/Library/PrivateFrameworks/CoreDuetDaemonProtocol.framework/Versions/A/CoreDuetDaemonProtocol
0x00007fff31b06000 	/System/Library/PrivateFrameworks/Rapport.framework/Versions/A/Rapport
0x00007fff2d831000 	/usr/lib/libTelephonyUtilDynamic.dylib
0x00007fff2af8a000 	/System/Library/PrivateFrameworks/PlugInKit.framework/Versions/A/PlugInKit
0x00007fff33556000 	/System/Library/PrivateFrameworks/IntentsFoundation.framework/Versions/A/IntentsFoundation
0x00007fff3c91c000 	/System/Library/Frameworks/Carbon.framework/Versions/A/Carbon
0x00007fff363b3000 	/System/Library/Frameworks/Carbon.framework/Versions/A/Frameworks/CommonPanels.framework/Versions/A/CommonPanels
0x00007fff32e9d000 	/System/Library/Frameworks/Carbon.framework/Versions/A/Frameworks/Help.framework/Versions/A/Help
0x00007fff363b7000 	/System/Library/Frameworks/Carbon.framework/Versions/A/Frameworks/ImageCapture.framework/Versions/A/ImageCapture
0x00007fff36387000 	/System/Library/Frameworks/Carbon.framework/Versions/A/Frameworks/OpenScripting.framework/Versions/A/OpenScripting
0x00007fff363af000 	/System/Library/Frameworks/Carbon.framework/Versions/A/Frameworks/Ink.framework/Versions/A/Ink
0x00007fff3c918000 	/System/Library/Frameworks/Carbon.framework/Versions/A/Frameworks/Print.framework/Versions/A/Print
0x00007fff363ab000 	/System/Library/Frameworks/Carbon.framework/Versions/A/Frameworks/SecurityHI.framework/Versions/A/SecurityHI
0x0000000120ec0000 	/Applications/Stata/utilities/java/macosx-x64/jre1.8.0_202.jre/Contents/Home/lib/jli/libjli.dylib
0x0000000121131000 	/Applications/Stata/utilities/java/macosx-x64/jre1.8.0_202.jre/Contents/Home/lib/server/libjvm.dylib
0x00007fff7803c000 	/usr/lib/libstdc++.6.dylib
0x00007fff3baa1000 	/usr/lib/libFosl_dynamic.dylib
0x00007fff40d3a000 	/usr/lib/libncurses.5.4.dylib
0x0000000120ed7000 	/Applications/Stata/utilities/java/macosx-x64/jre1.8.0_202.jre/Contents/Home/lib/libverify.dylib
0x00007fff5dc6b000 	/System/Library/Extensions/AppleIntelKBLGraphicsMTLDriver.bundle/Contents/MacOS/AppleIntelKBLGraphicsMTLDriver
0x00007fff3d542000 	/System/Library/PrivateFrameworks/GPURawCounter.framework/Versions/A/GPURawCounter
0x0000000120ee8000 	/Applications/Stata/utilities/java/macosx-x64/jre1.8.0_202.jre/Contents/Home/lib/libjava.dylib
0x0000000120f30000 	/Applications/Stata/utilities/java/macosx-x64/jre1.8.0_202.jre/Contents/Home/lib/libzip.dylib
0x00007fff6962c000 	/System/Library/PrivateFrameworks/GPUCompiler.framework/Versions/31001/Libraries/libmetal_timestamp.dylib
0x00007fff2b85a000 	/System/Library/PrivateFrameworks/Backup.framework/Versions/A/Backup
0x00000001399f8000 	/System/Library/Frameworks/FileProvider.framework/OverrideBundles/CloudDocsFileProvider.bundle/Contents/MacOS/CloudDocsFileProvider
0x00007fff27517000 	/System/Library/PrivateFrameworks/CloudDocs.framework/Versions/A/CloudDocs
0x00007fff3419f000 	/System/Library/PrivateFrameworks/SpotlightIndex.framework/Versions/A/SpotlightIndex
0x00007fff23d9a000 	/System/Library/PrivateFrameworks/SpotlightLinguistics.framework/Versions/A/SpotlightLinguistics
0x0000000139a0c000 	/System/Library/Frameworks/FileProvider.framework/OverrideBundles/FileProviderOverride.bundle/Contents/MacOS/FileProviderOverride
0x0000000139a20000 	/System/Library/Frameworks/FileProvider.framework/OverrideBundles/FinderSyncCollaborationFileProviderOverride.bundle/Contents/MacOS/FinderSyncCollaborationFileProviderOverride
0x00007fff4b870000 	/System/Library/PrivateFrameworks/FinderSyncPriv.framework/Versions/A/FinderSyncPriv
0x0000000139ba7000 	/Applications/Stata/utilities/java/macosx-x64/jre1.8.0_202.jre/Contents/Home/lib/libnio.dylib
0x0000000139bb7000 	/Applications/Stata/utilities/java/macosx-x64/jre1.8.0_202.jre/Contents/Home/lib/libnet.dylib
0x000000013a95b000 	/Applications/Stata/utilities/java/macosx-x64/jre1.8.0_202.jre/Contents/Home/lib/libsunec.dylib
0x00007fff30152000 	/System/Library/PrivateFrameworks/SystemAdministration.framework/Versions/A/SystemAdministration
0x00007fff2fba1000 	/System/Library/Frameworks/DirectoryService.framework/Versions/A/DirectoryService
0x00007fff32d49000 	/System/Library/PrivateFrameworks/DiskImages.framework/Versions/A/DiskImages
0x00007fff32f1c000 	/System/Library/PrivateFrameworks/LoginUIKit.framework/Versions/A/Frameworks/LoginUICore.framework/Versions/A/LoginUICore
0x00007fff2b902000 	/usr/lib/libodfde.dylib
0x00007fff32eb5000 	/usr/lib/libcurl.4.dylib
0x00007fff32c15000 	/usr/lib/libcrypto.44.dylib
0x00007fff32d1b000 	/usr/lib/libssl.46.dylib
0x00007fff32bdb000 	/System/Library/Frameworks/LDAP.framework/Versions/A/LDAP
0x00007fff32c13000 	/System/Library/PrivateFrameworks/TrustEvaluationAgent.framework/Versions/A/TrustEvaluationAgent
0x00007fff2ce30000 	/usr/lib/libsasl2.2.dylib
0x00007fff515c1000 	/System/Library/PrivateFrameworks/Shortcut.framework/Versions/A/Shortcut
0x00007fff51593000 	/System/Library/PrivateFrameworks/HelpData.framework/Versions/A/HelpData
0x0000000135570000 	/Applications/Stata/utilities/java/macosx-x64/jre1.8.0_202.jre/Contents/Home/lib/libawt.dylib
0x0000000138b6f000 	/Applications/Stata/utilities/java/macosx-x64/jre1.8.0_202.jre/Contents/Home/lib/libmlib_image.dylib
0x00007fff6ea23000 	/System/Library/Frameworks/JavaNativeFoundation.framework/Versions/A/JavaNativeFoundation
0x00007fff6ea2f000 	/System/Library/Frameworks/JavaRuntimeSupport.framework/Versions/A/JavaRuntimeSupport
0x0000000139872000 	/Applications/Stata/utilities/java/macosx-x64/jre1.8.0_202.jre/Contents/Home/lib/libawt_lwawt.dylib
0x00000001354af000 	/Applications/Stata/utilities/java/macosx-x64/jre1.8.0_202.jre/Contents/Home/lib/libosxapp.dylib
0x00007fff3bf33000 	/System/Library/Frameworks/ExceptionHandling.framework/Versions/A/ExceptionHandling
0x00000001376d0000 	/Applications/Stata/utilities/java/macosx-x64/jre1.8.0_202.jre/Contents/Home/lib/libfontmanager.dylib
0x00007fff6f46f000 	/System/Library/PrivateFrameworks/AccessibilityBundles.framework/Versions/A/AccessibilityBundles
0x00007fff3cdb7000 	/System/Library/PrivateFrameworks/DataDetectors.framework/Versions/A/DataDetectors
0x00007fff40d22000 	/System/Library/PrivateFrameworks/Lookup.framework/Versions/A/Lookup
0x00007fff3bf86000 	/System/Library/Frameworks/WebKit.framework/Versions/A/WebKit
0x00007fff30683000 	/System/Library/PrivateFrameworks/AddressBookCore.framework/Versions/A/AddressBookCore
0x00007fff391df000 	/System/Library/PrivateFrameworks/PhoneNumbers.framework/Versions/A/PhoneNumbers
0x00007fff3d303000 	/System/Library/Frameworks/NaturalLanguage.framework/Versions/A/NaturalLanguage
0x00007fff34b8e000 	/System/Library/Frameworks/WebKit.framework/Versions/A/Frameworks/WebKitLegacy.framework/Versions/A/WebKitLegacy
0x00007fff3920f000 	/System/Library/Frameworks/WebKit.framework/Versions/A/Frameworks/WebCore.framework/Versions/A/WebCore
0x00007fff332f5000 	/System/Library/PrivateFrameworks/CorePrediction.framework/Versions/A/CorePrediction
0x00007fff27929000 	/System/Library/Frameworks/WebKit.framework/Versions/A/Frameworks/WebCore.framework/Versions/A/Frameworks/libwebrtc.dylib
0x00007fff3bf37000 	/System/Library/PrivateFrameworks/SafariSafeBrowsing.framework/Versions/A/SafariSafeBrowsing
0x00007fff2ceb0000 	/System/Library/Frameworks/SecurityInterface.framework/Versions/A/SecurityInterface
0x00007fff3da5e000 	/System/Library/PrivateFrameworks/WebInspectorUI.framework/Versions/A/WebInspectorUI
0x00007fff2dc7c000 	/System/Library/Frameworks/NetworkExtension.framework/Versions/A/NetworkExtension
0x00007fff40977000 	/System/Library/PrivateFrameworks/CaptiveNetwork.framework/Versions/A/CaptiveNetwork
0x00007fff2fe92000 	/usr/lib/libnetworkextension.dylib
0x00007fff32df9000 	/System/Library/PrivateFrameworks/EAP8021X.framework/Versions/A/EAP8021X
0x00007fff3d1c9000 	/System/Library/PrivateFrameworks/CoreOptimization.framework/Versions/A/CoreOptimization
0x00007fff2582d000 	/System/Library/PrivateFrameworks/WirelessDiagnostics.framework/Versions/A/WirelessDiagnostics
0x00007fff36019000 	/System/Library/PrivateFrameworks/WirelessDiagnostics.framework/Versions/A/Libraries/libAWDSupportFramework.dylib
0x00007fff2577f000 	/System/Library/PrivateFrameworks/WirelessDiagnostics.framework/Versions/A/Libraries/libAWDSupport.dylib
0x00007fff2581b000 	/System/Library/PrivateFrameworks/WirelessDiagnostics.framework/Versions/A/Libraries/libprotobuf-lite.dylib
0x00007fff257be000 	/System/Library/PrivateFrameworks/WirelessDiagnostics.framework/Versions/A/Libraries/libprotobuf.dylib
0x00007fff30640000 	/System/Library/PrivateFrameworks/ContactsPersistence.framework/Versions/A/ContactsPersistence
0x00007fff34b5d000 	/System/Library/PrivateFrameworks/CalendarAgentLink.framework/Versions/A/CalendarAgentLink
0x00007fff307ba000 	/System/Library/Frameworks/Contacts.framework/Versions/A/Contacts
0x00007fff305bc000 	/System/Library/PrivateFrameworks/ContactsFoundation.framework/Versions/A/ContactsFoundation
0x00007fff31766000 	/System/Library/PrivateFrameworks/vCard.framework/Versions/A/vCard
0x00007fff2fbed000 	/System/Library/PrivateFrameworks/AppleLDAP.framework/Versions/A/AppleLDAP
0x00007fff330f7000 	/System/Library/Frameworks/ClassKit.framework/Versions/A/ClassKit
0x00007fff34662000 	/System/Library/PrivateFrameworks/CoreSuggestions.framework/Versions/A/CoreSuggestions
0x00007fff32f24000 	/System/Library/PrivateFrameworks/AppSupport.framework/Versions/A/AppSupport
0x00007fff33170000 	/System/Library/PrivateFrameworks/AppleAccount.framework/Versions/A/AppleAccount
0x00007fff332b5000 	/System/Library/PrivateFrameworks/AppleIDSSOAuthentication.framework/Versions/A/AppleIDSSOAuthentication
0x00007fff33de8000 	/System/Library/PrivateFrameworks/ProactiveSupport.framework/Versions/A/ProactiveSupport
0x00007fff32e58000 	/System/Library/PrivateFrameworks/DataDetectorsNaturalLanguage.framework/Versions/A/DataDetectorsNaturalLanguage
0x00007fff2a443000 	/System/Library/Frameworks/CoreSpotlight.framework/Versions/A/CoreSpotlight
0x00007fff38d9c000 	/System/Library/PrivateFrameworks/ProactiveEventTracker.framework/Versions/A/ProactiveEventTracker
0x00007fff330f4000 	/System/Library/PrivateFrameworks/InternationalTextSearch.framework/Versions/A/InternationalTextSearch
0x00007fff34b83000 	/System/Library/PrivateFrameworks/RTCReporting.framework/Versions/A/RTCReporting
0x00007fff34700000 	/System/Library/Frameworks/EventKit.framework/Versions/A/EventKit
0x00007fff38d58000 	/System/Library/PrivateFrameworks/ResponseKit.framework/Versions/A/ResponseKit
0x00007fff34612000 	/System/Library/PrivateFrameworks/CalDAV.framework/Versions/A/CalDAV
0x00007fff33e8b000 	/System/Library/PrivateFrameworks/CalendarFoundation.framework/Versions/A/CalendarFoundation
0x00007fff3488b000 	/System/Library/PrivateFrameworks/CalendarPersistence.framework/Versions/A/CalendarPersistence
0x00007fff38999000 	/System/Library/PrivateFrameworks/ExchangeWebServices.framework/Versions/A/ExchangeWebServices
0x00007fff33e59000 	/System/Library/PrivateFrameworks/iCalendar.framework/Versions/A/iCalendar
0x00007fff38912000 	/System/Library/PrivateFrameworks/CoreDAV.framework/Versions/A/CoreDAV
0x00007fff308ef000 	/System/Library/PrivateFrameworks/PersonaKit.framework/Versions/A/PersonaKit
0x00007fff38d12000 	/System/Library/PrivateFrameworks/ContactsAutocomplete.framework/Versions/A/ContactsAutocomplete
0x00007fff33e4e000 	/System/Library/PrivateFrameworks/CoreRecents.framework/Versions/A/CoreRecents
0x00007fff31513000 	/System/Library/PrivateFrameworks/AppSandbox.framework/Versions/A/AppSandbox
0x00007fff38d4b000 	/System/Library/PrivateFrameworks/KerberosHelper.framework/Versions/A/KerberosHelper
0x00007fff2e3d3000 	/System/Library/PrivateFrameworks/AppContainer.framework/Versions/A/AppContainer
0x00007fff2e3e8000 	/System/Library/PrivateFrameworks/SecCodeWrapper.framework/Versions/A/SecCodeWrapper
0x00007fff37da8000 	/System/Library/PrivateFrameworks/AccountsDaemon.framework/Versions/A/AccountsDaemon
0x00007fff37e56000 	/System/Library/PrivateFrameworks/OAuth.framework/Versions/A/OAuth
0x00007fff25a33000 	/System/Library/PrivateFrameworks/NLP.framework/Versions/A/NLP
0x00007fff4379c000 	/System/Library/PrivateFrameworks/SafariPlatformSupport.framework/Versions/A/SafariPlatformSupport
0x00007fff3e2dc000 	/System/Library/PrivateFrameworks/SafariCore.framework/Versions/A/SafariCore
0x00007fff43782000 	/System/Library/PrivateFrameworks/SafariFoundation.framework/Versions/A/SafariFoundation
0x00007fff2e4c2000 	/usr/lib/libxcselect.dylib
0x00007fff43722000 	/System/Library/PrivateFrameworks/DifferentialPrivacy.framework/Versions/A/DifferentialPrivacy
0x00007fff2af69000 	/System/Library/PrivateFrameworks/SharedWebCredentials.framework/Versions/A/SharedWebCredentials
0x00007fff317a7000 	/System/Library/PrivateFrameworks/ExtensionKit.framework/Versions/A/ExtensionKit
0x00007fff317c3000 	/System/Library/PrivateFrameworks/ExtensionFoundation.framework/Versions/A/ExtensionFoundation
0x00007fff43ad5000 	/System/Library/PrivateFrameworks/ShareKit.framework/Versions/A/ShareKit

VM Arguments:
jvm_args: -Xmx384M -Xss2M -XX:+UseParNewGC -XX:+UseConcMarkSweepGC -XX:MinHeapFreeRatio=40 -XX:MaxHeapFreeRatio=70 -XX:ErrorFile=/dev/null 
java_command: <unknown>
java_class_path (initial): /Applications/Stata/utilities/jar/libstata-core.jar:/Applications/Stata/utilities/jar/libdeps-core.jar:/Applications/Stata/utilities/jar/sfi-api.jar:
Launcher Type: generic

Environment Variables:
PATH=/usr/bin:/bin:/usr/sbin:/sbin
SHELL=/bin/bash

Signal Handlers:
SIGSEGV: [libjvm.dylib+0x5b719d], sa_mask[0]=11111111011111110111111111111111, sa_flags=SA_ONSTACK|SA_RESTART|SA_SIGINFO
SIGBUS: [libjvm.dylib+0x5b719d], sa_mask[0]=11111111011111110111111111111111, sa_flags=SA_RESTART|SA_SIGINFO
SIGFPE: [libjvm.dylib+0x48c8fc], sa_mask[0]=11111111011111110111111111111111, sa_flags=SA_RESTART|SA_SIGINFO
SIGPIPE: [libjvm.dylib+0x48c8fc], sa_mask[0]=11111111011111110111111111111111, sa_flags=SA_RESTART|SA_SIGINFO
SIGXFSZ: [libjvm.dylib+0x48c8fc], sa_mask[0]=11111111011111110111111111111111, sa_flags=SA_RESTART|SA_SIGINFO
SIGILL: [libjvm.dylib+0x48c8fc], sa_mask[0]=11111111011111110111111111111111, sa_flags=SA_RESTART|SA_SIGINFO
SIGUSR1: SIG_DFL, sa_mask[0]=00000000000000000000000000000000, sa_flags=none
SIGUSR2: [libjvm.dylib+0x48c41a], sa_mask[0]=11100100000001110111111111011111, sa_flags=SA_RESTART|SA_SIGINFO
SIGHUP: [libjvm.dylib+0x48a9a5], sa_mask[0]=11111111011111110111111111111111, sa_flags=SA_RESTART|SA_SIGINFO
SIGINT: [libjvm.dylib+0x48a9a5], sa_mask[0]=11111111011111110111111111111111, sa_flags=SA_RESTART|SA_SIGINFO
SIGTERM: [libjvm.dylib+0x48a9a5], sa_mask[0]=11111111011111110111111111111111, sa_flags=SA_RESTART|SA_SIGINFO
SIGQUIT: [libjvm.dylib+0x48a9a5], sa_mask[0]=11111111011111110111111111111111, sa_flags=SA_RESTART|SA_SIGINFO


---------------  S Y S T E M  ---------------

OS:Bsduname:Darwin 20.6.0 Darwin Kernel Version 20.6.0: Wed Jun 23 00:26:31 PDT 2021; root:xnu-7195.141.2~5/RELEASE_X86_64 x86_64
rlimit: STACK 8192k, CORE 0k, NPROC 1392, NOFILE 10240, AS infinity
load average:2.60 2.48 2.79

CPU:total 8 (initial active 8) (4 cores per cpu, 2 threads per core) family 6 model 142 stepping 10, cmov, cx8, fxsr, mmx, sse, sse2, sse3, ssse3, sse4.1, sse4.2, popcnt, avx, avx2, aes, clmul, erms, 3dnowpref, lzcnt, ht, tsc, tscinvbit, bmi1, bmi2, adx

Memory: 4k page, physical 8388608k(207096k free)

/proc/meminfo:


vm_info: Java HotSpot(TM) 64-Bit Server VM (25.202-b08) for bsd-amd64 JRE (1.8.0_202-b08), built on Dec 15 2018 20:16:16 by "java_re" with gcc 4.2.1 (Based on Apple Inc. build 5658) (LLVM build 2336.11.00)

time: Thu Jan 27 17:31:49 2022
timezone: -03
elapsed time: 199406 seconds (2d 7h 23m 26s)

