#
# A fatal error has been detected by the Java Runtime Environment:
#
#  SIGSEGV (0xb) at pc=0x0000000102f9f651, pid=1659, tid=0x0000000000000103
#
# JRE version: Java(TM) SE Runtime Environment (8.0_202-b08) (build 1.8.0_202-b08)
# Java VM: Java HotSpot(TM) 64-Bit Server VM (25.202-b08 mixed mode bsd-amd64 compressed oops)
# Problematic frame:
# C  [StataIC+0xc9651]
#
# Failed to write core dump. Core dumps have been disabled. To enable core dumping, try "ulimit -c unlimited" before starting Java again
#
# If you would like to submit a bug report, please visit:
#   http://bugreport.java.com/bugreport/crash.jsp
# The crash happened outside the Java Virtual Machine in native code.
# See problematic frame for where to report the bug.
#

---------------  T H R E A D  ---------------

Current thread (0x00007fedc1043800):  JavaThread "Thread-1" [_thread_in_native, id=259, stack(0x00007ffeec52a000,0x00007ffeecd2a000)]

siginfo: si_signo: 11 (SIGSEGV), si_code: 1 (SEGV_MAPERR), si_addr: 0x00007fedc6dfb000

Registers:
RAX=0x000000000000000a, RBX=0x00007fedcd908ab2, RCX=0x00007fedc6d5f000, RDX=0x0000000000027000
RSP=0x00007ffeecd243e0, RBP=0x00007ffeecd243f0, RSI=0x0000000000005f13, RDI=0x00007fedcd908400
R8 =0x00007fedcd908400, R9 =0x00007fedc361e000, R10=0x00006000026b6760, R11=0x0000000104e2dda0
R12=0x0000000000000000, R13=0x0000600001406ca0, R14=0x00007fedcd908400, R15=0x00007fff7bb28441
RIP=0x0000000102f9f651, EFLAGS=0x0000000000010206, ERR=0x0000000000000006
  TRAPNO=0x000000000000000e

Top of Stack: (sp=0x00007ffeecd243e0)
0x00007ffeecd243e0:   00007fedcd908400 00007fedc285e270
0x00007ffeecd243f0:   00007ffeecd24410 0000000102ef3787
0x00007ffeecd24400:   0000600003aec490 00007fff7bafc2a1
0x00007ffeecd24410:   00007ffeecd24440 00007fff22f5e866
0x00007ffeecd24420:   00007fff201f2800 0000600003aec480
0x00007ffeecd24430:   0000600000eb2a40 00007fff7bb28441
0x00007ffeecd24440:   00007ffeecd24580 00007fff22e7be2f
0x00007ffeecd24450:   0000000104fa5200 0000000000000000
0x00007ffeecd24460:   0000000000000000 0000000000000001
0x00007ffeecd24470:   00007fff7baccc75 00007fff7ba4c80c
0x00007ffeecd24480:   00007fff7ba9139e 00007fff7ba4cee6
0x00007ffeecd24490:   00007fff7ba4c098 00007fff7ba4c844
0x00007ffeecd244a0:   00007fff7ba4c8b6 7fffffffffffffff
0x00007ffeecd244b0:   00007fff7bb15163 00007fff7bb28434
0x00007ffeecd244c0:   0000600000eb2a48 00007fff7ba4cc5b
0x00007ffeecd244d0:   00007fff7bb2833d 00007fff7ba4c80c
0x00007ffeecd244e0:   00007fff7ba4cee6 00007fff7bad73b9
0x00007ffeecd244f0:   00007fff7bb28441 00006000021ecb40
0x00007ffeecd24500:   00006000014789e0 0000600000eb2a40
0x00007ffeecd24510:   0000000000000d15 0000000000000000
0x00007ffeecd24520:   1a5177fbcfb500c3 000060000151c480
0x00007ffeecd24530:   0000600003aec480 00000001ecd246a8
0x00007ffeecd24540:   0000600001a4bc30 0000000000000000
0x00007ffeecd24550:   0000600001406ca0 00007ffeecd246a8
0x00007ffeecd24560:   0000000000000001 00007ffeecd246a8
0x00007ffeecd24570:   0000000000000000 00007fff80662000
0x00007ffeecd24580:   00007ffeecd24600 00007fff22e852c2
0x00007ffeecd24590:   00007ffeecd245b0 00007fff201f64be
0x00007ffeecd245a0:   00007fff22e7dcd4 0000600003aec490
0x00007ffeecd245b0:   00007ffeecd24600 00007fff22e7dce4
0x00007ffeecd245c0:   00007fedc3029058 00007ffeecd24648
0x00007ffeecd245d0:   00007ffeecd24600 00007ffeecd246a8 

Instructions: (pc=0x0000000102f9f651)
0x0000000102f9f631:   c3 66 66 66 66 66 2e 0f 1f 84 00 00 00 00 00 0f
0x0000000102f9f641:   be c0 48 8b 0d ae f6 48 01 48 63 15 b3 f6 48 01
0x0000000102f9f651:   89 04 91 8d 42 01 99 f7 3d aa f6 48 01 3b 15 9c
0x0000000102f9f661:   f6 48 01 75 0a e8 55 bf 50 00 eb 09 0f 1f 00 89 

Register to memory mapping:

RAX=0x000000000000000a is an unknown value
RBX=0x00007fedcd908ab2 is an unknown value
RCX=0x00007fedc6d5f000 is an unknown value
RDX=0x0000000000027000 is an unknown value
RSP=0x00007ffeecd243e0 is pointing into the stack for thread: 0x00007fedc1043800
RBP=0x00007ffeecd243f0 is pointing into the stack for thread: 0x00007fedc1043800
RSI=0x0000000000005f13 is an unknown value
RDI=0x00007fedcd908400 is an unknown value
R8 =0x00007fedcd908400 is an unknown value
R9 =0x00007fedc361e000 is an unknown value
R10=0x00006000026b6760 is an unknown value
R11=0x0000000104e2dda0: -[ScintillaView getGeneralProperty:parameter:extra:]+0 in /Applications/Stata/StataIC.app/Contents/Frameworks/Scintilla.framework/Versions/A/Scintilla at 0x0000000104e1b000
R12=0x0000000000000000 is an unknown value
R13=0x0000600001406ca0 is an unknown value
R14=0x00007fedcd908400 is an unknown value
R15=0x00007fff7bb28441: GCC_except_table772+0x5b906b31 in /usr/lib/libobjc.A.dylib at 0x00007fff201ec000


Stack: [0x00007ffeec52a000,0x00007ffeecd2a000],  sp=0x00007ffeecd243e0,  free space=8168k
Native frames: (J=compiled Java code, j=interpreted, Vv=VM code, C=native code)
C  [StataIC+0xc9651]
C  [StataIC+0x1d787]
C  [AppKit+0x34a866]  -[NSTextInputContext(NSInputContext_WithCompletion) doCommandBySelector:completionHandler:]+0xec
C  [AppKit+0x267e2f]  -[NSKeyBindingManager(NSKeyBindingManager_MultiClients) interpretEventAsCommand:forClient:]+0x851
C  [AppKit+0x2712c2]  __84-[NSTextInputContext _handleEvent:options:allowingSyntheticEvent:completionHandler:]_block_invoke_5+0x215
C  [AppKit+0xa1abb8]  __84-[NSTextInputContext _handleEvent:options:allowingSyntheticEvent:completionHandler:]_block_invoke_3.816+0x4a
C  [AppKit+0x27108d]  -[NSTextInputContext tryHandleEvent_HasMarkedText_withDispatchCondition:dispatchWork:continuation:]+0x57
C  [AppKit+0xa1ab3e]  __84-[NSTextInputContext _handleEvent:options:allowingSyntheticEvent:completionHandler:]_block_invoke.813+0xed
C  [HIToolbox+0x69341]  __TSMProcessRawKeyEventWithOptionsAndCompletionHandler_block_invoke_5+0x46
C  [HIToolbox+0x7b68b]  ___ZL23DispatchEventToHandlersP14EventTargetRecP14OpaqueEventRefP14HandlerCallRec_block_invoke+0x6e
C  [AppKit+0xa16252]  __55-[NSTextInputContext handleTSMEvent:completionHandler:]_block_invoke.290+0x375
C  [AppKit+0x269c78]  __55-[NSTextInputContext handleTSMEvent:completionHandler:]_block_invoke_2+0x4a
C  [AppKit+0x269c00]  -[NSTextInputContext tryHandleTSMEvent_HasMarkedText_withDispatchCondition:dispatchWork:continuation:]+0x57
C  [AppKit+0x269158]  -[NSTextInputContext handleTSMEvent:completionHandler:]+0x761
C  [AppKit+0x268982]  _NSTSMEventHandler+0x12b
C  [HIToolbox+0x9631]  _ZL23DispatchEventToHandlersP14EventTargetRecP14OpaqueEventRefP14HandlerCallRec+0x552
C  [HIToolbox+0x8a53]  _ZL30SendEventToEventTargetInternalP14OpaqueEventRefP20OpaqueEventTargetRefP14HandlerCallRec+0x14b
C  [HIToolbox+0x88fc]  SendEventToEventTargetWithOptions+0x2d
C  [HIToolbox+0x657b6]  SendTSMEvent_WithCompletionHandler+0x17d
C  [HIToolbox+0x65c61]  __SendUnicodeTextAEToUnicodeDoc_WithCompletionHandler_block_invoke+0x183
C  [HIToolbox+0x65ab9]  __SendFilterTextEvent_WithCompletionHandler_block_invoke+0xb6
C  [HIToolbox+0x65804]  SendTSMEvent_WithCompletionHandler+0x1cb
C  [HIToolbox+0x6560c]  SendFilterTextEvent_WithCompletionHandler+0xe1
C  [HIToolbox+0x652e9]  SendUnicodeTextAEToUnicodeDoc_WithCompletionHandler+0x115
C  [HIToolbox+0x65096]  __utDeliverTSMEvent_WithCompletionHandler_block_invoke_2+0x119
C  [HIToolbox+0x64ef6]  __utDeliverTSMEvent_WithCompletionHandler_block_invoke+0x162
C  [HIToolbox+0x64d4a]  TSMKeyEvent_WithCompletionHandler+0x24f
C  [HIToolbox+0x64ae0]  __TSMProcessRawKeyEventWithOptionsAndCompletionHandler_block_invoke_4+0xfa
C  [HIToolbox+0x6495f]  __TSMProcessRawKeyEventWithOptionsAndCompletionHandler_block_invoke_3+0x101
C  [HIToolbox+0x6472b]  __TSMProcessRawKeyEventWithOptionsAndCompletionHandler_block_invoke_2+0x11a
C  [HIToolbox+0x644de]  __TSMProcessRawKeyEventWithOptionsAndCompletionHandler_block_invoke+0x112
C  [HIToolbox+0x532d3]  TSMProcessRawKeyEventWithOptionsAndCompletionHandler+0xd79
C  [AppKit+0xa1aa3c]  __84-[NSTextInputContext _handleEvent:options:allowingSyntheticEvent:completionHandler:]_block_invoke_3.811+0x6e
C  [AppKit+0xa1a793]  __204-[NSTextInputContext tryTSMProcessRawKeyEvent_orSubstitution:dispatchCondition:setupForDispatch:furtherCondition:doubleSpaceSubstitutionCondition:doubleSpaceSubstitutionWork:dispatchTSMWork:continuation:]_block_invoke.768+0x78
C  [AppKit+0x26747f]  -[NSTextInputContext tryTSMProcessRawKeyEvent_orSubstitution:dispatchCondition:setupForDispatch:furtherCondition:doubleSpaceSubstitutionCondition:doubleSpaceSubstitutionWork:dispatchTSMWork:continuation:]+0xf5
C  [AppKit+0x266e8b]  -[NSTextInputContext _handleEvent:options:allowingSyntheticEvent:completionHandler:]+0x590
C  [AppKit+0x2668be]  -[NSTextInputContext _handleEvent:allowingSyntheticEvent:]+0x69
C  [AppKit+0x2667b3]  -[NSView interpretKeyEvents:]+0xd1
C  [Scintilla+0x10552]  -[SCIContentView keyDown:]+0x89
C  [StataIC+0x6beab1]
C  [AppKit+0x1ca578]  -[NSWindow(NSEventRouting) _reallySendEvent:isDelayedEvent:]+0x1952
C  [AppKit+0x1c8a06]  -[NSWindow(NSEventRouting) sendEvent:]+0x15b
C  [AppKit+0x1c7881]  -[NSApplication(NSEvent) sendEvent:]+0xbcd
C  [StataIC+0x1aadd]
C  [StataIC+0x1ac0a]
C  [StataIC+0x1afb6]
C  [StataIC+0x6790c2]
C  [StataIC+0xc8fb5]
C  [StataIC+0x5d5954]
C  [StataIC+0x5d5631]
C  [StataIC+0x4081bf]
C  [StataIC+0x6126d6]
C  [libdyld.dylib+0x15f3d]  start+0x1
C  0x0000000000000001


---------------  P R O C E S S  ---------------

Java Threads: ( => current thread )
=>0x00007fedc1043800 JavaThread "Thread-1" [_thread_in_native, id=259, stack(0x00007ffeec52a000,0x00007ffeecd2a000)]
  0x00007fedc1870000 JavaThread "Service Thread" daemon [_thread_blocked, id=57603, stack(0x0000700006353000,0x0000700006553000)]
  0x00007fedc1128800 JavaThread "C1 CompilerThread3" daemon [_thread_blocked, id=67843, stack(0x0000700006250000,0x0000700006350000)]
  0x00007fedc1128000 JavaThread "C2 CompilerThread2" daemon [_thread_blocked, id=68099, stack(0x000070000614d000,0x000070000624d000)]
  0x00007fedc1127000 JavaThread "C2 CompilerThread1" daemon [_thread_blocked, id=57091, stack(0x000070000604a000,0x000070000614a000)]
  0x00007fedc111a800 JavaThread "C2 CompilerThread0" daemon [_thread_blocked, id=68867, stack(0x0000700005f47000,0x0000700006047000)]
  0x00007fedc1119800 JavaThread "Signal Dispatcher" daemon [_thread_blocked, id=56579, stack(0x0000700005d44000,0x0000700005f44000)]
  0x00007fedc1110800 JavaThread "Surrogate Locker Thread (Concurrent GC)" daemon [_thread_blocked, id=55811, stack(0x0000700005b41000,0x0000700005d41000)]
  0x00007fedc406c800 JavaThread "Finalizer" daemon [_thread_blocked, id=69379, stack(0x000070000593e000,0x0000700005b3e000)]
  0x00007fedc22e0800 JavaThread "Reference Handler" daemon [_thread_blocked, id=55299, stack(0x000070000573b000,0x000070000593b000)]
  0x00007fedc1015800 JavaThread "main" [_thread_in_native, id=42783, stack(0x0000700004888000,0x0000700004908000)]

Other Threads:
  0x00007fedc3087800 VMThread [stack: 0x0000700005638000,0x0000700005738000] [id=69891]
  0x00007fedc187c800 WatcherThread [stack: 0x0000700006556000,0x0000700006656000] [id=57859]

VM state:not at safepoint (normal execution)

VM Mutex/Monitor currently owned by a thread: None

heap address: 0x00000007a8000000, size: 384 MB, Compressed Oops mode: Zero based, Oop shift amount: 3
Narrow klass base: 0x0000000000000000, Narrow klass shift: 3
Compressed class space size: 1073741824 Address: 0x00000007c0000000

Heap:
 par new generation   total 39424K, used 1403K [0x00000007a8000000, 0x00000007aaac0000, 0x00000007b0000000)
  eden space 35072K,   4% used [0x00000007a8000000, 0x00000007a815ec08, 0x00000007aa240000)
  from space 4352K,   0% used [0x00000007aa240000, 0x00000007aa240000, 0x00000007aa680000)
  to   space 4352K,   0% used [0x00000007aa680000, 0x00000007aa680000, 0x00000007aaac0000)
 concurrent mark-sweep generation total 87424K, used 2507K [0x00000007b0000000, 0x00000007b5560000, 0x00000007c0000000)
 Metaspace       used 9614K, capacity 9910K, committed 10240K, reserved 1058816K
  class space    used 1062K, capacity 1173K, committed 1280K, reserved 1048576K

Card table byte_map: [0x0000000129bbc000,0x0000000129c7d000] byte_map_base: 0x0000000125e7c000

Marking Bits: (CMSBitMap*) 0x00007fedc301a348
 Bits: [0x0000000129cfe000, 0x000000012a0fe000)

Mod Union Table: (CMSBitMap*) 0x00007fedc301a408
 Bits: [0x000000011540e000, 0x000000011541e000)

Polling page: 0x0000000114b4a000

CodeCache: size=245760Kb used=2945Kb max_used=2945Kb free=242814Kb
 bounds [0x000000011abbc000, 0x000000011aeac000, 0x0000000129bbc000]
 total_blobs=1157 nmethods=799 adapters=272
 compilation: enabled

Compilation events (10 events):
Event: 10.670 Thread 0x00007fedc1128800  796   !   3       java.util.zip.ZipFile$ZipFileInputStream::close (110 bytes)
Event: 10.670 Thread 0x00007fedc1128800 nmethod 796 0x000000011ae9afd0 code [0x000000011ae9b180, 0x000000011ae9b9b8]
Event: 10.670 Thread 0x00007fedc1128800  795   !   3       java.lang.ref.ReferenceQueue::enqueue (119 bytes)
Event: 10.670 Thread 0x00007fedc1128800 nmethod 795 0x000000011ae9c150 code [0x000000011ae9c300, 0x000000011ae9ca88]
Event: 10.676 Thread 0x00007fedc1128800  797       1       java.lang.reflect.Field::getName (5 bytes)
Event: 10.676 Thread 0x00007fedc1128800 nmethod 797 0x000000011ae9d090 code [0x000000011ae9d1e0, 0x000000011ae9d2f0]
Event: 30.602 Thread 0x00007fedc1128800  798       3       java.net.URI$Parser::at (20 bytes)
Event: 30.603 Thread 0x00007fedc1128800 nmethod 798 0x000000011ae9d350 code [0x000000011ae9d4e0, 0x000000011ae9d948]
Event: 149.599 Thread 0x00007fedc1128800  799       3       java.util.concurrent.locks.AbstractQueuedSynchronizer::compareAndSetState (13 bytes)
Event: 149.599 Thread 0x00007fedc1128800 nmethod 799 0x000000011ae9db90 code [0x000000011ae9dce0, 0x000000011ae9de50]

GC Heap History (10 events):
Event: 5541.771 GC heap before
{Heap before GC invocations=11 (full 11):
 par new generation   total 39424K, used 701K [0x00000007a8000000, 0x00000007aaac0000, 0x00000007b0000000)
  eden space 35072K,   2% used [0x00000007a8000000, 0x00000007a80af5d0, 0x00000007aa240000)
  from space 4352K,   0% used [0x00000007aa240000, 0x00000007aa240000, 0x00000007aa680000)
  to   space 4352K,   0% used [0x00000007aa680000, 0x00000007aa680000, 0x00000007aaac0000)
 concurrent mark-sweep generation total 87424K, used 2507K [0x00000007b0000000, 0x00000007b5560000, 0x00000007c0000000)
 Metaspace       used 9614K, capacity 9910K, committed 10240K, reserved 1058816K
  class space    used 1062K, capacity 1173K, committed 1280K, reserved 1048576K
Event: 5541.778 GC heap after
Heap after GC invocations=12 (full 12):
 par new generation   total 39424K, used 0K [0x00000007a8000000, 0x00000007aaac0000, 0x00000007b0000000)
  eden space 35072K,   0% used [0x00000007a8000000, 0x00000007a8000000, 0x00000007aa240000)
  from space 4352K,   0% used [0x00000007aa240000, 0x00000007aa240000, 0x00000007aa680000)
  to   space 4352K,   0% used [0x00000007aa680000, 0x00000007aa680000, 0x00000007aaac0000)
 concurrent mark-sweep generation total 87424K, used 2507K [0x00000007b0000000, 0x00000007b5560000, 0x00000007c0000000)
 Metaspace       used 9614K, capacity 9910K, committed 10240K, reserved 1058816K
  class space    used 1062K, capacity 1173K, committed 1280K, reserved 1048576K
}
Event: 5597.877 GC heap before
{Heap before GC invocations=12 (full 12):
 par new generation   total 39424K, used 2104K [0x00000007a8000000, 0x00000007aaac0000, 0x00000007b0000000)
  eden space 35072K,   6% used [0x00000007a8000000, 0x00000007a820e218, 0x00000007aa240000)
  from space 4352K,   0% used [0x00000007aa240000, 0x00000007aa240000, 0x00000007aa680000)
  to   space 4352K,   0% used [0x00000007aa680000, 0x00000007aa680000, 0x00000007aaac0000)
 concurrent mark-sweep generation total 87424K, used 2507K [0x00000007b0000000, 0x00000007b5560000, 0x00000007c0000000)
 Metaspace       used 9614K, capacity 9910K, committed 10240K, reserved 1058816K
  class space    used 1062K, capacity 1173K, committed 1280K, reserved 1048576K
Event: 5597.886 GC heap after
Heap after GC invocations=13 (full 13):
 par new generation   total 39424K, used 0K [0x00000007a8000000, 0x00000007aaac0000, 0x00000007b0000000)
  eden space 35072K,   0% used [0x00000007a8000000, 0x00000007a8000000, 0x00000007aa240000)
  from space 4352K,   0% used [0x00000007aa240000, 0x00000007aa240000, 0x00000007aa680000)
  to   space 4352K,   0% used [0x00000007aa680000, 0x00000007aa680000, 0x00000007aaac0000)
 concurrent mark-sweep generation total 87424K, used 2507K [0x00000007b0000000, 0x00000007b5560000, 0x00000007c0000000)
 Metaspace       used 9614K, capacity 9910K, committed 10240K, reserved 1058816K
  class space    used 1062K, capacity 1173K, committed 1280K, reserved 1048576K
}
Event: 5597.887 GC heap before
{Heap before GC invocations=13 (full 13):
 par new generation   total 39424K, used 0K [0x00000007a8000000, 0x00000007aaac0000, 0x00000007b0000000)
  eden space 35072K,   0% used [0x00000007a8000000, 0x00000007a8000020, 0x00000007aa240000)
  from space 4352K,   0% used [0x00000007aa240000, 0x00000007aa240000, 0x00000007aa680000)
  to   space 4352K,   0% used [0x00000007aa680000, 0x00000007aa680000, 0x00000007aaac0000)
 concurrent mark-sweep generation total 87424K, used 2507K [0x00000007b0000000, 0x00000007b5560000, 0x00000007c0000000)
 Metaspace       used 9614K, capacity 9910K, committed 10240K, reserved 1058816K
  class space    used 1062K, capacity 1173K, committed 1280K, reserved 1048576K
Event: 5597.895 GC heap after
Heap after GC invocations=14 (full 14):
 par new generation   total 39424K, used 0K [0x00000007a8000000, 0x00000007aaac0000, 0x00000007b0000000)
  eden space 35072K,   0% used [0x00000007a8000000, 0x00000007a8000000, 0x00000007aa240000)
  from space 4352K,   0% used [0x00000007aa240000, 0x00000007aa240000, 0x00000007aa680000)
  to   space 4352K,   0% used [0x00000007aa680000, 0x00000007aa680000, 0x00000007aaac0000)
 concurrent mark-sweep generation total 87424K, used 2507K [0x00000007b0000000, 0x00000007b5560000, 0x00000007c0000000)
 Metaspace       used 9614K, capacity 9910K, committed 10240K, reserved 1058816K
  class space    used 1062K, capacity 1173K, committed 1280K, reserved 1048576K
}
Event: 5643.969 GC heap before
{Heap before GC invocations=14 (full 14):
 par new generation   total 39424K, used 2104K [0x00000007a8000000, 0x00000007aaac0000, 0x00000007b0000000)
  eden space 35072K,   6% used [0x00000007a8000000, 0x00000007a820e1b8, 0x00000007aa240000)
  from space 4352K,   0% used [0x00000007aa240000, 0x00000007aa240000, 0x00000007aa680000)
  to   space 4352K,   0% used [0x00000007aa680000, 0x00000007aa680000, 0x00000007aaac0000)
 concurrent mark-sweep generation total 87424K, used 2507K [0x00000007b0000000, 0x00000007b5560000, 0x00000007c0000000)
 Metaspace       used 9614K, capacity 9910K, committed 10240K, reserved 1058816K
  class space    used 1062K, capacity 1173K, committed 1280K, reserved 1048576K
Event: 5643.978 GC heap after
Heap after GC invocations=15 (full 15):
 par new generation   total 39424K, used 0K [0x00000007a8000000, 0x00000007aaac0000, 0x00000007b0000000)
  eden space 35072K,   0% used [0x00000007a8000000, 0x00000007a8000000, 0x00000007aa240000)
  from space 4352K,   0% used [0x00000007aa240000, 0x00000007aa240000, 0x00000007aa680000)
  to   space 4352K,   0% used [0x00000007aa680000, 0x00000007aa680000, 0x00000007aaac0000)
 concurrent mark-sweep generation total 87424K, used 2507K [0x00000007b0000000, 0x00000007b5560000, 0x00000007c0000000)
 Metaspace       used 9614K, capacity 9910K, committed 10240K, reserved 1058816K
  class space    used 1062K, capacity 1173K, committed 1280K, reserved 1048576K
}
Event: 5643.978 GC heap before
{Heap before GC invocations=15 (full 15):
 par new generation   total 39424K, used 0K [0x00000007a8000000, 0x00000007aaac0000, 0x00000007b0000000)
  eden space 35072K,   0% used [0x00000007a8000000, 0x00000007a8000000, 0x00000007aa240000)
  from space 4352K,   0% used [0x00000007aa240000, 0x00000007aa240000, 0x00000007aa680000)
  to   space 4352K,   0% used [0x00000007aa680000, 0x00000007aa680000, 0x00000007aaac0000)
 concurrent mark-sweep generation total 87424K, used 2507K [0x00000007b0000000, 0x00000007b5560000, 0x00000007c0000000)
 Metaspace       used 9614K, capacity 9910K, committed 10240K, reserved 1058816K
  class space    used 1062K, capacity 1173K, committed 1280K, reserved 1048576K
Event: 5643.986 GC heap after
Heap after GC invocations=16 (full 16):
 par new generation   total 39424K, used 0K [0x00000007a8000000, 0x00000007aaac0000, 0x00000007b0000000)
  eden space 35072K,   0% used [0x00000007a8000000, 0x00000007a8000000, 0x00000007aa240000)
  from space 4352K,   0% used [0x00000007aa240000, 0x00000007aa240000, 0x00000007aa680000)
  to   space 4352K,   0% used [0x00000007aa680000, 0x00000007aa680000, 0x00000007aaac0000)
 concurrent mark-sweep generation total 87424K, used 2507K [0x00000007b0000000, 0x00000007b5560000, 0x00000007c0000000)
 Metaspace       used 9614K, capacity 9910K, committed 10240K, reserved 1058816K
  class space    used 1062K, capacity 1173K, committed 1280K, reserved 1048576K
}

Deoptimization events (4 events):
Event: 0.475 Thread 0x00007fedc1899800 Uncommon trap: reason=class_check action=maybe_recompile pc=0x000000011adb9490 method=java.util.regex.Pattern$BmpCharProperty.match(Ljava/util/regex/Matcher;ILjava/lang/CharSequence;)Z @ 31
Event: 0.475 Thread 0x00007fedc1899800 Uncommon trap: reason=unstable_if action=reinterpret pc=0x000000011adb9424 method=java.util.regex.Pattern$BmpCharProperty.match(Ljava/util/regex/Matcher;ILjava/lang/CharSequence;)Z @ 5
Event: 0.599 Thread 0x00007fedc1899800 Uncommon trap: reason=unstable_if action=reinterpret pc=0x000000011ad9f128 method=java.lang.CharacterDataLatin1.digit(II)I @ 82
Event: 10.568 Thread 0x00007fedc1043800 Uncommon trap: reason=unstable_if action=reinterpret pc=0x000000011ae71ba8 method=java.util.Arrays.equals([B[B)Z @ 2

Classes redefined (0 events):
No events

Internal exceptions (10 events):
Event: 0.089 Thread 0x00007fedc1015800 Exception <a 'java/lang/NoSuchMethodError': Method sun.misc.Unsafe.prefetchRead(Ljava/lang/Object;J)V name or signature does not match> (0x00000007a8007f98) thrown at [/Users/java_re/workspace/8-2-build-macosx-x86_64/jdk8u202/12323/hotspot/src/share/vm/pr
Event: 0.226 Thread 0x00007fedc1015800 Exception <a 'java/lang/NoSuchFieldError': method resolution failed> (0x00000007a8256920) thrown at [/Users/java_re/workspace/8-2-build-macosx-x86_64/jdk8u202/12323/hotspot/src/share/vm/prims/methodHandles.cpp, line 1167]
Event: 0.227 Thread 0x00007fedc1015800 Exception <a 'java/lang/NoSuchFieldError': method resolution failed> (0x00000007a8263d20) thrown at [/Users/java_re/workspace/8-2-build-macosx-x86_64/jdk8u202/12323/hotspot/src/share/vm/prims/methodHandles.cpp, line 1167]
Event: 0.279 Thread 0x00007fedc1899800 Exception <a 'java/security/PrivilegedActionException'> (0x00000007a83ed240) thrown at [/Users/java_re/workspace/8-2-build-macosx-x86_64/jdk8u202/12323/hotspot/src/share/vm/prims/jvm.cpp, line 1502]
Event: 0.279 Thread 0x00007fedc1899800 Exception <a 'java/security/PrivilegedActionException'> (0x00000007a83ed450) thrown at [/Users/java_re/workspace/8-2-build-macosx-x86_64/jdk8u202/12323/hotspot/src/share/vm/prims/jvm.cpp, line 1502]
Event: 0.279 Thread 0x00007fedc1899800 Exception <a 'java/security/PrivilegedActionException'> (0x00000007a83f0c88) thrown at [/Users/java_re/workspace/8-2-build-macosx-x86_64/jdk8u202/12323/hotspot/src/share/vm/prims/jvm.cpp, line 1502]
Event: 0.279 Thread 0x00007fedc1899800 Exception <a 'java/security/PrivilegedActionException'> (0x00000007a83f0e98) thrown at [/Users/java_re/workspace/8-2-build-macosx-x86_64/jdk8u202/12323/hotspot/src/share/vm/prims/jvm.cpp, line 1502]
Event: 10.570 Thread 0x00007fedc1043800 Exception <a 'java/io/FileNotFoundException'> (0x00000007a8e8ac50) thrown at [/Users/java_re/workspace/8-2-build-macosx-x86_64/jdk8u202/12323/hotspot/src/share/vm/prims/jni.cpp, line 710]
Event: 10.570 Thread 0x00007fedc1043800 Exception <a 'java/io/FileNotFoundException'> (0x00000007a8e8b828) thrown at [/Users/java_re/workspace/8-2-build-macosx-x86_64/jdk8u202/12323/hotspot/src/share/vm/prims/jni.cpp, line 710]
Event: 30.602 Thread 0x00007fedc1899800 Exception <a 'java/net/UnknownHostException'> (0x00000007a815ed28) thrown at [/Users/java_re/workspace/8-2-build-macosx-x86_64/jdk8u202/12323/hotspot/src/share/vm/prims/jni.cpp, line 710]

Events (10 events):
Event: 5598.896 Thread 0x00007fedc108f800 Thread exited: 0x00007fedc108f800
Event: 5598.896 Thread 0x00007fedc3732800 Thread exited: 0x00007fedc3732800
Event: 5643.969 Thread 0x00007fedc24b2000 Thread added: 0x00007fedc24b2000
Event: 5643.969 Thread 0x00007fedc20a7800 Thread added: 0x00007fedc20a7800
Event: 5643.969 Executing VM operation: GenCollectFull
Event: 5643.978 Executing VM operation: GenCollectFull done
Event: 5643.978 Executing VM operation: GenCollectFull
Event: 5643.986 Executing VM operation: GenCollectFull done
Event: 5644.989 Thread 0x00007fedc24b2000 Thread exited: 0x00007fedc24b2000
Event: 5644.989 Thread 0x00007fedc20a7800 Thread exited: 0x00007fedc20a7800


Dynamic libraries:
0x00007fff330a6000 	/System/Library/Frameworks/ApplicationServices.framework/Versions/A/ApplicationServices
0x00007fff34e9e000 	/System/Library/Frameworks/Cocoa.framework/Versions/A/Cocoa
0x00007fff26bba000 	/System/Library/Frameworks/QuartzCore.framework/Versions/A/QuartzCore
0x00007fff20e8f000 	/System/Library/Frameworks/SystemConfiguration.framework/Versions/A/SystemConfiguration
0x0000000104e1b000 	/Applications/Stata/StataIC.app/Contents/Frameworks/Scintilla.framework/Versions/A/Scintilla
0x00007fff202b2000 	/usr/lib/libc++.1.dylib
0x00007fff2117b000 	/System/Library/Frameworks/Foundation.framework/Versions/C/Foundation
0x00007fff201ec000 	/usr/lib/libobjc.A.dylib
0x00007fff2a52d000 	/usr/lib/libSystem.B.dylib
0x00007fff22c14000 	/System/Library/Frameworks/AppKit.framework/Versions/C/AppKit
0x00007fff203cc000 	/System/Library/Frameworks/CoreFoundation.framework/Versions/A/CoreFoundation
0x00007fff24f55000 	/System/Library/Frameworks/CoreGraphics.framework/Versions/A/CoreGraphics
0x00007fff2fecb000 	/System/Library/Frameworks/CoreServices.framework/Versions/A/CoreServices
0x00007fff2196b000 	/System/Library/Frameworks/CoreText.framework/Versions/A/CoreText
0x00007fff2899f000 	/System/Library/Frameworks/ImageIO.framework/Versions/A/ImageIO
0x00007fff255df000 	/System/Library/Frameworks/ColorSync.framework/Versions/A/ColorSync
0x00007fff2cd5d000 	/System/Library/Frameworks/ApplicationServices.framework/Versions/A/Frameworks/ATS.framework/Versions/A/ATS
0x00007fff2d070000 	/System/Library/Frameworks/ApplicationServices.framework/Versions/A/Frameworks/ColorSyncLegacy.framework/Versions/A/ColorSyncLegacy
0x00007fff256d6000 	/System/Library/Frameworks/ApplicationServices.framework/Versions/A/Frameworks/HIServices.framework/Versions/A/HIServices
0x00007fff2d055000 	/System/Library/Frameworks/ApplicationServices.framework/Versions/A/Frameworks/LangAnalysis.framework/Versions/A/LangAnalysis
0x00007fff2bd08000 	/System/Library/Frameworks/ApplicationServices.framework/Versions/A/Frameworks/PrintCore.framework/Versions/A/PrintCore
0x00007fff2d078000 	/System/Library/Frameworks/ApplicationServices.framework/Versions/A/Frameworks/QD.framework/Versions/A/QD
0x00007fff2cd4d000 	/System/Library/Frameworks/ApplicationServices.framework/Versions/A/Frameworks/SpeechSynthesis.framework/Versions/A/SpeechSynthesis
0x00007fff24bef000 	/System/Library/PrivateFrameworks/SkyLight.framework/Versions/A/SkyLight
0x00007fff28504000 	/System/Library/PrivateFrameworks/FontServices.framework/libFontParser.dylib
0x00007fff30087000 	/System/Library/Frameworks/Accelerate.framework/Versions/A/Accelerate
0x00007fff282bc000 	/System/Library/Frameworks/IOSurface.framework/Versions/A/IOSurface
0x00007fff271c0000 	/usr/lib/libxml2.2.dylib
0x00007fff246b3000 	/System/Library/Frameworks/CFNetwork.framework/Versions/A/CFNetwork
0x00007fff2a465000 	/usr/lib/libz.1.dylib
0x00007fff261d7000 	/System/Library/PrivateFrameworks/RunningBoardServices.framework/Versions/A/RunningBoardServices
0x00007fff24b62000 	/usr/lib/libMobileGestalt.dylib
0x00007fff2ba20000 	/System/Library/PrivateFrameworks/WatchdogClient.framework/Versions/A/WatchdogClient
0x00007fff2a7a4000 	/usr/lib/libcompression.dylib
0x00007fff26460000 	/usr/lib/libDiagnosticMessagesClient.dylib
0x00007fff215c3000 	/System/Library/Frameworks/CoreDisplay.framework/Versions/A/CoreDisplay
0x00007fff28419000 	/System/Library/Frameworks/CoreMedia.framework/Versions/A/CoreMedia
0x00007fff282ce000 	/System/Library/PrivateFrameworks/IOAccelerator.framework/Versions/A/IOAccelerator
0x00007fff22b0b000 	/System/Library/Frameworks/IOKit.framework/Versions/A/IOKit
0x00007fff282d8000 	/System/Library/Frameworks/Metal.framework/Versions/A/Metal
0x00007fff272a3000 	/System/Library/Frameworks/CoreVideo.framework/Versions/A/CoreVideo
0x00007fff2a79d000 	/System/Library/Frameworks/MetalPerformanceShaders.framework/Versions/A/MetalPerformanceShaders
0x00007fff2ba24000 	/System/Library/PrivateFrameworks/MultitouchSupport.framework/Versions/A/MultitouchSupport
0x00007fff221e3000 	/System/Library/Frameworks/Security.framework/Versions/A/Security
0x00007fff29ce0000 	/usr/lib/libbsm.0.dylib
0x00007fff2a533000 	/System/Library/PrivateFrameworks/SoftLinking.framework/Versions/A/SoftLinking
0x00007fff26430000 	/System/Library/PrivateFrameworks/CoreAnalytics.framework/Versions/A/CoreAnalytics
0x00007fff2ba5b000 	/System/Library/Frameworks/VideoToolbox.framework/Versions/A/VideoToolbox
0x00007fff26157000 	/System/Library/PrivateFrameworks/BaseBoard.framework/Versions/A/BaseBoard
0x00007fff27143000 	/System/Library/Frameworks/CoreServices.framework/Versions/A/Frameworks/FSEvents.framework/Versions/A/FSEvents
0x00007fff227a5000 	/System/Library/Frameworks/CoreServices.framework/Versions/A/Frameworks/CarbonCore.framework/Versions/A/CarbonCore
0x00007fff264b0000 	/System/Library/Frameworks/CoreServices.framework/Versions/A/Frameworks/Metadata.framework/Versions/A/Metadata
0x00007fff2a269000 	/System/Library/Frameworks/CoreServices.framework/Versions/A/Frameworks/OSServices.framework/Versions/A/OSServices
0x00007fff2a6e1000 	/System/Library/Frameworks/CoreServices.framework/Versions/A/Frameworks/SearchKit.framework/Versions/A/SearchKit
0x00007fff26220000 	/System/Library/Frameworks/CoreServices.framework/Versions/A/Frameworks/AE.framework/Versions/A/AE
0x00007fff2086a000 	/System/Library/Frameworks/CoreServices.framework/Versions/A/Frameworks/LaunchServices.framework/Versions/A/LaunchServices
0x00007fff2ab68000 	/System/Library/Frameworks/CoreServices.framework/Versions/A/Frameworks/DictionaryServices.framework/Versions/A/DictionaryServices
0x00007fff27150000 	/System/Library/Frameworks/CoreServices.framework/Versions/A/Frameworks/SharedFileList.framework/Versions/A/SharedFileList
0x00007fff2a76e000 	/usr/lib/libapple_nghttp2.dylib
0x00007fff2253b000 	/usr/lib/libicucore.A.dylib
0x00007fff2402c000 	/usr/lib/libnetwork.dylib
0x00007fff25f0e000 	/usr/lib/libsqlite3.dylib
0x00007fff2a4fa000 	/usr/lib/liboah.dylib
0x00007fff2a52f000 	/usr/lib/libfakelink.dylib
0x00007fff20308000 	/usr/lib/libc++abi.dylib
0x00007fff2a527000 	/usr/lib/system/libcache.dylib
0x00007fff2a4e3000 	/usr/lib/system/libcommonCrypto.dylib
0x00007fff2a50d000 	/usr/lib/system/libcompiler_rt.dylib
0x00007fff2a502000 	/usr/lib/system/libcopyfile.dylib
0x00007fff200dc000 	/usr/lib/system/libcorecrypto.dylib
0x00007fff201a7000 	/usr/lib/system/libdispatch.dylib
0x00007fff2035a000 	/usr/lib/system/libdyld.dylib
0x00007fff2a51e000 	/usr/lib/system/libkeymgr.dylib
0x00007fff2d936000 	/usr/lib/system/liblaunch.dylib
0x00007fff2a4c1000 	/usr/lib/system/libmacho.dylib
0x00007fff29cb9000 	/usr/lib/system/libquarantine.dylib
0x00007fff2a51b000 	/usr/lib/system/libremovefile.dylib
0x00007fff24bbf000 	/usr/lib/system/libsystem_asl.dylib
0x00007fff2008c000 	/usr/lib/system/libsystem_blocks.dylib
0x00007fff20229000 	/usr/lib/system/libsystem_c.dylib
0x00007fff2a515000 	/usr/lib/system/libsystem_collections.dylib
0x00007fff28fbf000 	/usr/lib/system/libsystem_configuration.dylib
0x00007fff282ab000 	/usr/lib/system/libsystem_containermanager.dylib
0x00007fff2a264000 	/usr/lib/system/libsystem_coreservices.dylib
0x00007fff2279b000 	/usr/lib/system/libsystem_darwin.dylib
0x00007fff2a51f000 	/usr/lib/system/libsystem_dnssd.dylib
0x00007fff20226000 	/usr/lib/system/libsystem_featureflags.dylib
0x00007fff203a0000 	/usr/lib/system/libsystem_info.dylib
0x00007fff2a478000 	/usr/lib/system/libsystem_m.dylib
0x00007fff2017a000 	/usr/lib/system/libsystem_malloc.dylib
0x00007fff24b52000 	/usr/lib/system/libsystem_networkextension.dylib
0x00007fff22bba000 	/usr/lib/system/libsystem_notify.dylib
0x00007fff2fdcd000 	/usr/lib/system/libsystem_product_info_filter.dylib
0x00007fff28fc3000 	/usr/lib/system/libsystem_sandbox.dylib
0x00007fff2a518000 	/usr/lib/system/libsystem_secinit.dylib
0x00007fff2031e000 	/usr/lib/system/libsystem_kernel.dylib
0x00007fff20396000 	/usr/lib/system/libsystem_platform.dylib
0x00007fff2034e000 	/usr/lib/system/libsystem_pthread.dylib
0x00007fff2629c000 	/usr/lib/system/libsystem_symptoms.dylib
0x00007fff200c4000 	/usr/lib/system/libsystem_trace.dylib
0x00007fff2a4ef000 	/usr/lib/system/libunwind.dylib
0x00007fff2008e000 	/usr/lib/system/libxpc.dylib
0x00007fff24b61000 	/usr/lib/libenergytrace.dylib
0x00007fff2a4c7000 	/usr/lib/system/libkxld.dylib
0x00007fff2a247000 	/System/Library/PrivateFrameworks/AppleFSCompression.framework/Versions/A/AppleFSCompression
0x00007fff29cc8000 	/usr/lib/libcoretls.dylib
0x00007fff2abd1000 	/usr/lib/libcoretls_cfhelpers.dylib
0x00007fff2a79f000 	/usr/lib/libpam.2.dylib
0x00007fff2accf000 	/usr/lib/libxar.1.dylib
0x00007fff27178000 	/System/Library/PrivateFrameworks/CoreAutoLayout.framework/Versions/A/CoreAutoLayout
0x00007fff2654b000 	/System/Library/Frameworks/DiskArbitration.framework/Versions/A/DiskArbitration
0x00007fff2a66f000 	/usr/lib/libarchive.2.dylib
0x00007fff28fce000 	/usr/lib/liblangid.dylib
0x00007fff20f0d000 	/usr/lib/libCRFSuite.dylib
0x00007fff2a534000 	/usr/lib/libpcap.A.dylib
0x00007fff26295000 	/usr/lib/libdns_services.dylib
0x00007fff2abb8000 	/usr/lib/liblzma.5.dylib
0x00007fff2a257000 	/usr/lib/libbz2.1.0.dylib
0x00007fff2a56c000 	/usr/lib/libiconv.2.dylib
0x00007fff2a4c0000 	/usr/lib/libcharset.1.dylib
0x00007fff28fca000 	/System/Library/PrivateFrameworks/AppleSystemInfo.framework/Versions/A/AppleSystemInfo
0x00007fff2990a000 	/System/Library/PrivateFrameworks/IOMobileFramebuffer.framework/Versions/A/IOMobileFramebuffer
0x00007fff29cbc000 	/usr/lib/libCheckFix.dylib
0x00007fff24bd6000 	/System/Library/PrivateFrameworks/TCC.framework/Versions/A/TCC
0x00007fff28fd0000 	/System/Library/PrivateFrameworks/CoreNLP.framework/Versions/A/CoreNLP
0x00007fff26463000 	/System/Library/PrivateFrameworks/MetadataUtilities.framework/Versions/A/MetadataUtilities
0x00007fff20f42000 	/usr/lib/libmecabra.dylib
0x00007fff29fc6000 	/System/Library/Frameworks/MLCompute.framework/Versions/A/MLCompute
0x00007fff29cf1000 	/usr/lib/libmecab.dylib
0x00007fff29d3b000 	/usr/lib/libgermantok.dylib
0x00007fff2a749000 	/usr/lib/libThaiTokenizer.dylib
0x00007fff2ad0a000 	/usr/lib/libChineseTokenizer.dylib
0x00007fff26552000 	/System/Library/Frameworks/Accelerate.framework/Versions/A/Frameworks/vImage.framework/Versions/A/vImage
0x00007fff2fea5000 	/System/Library/Frameworks/Accelerate.framework/Versions/A/Frameworks/vecLib.framework/Versions/A/vecLib
0x00007fff2ad15000 	/System/Library/Frameworks/Accelerate.framework/Versions/A/Frameworks/vecLib.framework/Versions/A/libvMisc.dylib
0x00007fff29725000 	/System/Library/Frameworks/Accelerate.framework/Versions/A/Frameworks/vecLib.framework/Versions/A/libvDSP.dylib
0x00007fff20b75000 	/System/Library/Frameworks/Accelerate.framework/Versions/A/Frameworks/vecLib.framework/Versions/A/libBLAS.dylib
0x00007fff2a7ca000 	/System/Library/Frameworks/Accelerate.framework/Versions/A/Frameworks/vecLib.framework/Versions/A/libLAPACK.dylib
0x00007fff29d41000 	/System/Library/Frameworks/Accelerate.framework/Versions/A/Frameworks/vecLib.framework/Versions/A/libLinearAlgebra.dylib
0x00007fff2a786000 	/System/Library/Frameworks/Accelerate.framework/Versions/A/Frameworks/vecLib.framework/Versions/A/libSparseBLAS.dylib
0x00007fff2a7c4000 	/System/Library/Frameworks/Accelerate.framework/Versions/A/Frameworks/vecLib.framework/Versions/A/libQuadrature.dylib
0x00007fff2907c000 	/System/Library/Frameworks/Accelerate.framework/Versions/A/Frameworks/vecLib.framework/Versions/A/libBNNS.dylib
0x00007fff20e20000 	/System/Library/Frameworks/Accelerate.framework/Versions/A/Frameworks/vecLib.framework/Versions/A/libSparse.dylib
0x00007fff28f58000 	/System/Library/Frameworks/MetalPerformanceShaders.framework/Versions/A/Frameworks/MPSCore.framework/Versions/A/MPSCore
0x00007fff2a1b6000 	/System/Library/Frameworks/MetalPerformanceShaders.framework/Versions/A/Frameworks/MPSImage.framework/Versions/A/MPSImage
0x00007fff29d57000 	/System/Library/Frameworks/MetalPerformanceShaders.framework/Versions/A/Frameworks/MPSNeuralNetwork.framework/Versions/A/MPSNeuralNetwork
0x00007fff2a128000 	/System/Library/Frameworks/MetalPerformanceShaders.framework/Versions/A/Frameworks/MPSMatrix.framework/Versions/A/MPSMatrix
0x00007fff29f76000 	/System/Library/Frameworks/MetalPerformanceShaders.framework/Versions/A/Frameworks/MPSRayIntersector.framework/Versions/A/MPSRayIntersector
0x00007fff2a15f000 	/System/Library/Frameworks/MetalPerformanceShaders.framework/Versions/A/Frameworks/MPSNDArray.framework/Versions/A/MPSNDArray
0x00007fff20aa0000 	/System/Library/PrivateFrameworks/MetalTools.framework/Versions/A/MetalTools
0x00007fff28fc8000 	/System/Library/PrivateFrameworks/AggregateDictionary.framework/Versions/A/AggregateDictionary
0x00007fff2a74b000 	/System/Library/PrivateFrameworks/AppleSauce.framework/Versions/A/AppleSauce
0x00007fff6ba2a000 	/System/Library/Frameworks/OpenGL.framework/Versions/A/Libraries/libCoreFSCache.dylib
0x00007fff214da000 	/System/Library/PrivateFrameworks/LanguageModeling.framework/Versions/A/LanguageModeling
0x00007fff298f8000 	/System/Library/PrivateFrameworks/CoreEmoji.framework/Versions/A/CoreEmoji
0x00007fff29075000 	/System/Library/PrivateFrameworks/LinguisticData.framework/Versions/A/LinguisticData
0x00007fff20dd2000 	/System/Library/PrivateFrameworks/Lexicon.framework/Versions/A/Lexicon
0x00007fff2a65d000 	/usr/lib/libcmph.dylib
0x00007fff27123000 	/System/Library/Frameworks/OpenDirectory.framework/Versions/A/Frameworks/CFOpenDirectory.framework/Versions/A/CFOpenDirectory
0x00007fff27113000 	/System/Library/Frameworks/OpenDirectory.framework/Versions/A/OpenDirectory
0x00007fff2abd3000 	/System/Library/PrivateFrameworks/APFS.framework/Versions/A/APFS
0x00007fff29c1e000 	/System/Library/Frameworks/SecurityFoundation.framework/Versions/A/SecurityFoundation
0x00007fff2acdd000 	/usr/lib/libutil.dylib
0x00007fff27175000 	/usr/lib/libapp_launch_measurement.dylib
0x00007fff22ad0000 	/System/Library/PrivateFrameworks/CoreServicesStore.framework/Versions/A/CoreServicesStore
0x00007fff29cb4000 	/System/Library/Frameworks/ServiceManagement.framework/Versions/A/ServiceManagement
0x00007fff2ace1000 	/usr/lib/libxslt.1.dylib
0x00007fff29caa000 	/System/Library/PrivateFrameworks/BackgroundTaskManagement.framework/Versions/A/BackgroundTaskManagement
0x00007fff2b1a0000 	/System/Library/PrivateFrameworks/PersistentConnection.framework/Versions/A/PersistentConnection
0x00007fff25ef8000 	/System/Library/PrivateFrameworks/ProtocolBuffer.framework/Versions/A/ProtocolBuffer
0x00007fff2613f000 	/System/Library/PrivateFrameworks/CommonUtilities.framework/Versions/A/CommonUtilities
0x00007fff2b8b9000 	/System/Library/PrivateFrameworks/Bom.framework/Versions/A/Bom
0x00007fff2add3000 	/usr/lib/libate.dylib
0x00007fff2bc9a000 	/System/Library/Frameworks/ImageIO.framework/Versions/A/Resources/libRadiance.dylib
0x00007fff2bca4000 	/System/Library/Frameworks/ImageIO.framework/Versions/A/Resources/libJPEG.dylib
0x00007fff2bbee000 	/System/Library/Frameworks/ImageIO.framework/Versions/A/Resources/libPng.dylib
0x00007fff2bc15000 	/System/Library/Frameworks/ImageIO.framework/Versions/A/Resources/libTIFF.dylib
0x00007fff2bcf9000 	/System/Library/Frameworks/ImageIO.framework/Versions/A/Resources/libGIF.dylib
0x00007fff2b940000 	/System/Library/Frameworks/ImageIO.framework/Versions/A/Resources/libJP2.dylib
0x00007fff2b05c000 	/usr/lib/libexpat.1.dylib
0x00007fff2b8f6000 	/System/Library/PrivateFrameworks/AppleJPEG.framework/Versions/A/AppleJPEG
0x00007fff2bc92000 	/System/Library/PrivateFrameworks/GPUWrangler.framework/Versions/A/GPUWrangler
0x00007fff2bc75000 	/System/Library/PrivateFrameworks/IOPresentment.framework/Versions/A/IOPresentment
0x00007fff2bc9e000 	/System/Library/PrivateFrameworks/DSExternalDisplay.framework/Versions/A/DSExternalDisplay
0x00007fff2bcfe000 	/System/Library/PrivateFrameworks/CMCaptureCore.framework/Versions/A/CMCaptureCore
0x00007fff2b656000 	/usr/lib/libspindump.dylib
0x00007fff21b51000 	/System/Library/Frameworks/CoreAudio.framework/Versions/A/CoreAudio
0x00007fff2b63c000 	/System/Library/PrivateFrameworks/AppServerSupport.framework/Versions/A/AppServerSupport
0x00007fff2d6d9000 	/System/Library/PrivateFrameworks/perfdata.framework/Versions/A/perfdata
0x00007fff29c0d000 	/System/Library/PrivateFrameworks/AssertionServices.framework/Versions/A/AssertionServices
0x00007fff216fa000 	/System/Library/PrivateFrameworks/AudioToolboxCore.framework/Versions/A/AudioToolboxCore
0x00007fff283fc000 	/System/Library/PrivateFrameworks/caulk.framework/Versions/A/caulk
0x00007fff3cb85000 	/System/Library/PrivateFrameworks/SystemPolicy.framework/Versions/A/SystemPolicy
0x00007fff2ae6b000 	/usr/lib/libIOReport.dylib
0x00007fff2cf15000 	/usr/lib/libSMC.dylib
0x00007fff2bbba000 	/usr/lib/libAudioToolboxUtility.dylib
0x00007fff3d4e2000 	/usr/lib/libmis.dylib
0x00007fff6ba36000 	/System/Library/Frameworks/OpenGL.framework/Versions/A/OpenGL
0x00007fff6ba86000 	/System/Library/Frameworks/OpenGL.framework/Versions/A/Libraries/libGLU.dylib
0x00007fff6ba49000 	/System/Library/Frameworks/OpenGL.framework/Versions/A/Libraries/libGFXShared.dylib
0x00007fff6bc57000 	/System/Library/Frameworks/OpenGL.framework/Versions/A/Libraries/libGL.dylib
0x00007fff6ba52000 	/System/Library/Frameworks/OpenGL.framework/Versions/A/Libraries/libGLImage.dylib
0x00007fff6ba46000 	/System/Library/Frameworks/OpenGL.framework/Versions/A/Libraries/libCVMSPluginSupport.dylib
0x00007fff6ba31000 	/System/Library/Frameworks/OpenGL.framework/Versions/A/Libraries/libCoreVMClient.dylib
0x00007fff28bdc000 	/System/Library/Frameworks/CoreImage.framework/Versions/A/CoreImage
0x00007fff6d0a1000 	/System/Library/Frameworks/OpenCL.framework/Versions/A/OpenCL
0x00007fff2b1c9000 	/System/Library/PrivateFrameworks/GraphVisualizer.framework/Versions/A/GraphVisualizer
0x00007fff2b1d8000 	/System/Library/PrivateFrameworks/FaceCore.framework/Versions/A/FaceCore
0x00007fff2b5f4000 	/System/Library/PrivateFrameworks/OTSVG.framework/Versions/A/OTSVG
0x00007fff26e98000 	/System/Library/Frameworks/ApplicationServices.framework/Versions/A/Frameworks/ATS.framework/Versions/A/Resources/libFontRegistry.dylib
0x00007fff2b643000 	/System/Library/PrivateFrameworks/FontServices.framework/libhvf.dylib
0x00007fff2b008000 	/System/Library/PrivateFrameworks/AppleVA.framework/Versions/A/AppleVA
0x00007fff2bcc9000 	/System/Library/Frameworks/ApplicationServices.framework/Versions/A/Frameworks/ATSUI.framework/Versions/A/ATSUI
0x00007fff2cff5000 	/usr/lib/libcups.2.dylib
0x00007fff2d065000 	/System/Library/PrivateFrameworks/NetAuth.framework/Versions/A/NetAuth
0x00007fff2d6f4000 	/System/Library/Frameworks/Kerberos.framework/Versions/A/Kerberos
0x00007fff2d704000 	/System/Library/Frameworks/GSS.framework/Versions/A/GSS
0x00007fff2cdca000 	/usr/lib/libresolv.9.dylib
0x00007fff2b659000 	/System/Library/PrivateFrameworks/Heimdal.framework/Versions/A/Heimdal
0x00007fff333bb000 	/System/Library/Frameworks/Kerberos.framework/Versions/A/Libraries/libHeimdalProxy.dylib
0x00007fff262a4000 	/System/Library/Frameworks/Network.framework/Versions/A/Network
0x00007fff2b075000 	/usr/lib/libheimdal-asn1.dylib
0x00007fff2d755000 	/System/Library/PrivateFrameworks/CommonAuth.framework/Versions/A/CommonAuth
0x00007fff272f1000 	/System/Library/PrivateFrameworks/login.framework/Versions/A/Frameworks/loginsupport.framework/Versions/A/loginsupport
0x00007fff2cb9f000 	/System/Library/Frameworks/AudioToolbox.framework/Versions/A/AudioToolbox
0x00007fff2ccd4000 	/System/Library/PrivateFrameworks/AudioSession.framework/Versions/A/AudioSession
0x00007fff2cd3a000 	/usr/lib/libAudioStatistics.dylib
0x00007fff2b101000 	/System/Library/PrivateFrameworks/MediaExperience.framework/Versions/A/MediaExperience
0x00007fff2cb6d000 	/System/Library/PrivateFrameworks/AudioSession.framework/libSessionUtility.dylib
0x00007fff2d6e5000 	/usr/lib/libperfcheck.dylib
0x00007fff2d084000 	/System/Library/PrivateFrameworks/AudioResourceArbitration.framework/Versions/A/AudioResourceArbitration
0x00007fff25ad8000 	/System/Library/Frameworks/CoreData.framework/Versions/A/CoreData
0x00007fff23960000 	/System/Library/PrivateFrameworks/UIFoundation.framework/Versions/A/UIFoundation
0x00007fff2fb60000 	/System/Library/PrivateFrameworks/RemoteViewServices.framework/Versions/A/RemoteViewServices
0x00007fff28971000 	/System/Library/PrivateFrameworks/XCTTargetBootstrap.framework/Versions/A/XCTTargetBootstrap
0x00007fff23baf000 	/System/Library/Frameworks/UniformTypeIdentifiers.framework/Versions/A/UniformTypeIdentifiers
0x00007fff28975000 	/System/Library/PrivateFrameworks/CoreSVG.framework/Versions/A/CoreSVG
0x00007fff2b094000 	/System/Library/PrivateFrameworks/IconServices.framework/Versions/A/IconServices
0x00007fff2895d000 	/System/Library/PrivateFrameworks/DFRFoundation.framework/Versions/A/DFRFoundation
0x00007fff2be27000 	/System/Library/PrivateFrameworks/DataDetectorsCore.framework/Versions/A/DataDetectorsCore
0x00007fff28661000 	/System/Library/Frameworks/Carbon.framework/Versions/A/Frameworks/HIToolbox.framework/Versions/A/HIToolbox
0x00007fff2fb98000 	/System/Library/Frameworks/Carbon.framework/Versions/A/Frameworks/SpeechRecognition.framework/Versions/A/SpeechRecognition
0x00007fff26eda000 	/System/Library/PrivateFrameworks/CoreUI.framework/Versions/A/CoreUI
0x00007fff2be1e000 	/System/Library/PrivateFrameworks/InternationalSupport.framework/Versions/A/InternationalSupport
0x00007fff27107000 	/System/Library/PrivateFrameworks/PerformanceAnalysis.framework/Versions/A/PerformanceAnalysis
0x00007fff2bea2000 	/System/Library/PrivateFrameworks/UserActivity.framework/Versions/A/UserActivity
0x00007fff2bd50000 	/System/Library/PrivateFrameworks/TextureIO.framework/Versions/A/TextureIO
0x00007fff2b07f000 	/System/Library/PrivateFrameworks/IconFoundation.framework/Versions/A/IconFoundation
0x00007fff2fb88000 	/System/Library/PrivateFrameworks/SpeechRecognitionCore.framework/Versions/A/SpeechRecognitionCore
0x00007fff22a91000 	/System/Library/PrivateFrameworks/CoreServicesInternal.framework/Versions/A/CoreServicesInternal
0x00007fff30f0f000 	/System/Library/Frameworks/FileProvider.framework/Versions/A/FileProvider
0x00007fff260c2000 	/System/Library/Frameworks/Accounts.framework/Versions/A/Accounts
0x00007fff3105f000 	/System/Library/PrivateFrameworks/GenerationalStorage.framework/Versions/A/GenerationalStorage
0x00007fff319f9000 	/System/Library/PrivateFrameworks/CoreSymbolication.framework/Versions/A/CoreSymbolication
0x00007fff3092f000 	/System/Library/PrivateFrameworks/SymptomDiagnosticReporter.framework/Versions/A/SymptomDiagnosticReporter
0x00007fff23bc2000 	/System/Library/PrivateFrameworks/DesktopServicesPriv.framework/Versions/A/DesktopServicesPriv
0x00007fff22bc6000 	/usr/lib/libsandbox.1.dylib
0x00007fff2731c000 	/System/Library/PrivateFrameworks/UserManagement.framework/Versions/A/UserManagement
0x00007fff29bea000 	/System/Library/PrivateFrameworks/MobileKeyBag.framework/Versions/A/MobileKeyBag
0x00007fff3443e000 	/System/Library/PrivateFrameworks/ChunkingLibrary.framework/Versions/A/ChunkingLibrary
0x00007fff319bd000 	/System/Library/PrivateFrameworks/DebugSymbols.framework/Versions/A/DebugSymbols
0x00007fff2e118000 	/System/Library/PrivateFrameworks/Sharing.framework/Versions/A/Sharing
0x00007fff329bd000 	/System/Library/PrivateFrameworks/Apple80211.framework/Versions/A/Apple80211
0x00007fff2a297000 	/System/Library/PrivateFrameworks/AuthKit.framework/Versions/A/AuthKit
0x00007fff299e8000 	/System/Library/PrivateFrameworks/CoreUtils.framework/Versions/A/CoreUtils
0x00007fff29915000 	/System/Library/Frameworks/CoreWLAN.framework/Versions/A/CoreWLAN
0x00007fff2e264000 	/System/Library/Frameworks/IOBluetooth.framework/Versions/A/IOBluetooth
0x00007fff32a21000 	/System/Library/PrivateFrameworks/CoreWiFi.framework/Versions/A/CoreWiFi
0x00007fff2d7db000 	/System/Library/PrivateFrameworks/CorePhoneNumbers.framework/Versions/A/CorePhoneNumbers
0x00007fff30a36000 	/System/Library/PrivateFrameworks/DiskManagement.framework/Versions/A/DiskManagement
0x00007fff3094c000 	/System/Library/PrivateFrameworks/AppleIDAuthSupport.framework/Versions/A/AppleIDAuthSupport
0x00007fff2d7bb000 	/System/Library/PrivateFrameworks/KeychainCircle.framework/Versions/A/KeychainCircle
0x00007fff30a02000 	/System/Library/PrivateFrameworks/MediaKit.framework/Versions/A/MediaKit
0x00007fff30959000 	/System/Library/Frameworks/DiscRecording.framework/Versions/A/DiscRecording
0x00007fff2af7c000 	/usr/lib/libCoreStorage.dylib
0x00007fff32e5c000 	/usr/lib/libcsfde.dylib
0x00007fff2e39f000 	/System/Library/PrivateFrameworks/ProtectedCloudStorage.framework/Versions/A/ProtectedCloudStorage
0x00007fff32e54000 	/System/Library/PrivateFrameworks/EFILogin.framework/Versions/A/EFILogin
0x00007fff3346e000 	/System/Library/Frameworks/AudioUnit.framework/Versions/A/AudioUnit
0x00007fff308c9000 	/System/Library/Frameworks/CoreBluetooth.framework/Versions/A/CoreBluetooth
0x00007fff2af74000 	/usr/lib/libMatch.1.dylib
0x00007fff43756000 	/System/Library/CoreServices/RawCamera.bundle/Contents/MacOS/RawCamera
0x00007fff2d766000 	/System/Library/PrivateFrameworks/MobileAsset.framework/Versions/A/MobileAsset
0x00007fff33492000 	/System/Library/PrivateFrameworks/StreamingZip.framework/Versions/A/StreamingZip
0x00007fff2bf00000 	/System/Library/Frameworks/MediaToolbox.framework/Versions/A/MediaToolbox
0x00007fff30ee1000 	/System/Library/PrivateFrameworks/CoreAVCHD.framework/Versions/A/CoreAVCHD
0x00007fff300c8000 	/System/Library/Frameworks/MediaAccessibility.framework/Versions/A/MediaAccessibility
0x00007fff30edd000 	/System/Library/PrivateFrameworks/Mangrove.framework/Versions/A/Mangrove
0x00007fff300d4000 	/System/Library/PrivateFrameworks/AlgosScoreFramework.framework/Versions/A/AlgosScoreFramework
0x00007fff318cb000 	/System/Library/PrivateFrameworks/AppleVPA.framework/Versions/A/AppleVPA
0x00007fff30b22000 	/System/Library/PrivateFrameworks/CoreAUC.framework/Versions/A/CoreAUC
0x000000010866e000 	/usr/lib/libobjc-trampolines.dylib
0x00007fff3ccf1000 	/System/Library/PrivateFrameworks/AccessibilitySharedSupport.framework/Versions/A/AccessibilitySharedSupport
0x00007fff391aa000 	/usr/lib/libAccessibility.dylib
0x00007fff3fb69000 	/System/Library/PrivateFrameworks/TextInput.framework/Versions/A/TextInput
0x00007fff3919b000 	/System/Library/PrivateFrameworks/AXCoreUtilities.framework/Versions/A/AXCoreUtilities
0x00007fff272f4000 	/System/Library/PrivateFrameworks/ApplePushService.framework/Versions/A/ApplePushService
0x00007fff27338000 	/System/Library/Frameworks/CloudKit.framework/Versions/A/CloudKit
0x00007fff2debb000 	/System/Library/PrivateFrameworks/IDS.framework/Versions/A/IDS
0x00007fff34ce8000 	/System/Library/PrivateFrameworks/ConstantClasses.framework/Versions/A/ConstantClasses
0x00007fff300f9000 	/System/Library/PrivateFrameworks/CoreDaemon.framework/Versions/B/CoreDaemon
0x00007fff300f4000 	/System/Library/PrivateFrameworks/AppleSRP.framework/Versions/A/AppleSRP
0x00007fff2ae73000 	/System/Library/PrivateFrameworks/CrashReporterSupport.framework/Versions/A/CrashReporterSupport
0x00007fff3351c000 	/System/Library/PrivateFrameworks/C2.framework/Versions/A/C2
0x00007fff2822e000 	/System/Library/Frameworks/CoreLocation.framework/Versions/A/CoreLocation
0x00007fff33516000 	/System/Library/Frameworks/PushKit.framework/Versions/A/PushKit
0x00007fff478d2000 	/System/Library/PrivateFrameworks/OSAnalytics.framework/Versions/A/OSAnalytics
0x00007fff778d5000 	/usr/lib/libRosetta.dylib
0x00007fff32de3000 	/System/Library/PrivateFrameworks/RemoteServiceDiscovery.framework/Versions/A/RemoteServiceDiscovery
0x00007fff5158f000 	/System/Library/PrivateFrameworks/Symbolication.framework/Versions/A/Symbolication
0x00007fff3d4c2000 	/System/Library/PrivateFrameworks/MallocStackLogging.framework/Versions/A/MallocStackLogging
0x00007fff31aaf000 	/System/Library/PrivateFrameworks/CoreTime.framework/Versions/A/CoreTime
0x00007fff2e658000 	/System/Library/PrivateFrameworks/GeoServices.framework/Versions/A/GeoServices
0x00007fff2cb44000 	/System/Library/PrivateFrameworks/LocationSupport.framework/Versions/A/LocationSupport
0x00007fff2cadd000 	/System/Library/PrivateFrameworks/IMFoundation.framework/Versions/A/IMFoundation
0x00007fff38adf000 	/System/Library/PrivateFrameworks/Marco.framework/Versions/A/Marco
0x00007fff2dfbd000 	/System/Library/PrivateFrameworks/IDSFoundation.framework/Versions/A/IDSFoundation
0x00007fff36326000 	/System/Library/PrivateFrameworks/Engram.framework/Versions/A/Engram
0x00007fff362d4000 	/usr/lib/libtidy.A.dylib
0x00007fff411a9000 	/System/Library/Frameworks/Accelerate.framework/Versions/A/Frameworks/vImage.framework/Versions/A/Libraries/libCGInterfaces.dylib
0x00007fff2701b000 	/System/Library/PrivateFrameworks/ViewBridge.framework/Versions/A/ViewBridge
0x00007fff2b71a000 	/System/Library/PrivateFrameworks/login.framework/Versions/A/login
0x00007fff3ba54000 	/usr/lib/libFosl_dynamic.dylib
0x00007fff40ced000 	/usr/lib/libncurses.5.4.dylib
0x00007fff5dc1e000 	/System/Library/Extensions/AppleIntelKBLGraphicsMTLDriver.bundle/Contents/MacOS/AppleIntelKBLGraphicsMTLDriver
0x00007fff3d4f5000 	/System/Library/PrivateFrameworks/GPURawCounter.framework/Versions/A/GPURawCounter
0x00007fff695df000 	/System/Library/PrivateFrameworks/GPUCompiler.framework/Versions/31001/Libraries/libmetal_timestamp.dylib
0x000000011723c000 	/Applications/Stata/utilities/java/macosx-x64/jre1.8.0_202.jre/Contents/Home/lib/jli/libjli.dylib
0x0000000119c03000 	/Applications/Stata/utilities/java/macosx-x64/jre1.8.0_202.jre/Contents/Home/lib/server/libjvm.dylib
0x00007fff77fef000 	/usr/lib/libstdc++.6.dylib
0x0000000114b3c000 	/Applications/Stata/utilities/java/macosx-x64/jre1.8.0_202.jre/Contents/Home/lib/libverify.dylib
0x0000000117905000 	/Applications/Stata/utilities/java/macosx-x64/jre1.8.0_202.jre/Contents/Home/lib/libjava.dylib
0x0000000114b53000 	/Applications/Stata/utilities/java/macosx-x64/jre1.8.0_202.jre/Contents/Home/lib/libzip.dylib
0x000000012db07000 	/Applications/Stata/utilities/java/macosx-x64/jre1.8.0_202.jre/Contents/Home/lib/libnio.dylib
0x000000012dc6e000 	/Applications/Stata/utilities/java/macosx-x64/jre1.8.0_202.jre/Contents/Home/lib/libnet.dylib
0x000000012ddb5000 	/Applications/Stata/utilities/java/macosx-x64/jre1.8.0_202.jre/Contents/Home/lib/libsunec.dylib
0x00007fff51574000 	/System/Library/PrivateFrameworks/Shortcut.framework/Versions/A/Shortcut
0x00007fff51546000 	/System/Library/PrivateFrameworks/HelpData.framework/Versions/A/HelpData
0x0000000131e44000 	/System/Library/Frameworks/FileProvider.framework/OverrideBundles/CloudDocsFileProvider.bundle/Contents/MacOS/CloudDocsFileProvider
0x00007fff274ca000 	/System/Library/PrivateFrameworks/CloudDocs.framework/Versions/A/CloudDocs
0x00007fff34152000 	/System/Library/PrivateFrameworks/SpotlightIndex.framework/Versions/A/SpotlightIndex
0x00007fff30939000 	/System/Library/PrivateFrameworks/PowerLog.framework/Versions/A/PowerLog
0x00007fff23d4d000 	/System/Library/PrivateFrameworks/SpotlightLinguistics.framework/Versions/A/SpotlightLinguistics
0x0000000131e58000 	/System/Library/Frameworks/FileProvider.framework/OverrideBundles/FileProviderOverride.bundle/Contents/MacOS/FileProviderOverride
0x0000000131e6c000 	/System/Library/Frameworks/FileProvider.framework/OverrideBundles/FinderSyncCollaborationFileProviderOverride.bundle/Contents/MacOS/FinderSyncCollaborationFileProviderOverride
0x00007fff4b823000 	/System/Library/PrivateFrameworks/FinderSyncPriv.framework/Versions/A/FinderSyncPriv
0x00007fff2b80d000 	/System/Library/PrivateFrameworks/Backup.framework/Versions/A/Backup
0x00007fff40d81000 	/System/Library/Frameworks/Quartz.framework/Versions/A/Quartz
0x00007fff3e899000 	/System/Library/Frameworks/Quartz.framework/Versions/A/Frameworks/QuartzComposer.framework/Versions/A/QuartzComposer
0x00007fff3ed3a000 	/System/Library/Frameworks/PDFKit.framework/Versions/A/PDFKit
0x00007fff3e08b000 	/System/Library/Frameworks/Quartz.framework/Versions/A/Frameworks/QuartzFilters.framework/Versions/A/QuartzFilters
0x00007fff3d681000 	/System/Library/Frameworks/Quartz.framework/Versions/A/Frameworks/ImageKit.framework/Versions/A/ImageKit
0x00007fff383cb000 	/System/Library/Frameworks/Quartz.framework/Versions/A/Frameworks/QuickLookUI.framework/Versions/A/QuickLookUI
0x00007fff36372000 	/System/Library/Frameworks/JavaScriptCore.framework/Versions/A/JavaScriptCore
0x00007fff3c847000 	/System/Library/PrivateFrameworks/CorePDF.framework/Versions/A/CorePDF
0x00007fff39193000 	/System/Library/PrivateFrameworks/URLFormatting.framework/Versions/A/URLFormatting
0x00007fff2e3f9000 	/System/Library/Frameworks/QuickLook.framework/Versions/A/QuickLook
0x00007fff35a8b000 	/System/Library/PrivateFrameworks/DisplayServices.framework/Versions/A/DisplayServices
0x00007fff3e028000 	/System/Library/Frameworks/ImageCaptureCore.framework/Versions/A/ImageCaptureCore
0x00007fff3c9cb000 	/System/Library/Frameworks/AVFoundation.framework/Versions/A/AVFoundation
0x00007fff2e459000 	/System/Library/Frameworks/MetalKit.framework/Versions/A/MetalKit
0x00007fff3bbfc000 	/System/Library/PrivateFrameworks/QuickLookSupport.framework/Versions/A/QuickLookSupport
0x00007fff33550000 	/System/Library/Frameworks/QuickLookThumbnailing.framework/Versions/A/QuickLookThumbnailing
0x00007fff6e1ab000 	/System/Library/Frameworks/AVFAudio.framework/Versions/A/AVFAudio
0x00007fff314ea000 	/System/Library/PrivateFrameworks/AVFCore.framework/Versions/A/AVFCore
0x00007fff375ce000 	/System/Library/PrivateFrameworks/AVFCapture.framework/Versions/A/AVFCapture
0x00007fff3bc1f000 	/System/Library/PrivateFrameworks/AirPlaySync.framework/Versions/A/AirPlaySync
0x00007fff2ceb0000 	/System/Library/Frameworks/CoreMediaIO.framework/Versions/A/CoreMediaIO
0x00007fff376e1000 	/System/Library/PrivateFrameworks/Quagga.framework/Versions/A/Quagga
0x00007fff37775000 	/System/Library/PrivateFrameworks/CMCapture.framework/Versions/A/CMCapture
0x00007fff33581000 	/System/Library/PrivateFrameworks/Espresso.framework/Versions/A/Espresso
0x00007fff34d02000 	/System/Library/PrivateFrameworks/AppleNeuralEngine.framework/Versions/A/AppleNeuralEngine
0x00007fff33d83000 	/System/Library/PrivateFrameworks/ANEServices.framework/Versions/A/ANEServices
0x00007fff6f810000 	/System/Library/PrivateFrameworks/CMImaging.framework/Versions/A/CMImaging
0x00007fff32b73000 	/System/Library/PrivateFrameworks/BackBoardServices.framework/Versions/A/BackBoardServices
0x00007fff3167f000 	/System/Library/PrivateFrameworks/FrontBoardServices.framework/Versions/A/FrontBoardServices
0x00007fff316ef000 	/System/Library/PrivateFrameworks/BoardServices.framework/Versions/A/BoardServices
0x00007fff2b735000 	/System/Library/PrivateFrameworks/CoreBrightness.framework/Versions/A/CoreBrightness
0x00007fff383bb000 	/System/Library/PrivateFrameworks/HID.framework/Versions/A/HID
0x00007fff3d2f8000 	/System/Library/Frameworks/SafariServices.framework/Versions/A/SafariServices
0x00007fff3cd66000 	/System/Library/PrivateFrameworks/QuickLookNonBaseSystem.framework/Versions/A/QuickLookNonBaseSystem
0x00007fff36305000 	/System/Library/PrivateFrameworks/MarkupUI.framework/Versions/A/MarkupUI
0x00007fff3cd48000 	/System/Library/PrivateFrameworks/SidecarCore.framework/Versions/A/SidecarCore
0x00007fff3e76c000 	/System/Library/PrivateFrameworks/AnnotationKit.framework/Versions/A/AnnotationKit
0x00007fff3d8dd000 	/System/Library/Frameworks/PencilKit.framework/Versions/A/PencilKit
0x00007fff3d9f4000 	/System/Library/PrivateFrameworks/SidecarUI.framework/Versions/A/SidecarUI
0x00007fff3d511000 	/System/Library/PrivateFrameworks/CoreHandwriting.framework/Versions/A/CoreHandwriting
0x00007fff25825000 	/System/Library/PrivateFrameworks/Montreal.framework/Versions/A/Montreal
0x00007fff2754c000 	/System/Library/Frameworks/CoreML.framework/Versions/A/CoreML
0x00007fff2ae9e000 	/System/Library/PrivateFrameworks/CVNLP.framework/Versions/A/CVNLP
0x00007fff334d6000 	/System/Library/PrivateFrameworks/DuetActivityScheduler.framework/Versions/A/DuetActivityScheduler
0x00007fff23d60000 	/System/Library/PrivateFrameworks/CoreDuet.framework/Versions/A/CoreDuet
0x00007fff32403000 	/System/Library/PrivateFrameworks/CoreDuetContext.framework/Versions/A/CoreDuetContext
0x00007fff313f7000 	/System/Library/Frameworks/CoreTelephony.framework/Versions/A/CoreTelephony
0x00007fff33eaf000 	/System/Library/PrivateFrameworks/CoreDuetDebugLogging.framework/Versions/A/CoreDuetDebugLogging
0x00007fff32450000 	/System/Library/Frameworks/Intents.framework/Versions/A/Intents
0x00007fff33eb2000 	/System/Library/PrivateFrameworks/CoreDuetDaemonProtocol.framework/Versions/A/CoreDuetDaemonProtocol
0x00007fff31ab9000 	/System/Library/PrivateFrameworks/Rapport.framework/Versions/A/Rapport
0x00007fff2d7e4000 	/usr/lib/libTelephonyUtilDynamic.dylib
0x00007fff2af3d000 	/System/Library/PrivateFrameworks/PlugInKit.framework/Versions/A/PlugInKit
0x00007fff33509000 	/System/Library/PrivateFrameworks/IntentsFoundation.framework/Versions/A/IntentsFoundation
0x00007fff3c8cf000 	/System/Library/Frameworks/Carbon.framework/Versions/A/Carbon
0x00007fff36366000 	/System/Library/Frameworks/Carbon.framework/Versions/A/Frameworks/CommonPanels.framework/Versions/A/CommonPanels
0x00007fff32e50000 	/System/Library/Frameworks/Carbon.framework/Versions/A/Frameworks/Help.framework/Versions/A/Help
0x00007fff3636a000 	/System/Library/Frameworks/Carbon.framework/Versions/A/Frameworks/ImageCapture.framework/Versions/A/ImageCapture
0x00007fff3633a000 	/System/Library/Frameworks/Carbon.framework/Versions/A/Frameworks/OpenScripting.framework/Versions/A/OpenScripting
0x00007fff36362000 	/System/Library/Frameworks/Carbon.framework/Versions/A/Frameworks/Ink.framework/Versions/A/Ink
0x00007fff3c8cb000 	/System/Library/Frameworks/Carbon.framework/Versions/A/Frameworks/Print.framework/Versions/A/Print
0x00007fff3635e000 	/System/Library/Frameworks/Carbon.framework/Versions/A/Frameworks/SecurityHI.framework/Versions/A/SecurityHI
0x00007fff30105000 	/System/Library/PrivateFrameworks/SystemAdministration.framework/Versions/A/SystemAdministration
0x00007fff2fb54000 	/System/Library/Frameworks/DirectoryService.framework/Versions/A/DirectoryService
0x00007fff32cfc000 	/System/Library/PrivateFrameworks/DiskImages.framework/Versions/A/DiskImages
0x00007fff32ecf000 	/System/Library/PrivateFrameworks/LoginUIKit.framework/Versions/A/Frameworks/LoginUICore.framework/Versions/A/LoginUICore
0x00007fff2b8b5000 	/usr/lib/libodfde.dylib
0x00007fff32e68000 	/usr/lib/libcurl.4.dylib
0x00007fff32bc8000 	/usr/lib/libcrypto.44.dylib
0x00007fff32cce000 	/usr/lib/libssl.46.dylib
0x00007fff32b8e000 	/System/Library/Frameworks/LDAP.framework/Versions/A/LDAP
0x00007fff32bc6000 	/System/Library/PrivateFrameworks/TrustEvaluationAgent.framework/Versions/A/TrustEvaluationAgent
0x00007fff2cde3000 	/usr/lib/libsasl2.2.dylib
0x0000000117626000 	/Applications/Stata/utilities/java/macosx-x64/jre1.8.0_202.jre/Contents/Home/lib/libawt.dylib
0x00000001176cf000 	/Applications/Stata/utilities/java/macosx-x64/jre1.8.0_202.jre/Contents/Home/lib/libmlib_image.dylib
0x00007fff6e9d6000 	/System/Library/Frameworks/JavaNativeFoundation.framework/Versions/A/JavaNativeFoundation
0x00007fff6e9e2000 	/System/Library/Frameworks/JavaRuntimeSupport.framework/Versions/A/JavaRuntimeSupport
0x000000011779b000 	/Applications/Stata/utilities/java/macosx-x64/jre1.8.0_202.jre/Contents/Home/lib/libawt_lwawt.dylib
0x0000000117856000 	/Applications/Stata/utilities/java/macosx-x64/jre1.8.0_202.jre/Contents/Home/lib/libosxapp.dylib
0x00007fff3bee6000 	/System/Library/Frameworks/ExceptionHandling.framework/Versions/A/ExceptionHandling
0x0000000117872000 	/Applications/Stata/utilities/java/macosx-x64/jre1.8.0_202.jre/Contents/Home/lib/libfontmanager.dylib

VM Arguments:
jvm_args: -Xmx384M -Xss2M -XX:+UseParNewGC -XX:+UseConcMarkSweepGC -XX:MinHeapFreeRatio=40 -XX:MaxHeapFreeRatio=70 -XX:ErrorFile=/dev/null 
java_command: <unknown>
java_class_path (initial): /Applications/Stata/utilities/jar/libstata-core.jar:/Applications/Stata/utilities/jar/libdeps-core.jar:/Applications/Stata/utilities/jar/sfi-api.jar:
Launcher Type: generic

Environment Variables:
PATH=/usr/bin:/bin:/usr/sbin:/sbin
SHELL=/bin/bash

Signal Handlers:
SIGSEGV: [libjvm.dylib+0x5b719d], sa_mask[0]=11111111011111110111111111111111, sa_flags=SA_ONSTACK|SA_RESTART|SA_SIGINFO
SIGBUS: [libjvm.dylib+0x5b719d], sa_mask[0]=11111111011111110111111111111111, sa_flags=SA_RESTART|SA_SIGINFO
SIGFPE: [libjvm.dylib+0x48c8fc], sa_mask[0]=11111111011111110111111111111111, sa_flags=SA_RESTART|SA_SIGINFO
SIGPIPE: [libjvm.dylib+0x48c8fc], sa_mask[0]=11111111011111110111111111111111, sa_flags=SA_RESTART|SA_SIGINFO
SIGXFSZ: [libjvm.dylib+0x48c8fc], sa_mask[0]=11111111011111110111111111111111, sa_flags=SA_RESTART|SA_SIGINFO
SIGILL: [libjvm.dylib+0x48c8fc], sa_mask[0]=11111111011111110111111111111111, sa_flags=SA_RESTART|SA_SIGINFO
SIGUSR1: SIG_DFL, sa_mask[0]=00000000000000000000000000000000, sa_flags=none
SIGUSR2: [libjvm.dylib+0x48c41a], sa_mask[0]=11100100000001110111111111011111, sa_flags=SA_RESTART|SA_SIGINFO
SIGHUP: [libjvm.dylib+0x48a9a5], sa_mask[0]=11111111011111110111111111111111, sa_flags=SA_RESTART|SA_SIGINFO
SIGINT: [libjvm.dylib+0x48a9a5], sa_mask[0]=11111111011111110111111111111111, sa_flags=SA_RESTART|SA_SIGINFO
SIGTERM: [libjvm.dylib+0x48a9a5], sa_mask[0]=11111111011111110111111111111111, sa_flags=SA_RESTART|SA_SIGINFO
SIGQUIT: [libjvm.dylib+0x48a9a5], sa_mask[0]=11111111011111110111111111111111, sa_flags=SA_RESTART|SA_SIGINFO


---------------  S Y S T E M  ---------------

OS:Bsduname:Darwin 20.6.0 Darwin Kernel Version 20.6.0: Wed Jun 23 00:26:31 PDT 2021; root:xnu-7195.141.2~5/RELEASE_X86_64 x86_64
rlimit: STACK 8192k, CORE 0k, NPROC 1392, NOFILE 10240, AS infinity
load average:2.31 2.73 2.81

CPU:total 8 (initial active 8) (4 cores per cpu, 2 threads per core) family 6 model 142 stepping 10, cmov, cx8, fxsr, mmx, sse, sse2, sse3, ssse3, sse4.1, sse4.2, popcnt, avx, avx2, aes, clmul, erms, 3dnowpref, lzcnt, ht, tsc, tscinvbit, bmi1, bmi2, adx

Memory: 4k page, physical 8388608k(76328k free)

/proc/meminfo:


vm_info: Java HotSpot(TM) 64-Bit Server VM (25.202-b08) for bsd-amd64 JRE (1.8.0_202-b08), built on Dec 15 2018 20:16:16 by "java_re" with gcc 4.2.1 (Based on Apple Inc. build 5658) (LLVM build 2336.11.00)

time: Mon Aug 16 14:05:45 2021
timezone: CEST
elapsed time: 5709 seconds (0d 1h 35m 9s)

